-- Install configuration: ""
-- Up-to-date: /home/zac/ws_zac/install/rfl_description/share/ament_index/resource_index/package_run_dependencies/rfl_description
-- Up-to-date: /home/zac/ws_zac/install/rfl_description/share/ament_index/resource_index/parent_prefix_path/rfl_description
-- Up-to-date: /home/zac/ws_zac/install/rfl_description/share/rfl_description/environment/ament_prefix_path.dsv
-- Up-to-date: /home/zac/ws_zac/install/rfl_description/share/rfl_description/environment/path.dsv
-- Up-to-date: /home/zac/ws_zac/install/rfl_description/share/rfl_description/local_setup.bash
-- Up-to-date: /home/zac/ws_zac/install/rfl_description/share/rfl_description/local_setup.sh
-- Up-to-date: /home/zac/ws_zac/install/rfl_description/share/rfl_description/local_setup.zsh
-- Up-to-date: /home/zac/ws_zac/install/rfl_description/share/rfl_description/local_setup.dsv
-- Installing: /home/zac/ws_zac/install/rfl_description/share/rfl_description/package.dsv
-- Up-to-date: /home/zac/ws_zac/install/rfl_description/share/ament_index/resource_index/packages/rfl_description
-- Up-to-date: /home/zac/ws_zac/install/rfl_description/share/rfl_description/cmake/rfl_descriptionConfig.cmake
-- Up-to-date: /home/zac/ws_zac/install/rfl_description/share/rfl_description/cmake/rfl_descriptionConfig-version.cmake
-- Up-to-date: /home/zac/ws_zac/install/rfl_description/share/rfl_description/package.xml
-- Up-to-date: /home/zac/ws_zac/install/rfl_description/share/rfl_description/launch
-- Up-to-date: /home/zac/ws_zac/install/rfl_description/share/rfl_description/launch/display.launch
-- Up-to-date: /home/zac/ws_zac/install/rfl_description/share/rfl_description/meshes
-- Up-to-date: /home/zac/ws_zac/install/rfl_description/share/rfl_description/meshes/visual
-- Up-to-date: /home/zac/ws_zac/install/rfl_description/share/rfl_description/meshes/visual/link_4.stl
-- Up-to-date: /home/zac/ws_zac/install/rfl_description/share/rfl_description/meshes/visual/rfl_floor_and_columns.stl
-- Up-to-date: /home/zac/ws_zac/install/rfl_description/share/rfl_description/meshes/visual/link_6.stl
-- Up-to-date: /home/zac/ws_zac/install/rfl_description/share/rfl_description/meshes/visual/group2_xy_cart.stl
-- Up-to-date: /home/zac/ws_zac/install/rfl_description/share/rfl_description/meshes/visual/link_2.stl
-- Up-to-date: /home/zac/ws_zac/install/rfl_description/share/rfl_description/meshes/visual/base_link.stl
-- Up-to-date: /home/zac/ws_zac/install/rfl_description/share/rfl_description/meshes/visual/x_rail.stl
-- Up-to-date: /home/zac/ws_zac/install/rfl_description/share/rfl_description/meshes/visual/group2_z_axis.stl
-- Up-to-date: /home/zac/ws_zac/install/rfl_description/share/rfl_description/meshes/visual/group1_z_axis.stl
-- Up-to-date: /home/zac/ws_zac/install/rfl_description/share/rfl_description/meshes/visual/y_gantry.stl
-- Up-to-date: /home/zac/ws_zac/install/rfl_description/share/rfl_description/meshes/visual/link_5.stl
-- Up-to-date: /home/zac/ws_zac/install/rfl_description/share/rfl_description/meshes/visual/link_3.stl
-- Up-to-date: /home/zac/ws_zac/install/rfl_description/share/rfl_description/meshes/visual/group1_xy_cart.stl
-- Up-to-date: /home/zac/ws_zac/install/rfl_description/share/rfl_description/meshes/visual/link_1.stl
-- Up-to-date: /home/zac/ws_zac/install/rfl_description/share/rfl_description/meshes/collision
-- Up-to-date: /home/zac/ws_zac/install/rfl_description/share/rfl_description/meshes/collision/base_link.3dm
-- Up-to-date: /home/zac/ws_zac/install/rfl_description/share/rfl_description/meshes/collision/link_3.3dm
-- Up-to-date: /home/zac/ws_zac/install/rfl_description/share/rfl_description/meshes/collision/link_2.obj
-- Up-to-date: /home/zac/ws_zac/install/rfl_description/share/rfl_description/meshes/collision/rfl_floor_and_columns.stl
-- Up-to-date: /home/zac/ws_zac/install/rfl_description/share/rfl_description/meshes/collision/link_3.obj
-- Up-to-date: /home/zac/ws_zac/install/rfl_description/share/rfl_description/meshes/collision/ViewCapture20230426_150019.jpg
-- Up-to-date: /home/zac/ws_zac/install/rfl_description/share/rfl_description/meshes/collision/link_1.obj
-- Up-to-date: /home/zac/ws_zac/install/rfl_description/share/rfl_description/meshes/collision/group2_xy_cart.stl
-- Up-to-date: /home/zac/ws_zac/install/rfl_description/share/rfl_description/meshes/collision/link_4.3dm
-- Up-to-date: /home/zac/ws_zac/install/rfl_description/share/rfl_description/meshes/collision/link_5.obj
-- Up-to-date: /home/zac/ws_zac/install/rfl_description/share/rfl_description/meshes/collision/x_rail.stl
-- Up-to-date: /home/zac/ws_zac/install/rfl_description/share/rfl_description/meshes/collision/group1_z_axis.stlbak
-- Up-to-date: /home/zac/ws_zac/install/rfl_description/share/rfl_description/meshes/collision/link_6.obj
-- Up-to-date: /home/zac/ws_zac/install/rfl_description/share/rfl_description/meshes/collision/group2_z_axis.stl
-- Up-to-date: /home/zac/ws_zac/install/rfl_description/share/rfl_description/meshes/collision/base_link.obj
-- Up-to-date: /home/zac/ws_zac/install/rfl_description/share/rfl_description/meshes/collision/link_2.3dm
-- Up-to-date: /home/zac/ws_zac/install/rfl_description/share/rfl_description/meshes/collision/group1_z_axis.stl
-- Up-to-date: /home/zac/ws_zac/install/rfl_description/share/rfl_description/meshes/collision/y_gantry.stl
-- Up-to-date: /home/zac/ws_zac/install/rfl_description/share/rfl_description/meshes/collision/ViewCapture20230426_150623.jpg
-- Up-to-date: /home/zac/ws_zac/install/rfl_description/share/rfl_description/meshes/collision/ViewCapture20230426_150142.jpg
-- Up-to-date: /home/zac/ws_zac/install/rfl_description/share/rfl_description/meshes/collision/link_1.3dm
-- Up-to-date: /home/zac/ws_zac/install/rfl_description/share/rfl_description/meshes/collision/group1_xy_cart.stl
-- Up-to-date: /home/zac/ws_zac/install/rfl_description/share/rfl_description/meshes/collision/group1_z_axis.3dm
-- Up-to-date: /home/zac/ws_zac/install/rfl_description/share/rfl_description/meshes/collision/link_4.obj
-- Up-to-date: /home/zac/ws_zac/install/rfl_description/share/rfl_description/urdf
-- Up-to-date: /home/zac/ws_zac/install/rfl_description/share/rfl_description/urdf/rfl.srdf
-- Up-to-date: /home/zac/ws_zac/install/rfl_description/share/rfl_description/urdf/rfl_pybullet.urdf
-- Up-to-date: /home/zac/ws_zac/install/rfl_description/share/rfl_description/urdf/bridge_macro.xacro
-- Installing: /home/zac/ws_zac/install/rfl_description/share/rfl_description/urdf/rfl.xacro
-- Installing: /home/zac/ws_zac/install/rfl_description/share/rfl_description/urdf/rfl.urdf
-- Installing: /home/zac/ws_zac/install/rfl_description/share/rfl_description/urdf/cart_macro.xacro
-- Up-to-date: /home/zac/ws_zac/install/rfl_description/share/rfl_description/rviz
-- Up-to-date: /home/zac/ws_zac/install/rfl_description/share/rfl_description/rviz/urdf.rviz
