-- The C compiler identification is GNU 11.3.0
-- The CXX compiler identification is GNU 11.3.0
-- Detecting C compiler ABI info
-- Detecting C compiler ABI info - done
-- Check for working C compiler: /usr/bin/cc - skipped
-- Detecting C compile features
-- Detecting C compile features - done
-- Detecting CXX compiler ABI info
-- Detecting CXX compiler ABI info - done
-- Check for working CXX compiler: /usr/bin/c++ - skipped
-- Detecting CXX compile features
-- Detecting CXX compile features - done
-- Found ament_cmake: 1.3.4 (/home/zac/ros2_humble/install/ament_cmake/share/ament_cmake/cmake)
-- Found Python3: /usr/bin/python3.10 (found version "3.10.6") found components: Interpreter 
-- Found ament_cmake_gtest: 1.3.4 (/home/zac/ros2_humble/install/ament_cmake_gtest/share/ament_cmake_gtest/cmake)
-- Found ament_lint_auto: 0.12.6 (/home/zac/ros2_humble/install/ament_lint_auto/share/ament_lint_auto/cmake)
-- Found rclcpp: 16.0.4 (/home/zac/ros2_humble/install/rclcpp/share/rclcpp/cmake)
-- Found rosidl_generator_c: 3.1.4 (/home/zac/ros2_humble/install/rosidl_generator_c/share/rosidl_generator_c/cmake)
-- Found rosidl_adapter: 3.1.4 (/home/zac/ros2_humble/install/rosidl_adapter/share/rosidl_adapter/cmake)
-- Found rosidl_generator_cpp: 3.1.4 (/home/zac/ros2_humble/install/rosidl_generator_cpp/share/rosidl_generator_cpp/cmake)
-- Using all available rosidl_typesupport_c: rosidl_typesupport_introspection_c;rosidl_typesupport_fastrtps_c
-- Using all available rosidl_typesupport_cpp: rosidl_typesupport_introspection_cpp;rosidl_typesupport_fastrtps_cpp
-- Found rmw_implementation_cmake: 6.1.1 (/home/zac/ros2_humble/install/rmw_implementation_cmake/share/rmw_implementation_cmake/cmake)
-- Found rmw_cyclonedds_cpp: 1.3.4 (/home/zac/ros2_humble/install/rmw_cyclonedds_cpp/share/rmw_cyclonedds_cpp/cmake)
-- Using RMW implementation 'rmw_cyclonedds_cpp' as default
-- Looking for pthread.h
-- Looking for pthread.h - found
-- Performing Test CMAKE_HAVE_LIBC_PTHREAD
-- Performing Test CMAKE_HAVE_LIBC_PTHREAD - Success
-- Found Threads: TRUE  
-- Found ros_testing: 0.4.0 (/home/zac/ros2_humble/install/ros_testing/share/ros_testing/cmake)
-- Found launch_testing_ament_cmake: 1.0.4 (/home/zac/ros2_humble/install/launch_testing_ament_cmake/share/launch_testing_ament_cmake/cmake)
-- Found python_cmake_module: 0.10.0 (/home/zac/ros2_humble/install/python_cmake_module/share/python_cmake_module/cmake)
-- Found PythonInterp: /usr/bin/python3 (found suitable version "3.10.6", minimum required is "3.6") 
-- Found PythonLibs: /usr/lib/x86_64-linux-gnu/libpython3.10.so (found suitable version "3.10.6", minimum required is "3.5") 
-- Using PYTHON_EXECUTABLE: /usr/bin/python3
-- Using PYTHON_INCLUDE_DIRS: /usr/include/python3.10
-- Using PYTHON_LIBRARIES: /usr/lib/x86_64-linux-gnu/libpython3.10.so
-- Found PythonExtra: .so  
-- Found trajectory_msgs: 4.2.3 (/home/zac/ros2_humble/install/trajectory_msgs/share/trajectory_msgs/cmake)
-- Found gtest sources under '/home/zac/ros2_humble/install/gtest_vendor/src/gtest_vendor': C++ tests using 'Google Test' will be built
-- Configuring done
-- Generating done
-- Build files have been written to: /home/zac/ws_zac/build/abb_bringup
[ 16%] [32mBuilding CXX object gtest/CMakeFiles/gtest_main.dir/src/gtest_main.cc.o[0m
[ 33%] [32mBuilding CXX object gtest/CMakeFiles/gtest.dir/src/gtest-all.cc.o[0m
[ 50%] [32m[1mLinking CXX static library libgtest_main.a[0m
[ 50%] Built target gtest_main
[ 66%] [32m[1mLinking CXX static library libgtest.a[0m
[ 66%] Built target gtest
[ 83%] [32mBuilding CXX object CMakeFiles/test_command_topics.dir/test/test_command_topics.cpp.o[0m
[100%] [32m[1mLinking CXX executable test_command_topics[0m
[100%] Built target test_command_topics
-- Install configuration: ""
-- Installing: /home/zac/ws_zac/install/abb_bringup/share/abb_bringup/config
-- Installing: /home/zac/ws_zac/install/abb_bringup/share/abb_bringup/config/abb_controllers.yaml
-- Installing: /home/zac/ws_zac/install/abb_bringup/share/abb_bringup/launch
-- Installing: /home/zac/ws_zac/install/abb_bringup/share/abb_bringup/launch/abb_control.launch.py
-- Installing: /home/zac/ws_zac/install/abb_bringup/share/abb_bringup/launch/abb_moveit.launch.py
-- Installing: /home/zac/ws_zac/install/abb_bringup/share/abb_bringup/launch/abb_rws_client.launch.py
-- Installing: /home/zac/ws_zac/install/abb_bringup/share/ament_index/resource_index/package_run_dependencies/abb_bringup
-- Installing: /home/zac/ws_zac/install/abb_bringup/share/ament_index/resource_index/parent_prefix_path/abb_bringup
-- Installing: /home/zac/ws_zac/install/abb_bringup/share/abb_bringup/environment/ament_prefix_path.sh
-- Installing: /home/zac/ws_zac/install/abb_bringup/share/abb_bringup/environment/ament_prefix_path.dsv
-- Installing: /home/zac/ws_zac/install/abb_bringup/share/abb_bringup/environment/path.sh
-- Installing: /home/zac/ws_zac/install/abb_bringup/share/abb_bringup/environment/path.dsv
-- Installing: /home/zac/ws_zac/install/abb_bringup/share/abb_bringup/local_setup.bash
-- Installing: /home/zac/ws_zac/install/abb_bringup/share/abb_bringup/local_setup.sh
-- Installing: /home/zac/ws_zac/install/abb_bringup/share/abb_bringup/local_setup.zsh
-- Installing: /home/zac/ws_zac/install/abb_bringup/share/abb_bringup/local_setup.dsv
-- Installing: /home/zac/ws_zac/install/abb_bringup/share/abb_bringup/package.dsv
-- Installing: /home/zac/ws_zac/install/abb_bringup/share/ament_index/resource_index/packages/abb_bringup
-- Installing: /home/zac/ws_zac/install/abb_bringup/share/abb_bringup/cmake/ament_cmake_export_dependencies-extras.cmake
-- Installing: /home/zac/ws_zac/install/abb_bringup/share/abb_bringup/cmake/abb_bringupConfig.cmake
-- Installing: /home/zac/ws_zac/install/abb_bringup/share/abb_bringup/cmake/abb_bringupConfig-version.cmake
-- Installing: /home/zac/ws_zac/install/abb_bringup/share/abb_bringup/package.xml
