[0.137s] Invoking command in '/home/zac/ws_zac/build/turtlesim': CMAKE_PREFIX_PATH=${CMAKE_PREFIX_PATH}:/home/zac/ws_moveit2/install/moveit_configs_utils:/home/zac/ws_moveit2/install/launch_param_builder:/home/zac/ros2_humble/install/rqt_bag_plugins:/home/zac/ros2_humble/install/rqt_bag:/home/zac/ros2_humble/install/ros2bag:/home/zac/ros2_humble/install/tracetools_test:/home/zac/ros2_humble/install/tracetools_launch:/home/zac/ros2_humble/install/topic_monitor:/home/zac/ros2_humble/install/tf2_tools:/home/zac/ros2_humble/install/examples_tf2_py:/home/zac/ros2_humble/install/tf2_ros_py:/home/zac/ros2_humble/install/sros2:/home/zac/ros2_humble/install/rqt_topic:/home/zac/ros2_humble/install/rqt_srv:/home/zac/ros2_humble/install/rqt_shell:/home/zac/ros2_humble/install/rqt_service_caller:/home/zac/ros2_humble/install/rqt_reconfigure:/home/zac/ros2_humble/install/rqt_py_console:/home/zac/ros2_humble/install/rqt_publisher:/home/zac/ros2_humble/install/rqt_plot:/home/zac/ros2_humble/install/rqt_action:/home/zac/ros2_humble/install/rqt_msg:/home/zac/ros2_humble/install/rqt_console:/home/zac/ros2_humble/install/rqt:/home/zac/ros2_humble/install/rqt_graph:/home/zac/ros2_humble/install/rqt_gui_py:/home/zac/ros2_humble/install/rqt_gui:/home/zac/ros2_humble/install/ros2trace:/home/zac/ros2_humble/install/ros2topic:/home/zac/ros2_humble/install/ros2test:/home/zac/ros2_humble/install/ros2component:/home/zac/ros2_humble/install/ros2param:/home/zac/ros2_humble/install/ros2lifecycle:/home/zac/ros2_humble/install/ros2service:/home/zac/ros2_humble/install/ros2run:/home/zac/ros2_humble/install/ros2launch:/home/zac/ros2_humble/install/ros2pkg:/home/zac/ros2_humble/install/ros2node:/home/zac/ros2_humble/install/ros2multicast:/home/zac/ros2_humble/install/ros2interface:/home/zac/ros2_humble/install/ros2doctor:/home/zac/ros2_humble/install/ros2action:/home/zac/ros2_humble/install/ros2cli:/home/zac/ros2_humble/install/quality_of_service_demo_py:/home/zac/ros2_humble/install/lifecycle_py:/home/zac/ros2_humble/install/launch_testing_ros:/home/zac/ros2_humble/install/launch_ros:/home/zac/ros2_humble/install/examples_rclpy_pointcloud_publisher:/home/zac/ros2_humble/install/examples_rclpy_minimal_subscriber:/home/zac/ros2_humble/install/examples_rclpy_minimal_service:/home/zac/ros2_humble/install/examples_rclpy_minimal_publisher:/home/zac/ros2_humble/install/examples_rclpy_minimal_client:/home/zac/ros2_humble/install/examples_rclpy_minimal_action_server:/home/zac/ros2_humble/install/examples_rclpy_minimal_action_client:/home/zac/ros2_humble/install/examples_rclpy_guard_conditions:/home/zac/ros2_humble/install/examples_rclpy_executors:/home/zac/ros2_humble/install/demo_nodes_py:/home/zac/ros2_humble/install/action_tutorials_py:/home/zac/ros2_humble/install/ament_uncrustify:/home/zac/ros2_humble/install/tracetools_trace:/home/zac/ros2_humble/install/tracetools_read:/home/zac/ros2_humble/install/test_tracetools_launch:/home/zac/ros2_humble/install/test_launch_ros:/home/zac/ros2_humble/install/sensor_msgs_py:/home/zac/ros2_humble/install/rpyutils:/home/zac/ros2_humble/install/rosidl_runtime_py:/home/zac/ros2_humble/install/rosidl_cli:/home/zac/ros2_humble/install/launch_pytest:/home/zac/ros2_humble/install/launch_testing:/home/zac/ros2_humble/install/launch_yaml:/home/zac/ros2_humble/install/launch_xml:/home/zac/ros2_humble/install/launch:/home/zac/ros2_humble/install/osrf_pycommon:/home/zac/ros2_humble/install/launch_testing_examples:/home/zac/ros2_humble/install/domain_coordinator:/home/zac/ros2_humble/install/ament_xmllint:/home/zac/ros2_humble/install/ament_pyflakes:/home/zac/ros2_humble/install/ament_pycodestyle:/home/zac/ros2_humble/install/ament_pep257:/home/zac/ros2_humble/install/ament_pclint:/home/zac/ros2_humble/install/ament_package:/home/zac/ros2_humble/install/ament_mypy:/home/zac/ros2_humble/install/ament_lint_cmake:/home/zac/ros2_humble/install/ament_flake8:/home/zac/ros2_humble/install/ament_copyright:/home/zac/ros2_humble/install/ament_lint:/home/zac/ros2_humble/install/ament_index_python:/home/zac/ros2_humble/install/ament_cpplint:/home/zac/ros2_humble/install/ament_cppcheck:/home/zac/ros2_humble/install/ament_clang_tidy:/home/zac/ros2_humble/install/ament_clang_format:/opt/ros/humble /usr/bin/cmake /home/zac/ws_zac/src/ros_tutorials/turtlesim -DCMAKE_INSTALL_PREFIX=/home/zac/ws_zac/install/turtlesim
[0.419s] -- The C compiler identification is GNU 11.3.0
[1.837s] -- The CXX compiler identification is GNU 11.3.0
[3.214s] -- Detecting C compiler ABI info
[3.479s] -- Detecting C compiler ABI info - done
[3.487s] -- Check for working C compiler: /usr/bin/cc - skipped
[3.488s] -- Detecting C compile features
[3.488s] -- Detecting C compile features - done
[3.492s] -- Detecting CXX compiler ABI info
[3.899s] -- Detecting CXX compiler ABI info - done
[3.905s] -- Check for working CXX compiler: /usr/bin/c++ - skipped
[3.905s] -- Detecting CXX compile features
[3.906s] -- Detecting CXX compile features - done
[3.919s] -- Found ament_cmake: 1.3.4 (/home/zac/ros2_humble/install/ament_cmake/share/ament_cmake/cmake)
[4.577s] -- Found Python3: /usr/bin/python3.10 (found version "3.10.6") found components: Interpreter 
[5.049s] -- Found ament_index_cpp: 1.4.0 (/home/zac/ros2_humble/install/ament_index_cpp/share/ament_index_cpp/cmake)
[5.059s] -- Found geometry_msgs: 4.2.3 (/home/zac/ros2_humble/install/geometry_msgs/share/geometry_msgs/cmake)
[5.610s] -- Found rosidl_generator_c: 3.1.4 (/home/zac/ros2_humble/install/rosidl_generator_c/share/rosidl_generator_c/cmake)
[5.634s] -- Found rosidl_adapter: 3.1.4 (/home/zac/ros2_humble/install/rosidl_adapter/share/rosidl_adapter/cmake)
[5.662s] -- Found rosidl_generator_cpp: 3.1.4 (/home/zac/ros2_humble/install/rosidl_generator_cpp/share/rosidl_generator_cpp/cmake)
[5.745s] -- Using all available rosidl_typesupport_c: rosidl_typesupport_introspection_c;rosidl_typesupport_fastrtps_c
[5.830s] -- Using all available rosidl_typesupport_cpp: rosidl_typesupport_introspection_cpp;rosidl_typesupport_fastrtps_cpp
[6.251s] -- Found rclcpp: 16.0.4 (/home/zac/ros2_humble/install/rclcpp/share/rclcpp/cmake)
[6.405s] -- Found rmw_implementation_cmake: 6.1.1 (/home/zac/ros2_humble/install/rmw_implementation_cmake/share/rmw_implementation_cmake/cmake)
[6.454s] -- Found rmw_cyclonedds_cpp: 1.3.4 (/home/zac/ros2_humble/install/rmw_cyclonedds_cpp/share/rmw_cyclonedds_cpp/cmake)
[6.595s] -- Using RMW implementation 'rmw_cyclonedds_cpp' as default
[6.639s] -- Looking for pthread.h
[6.913s] -- Looking for pthread.h - found
[6.913s] -- Performing Test CMAKE_HAVE_LIBC_PTHREAD
[7.275s] -- Performing Test CMAKE_HAVE_LIBC_PTHREAD - Success
[7.277s] -- Found Threads: TRUE  
[7.502s] -- Found rclcpp_action: 16.0.4 (/home/zac/ros2_humble/install/rclcpp_action/share/rclcpp_action/cmake)
[7.629s] -- Found rosidl_default_generators: 1.2.0 (/home/zac/ros2_humble/install/rosidl_default_generators/share/rosidl_default_generators/cmake)
[7.778s] -- Found std_srvs: 4.2.3 (/home/zac/ros2_humble/install/std_srvs/share/std_srvs/cmake)
[8.623s] -- Found ament_cmake_ros: 0.10.0 (/home/zac/ros2_humble/install/ament_cmake_ros/share/ament_cmake_ros/cmake)
[9.361s] -- Using all available rosidl_typesupport_c: rosidl_typesupport_introspection_c;rosidl_typesupport_fastrtps_c
[9.668s] -- Using all available rosidl_typesupport_cpp: rosidl_typesupport_introspection_cpp;rosidl_typesupport_fastrtps_cpp
[10.051s] -- Found PythonInterp: /usr/bin/python3 (found suitable version "3.10.6", minimum required is "3.6") 
[10.063s] -- Found python_cmake_module: 0.10.0 (/home/zac/ros2_humble/install/python_cmake_module/share/python_cmake_module/cmake)
[11.042s] -- Found PythonLibs: /usr/lib/x86_64-linux-gnu/libpython3.10.so (found suitable version "3.10.6", minimum required is "3.5") 
[11.043s] -- Using PYTHON_EXECUTABLE: /usr/bin/python3
[11.043s] -- Using PYTHON_INCLUDE_DIRS: /usr/include/python3.10
[11.043s] -- Using PYTHON_LIBRARIES: /usr/lib/x86_64-linux-gnu/libpython3.10.so
[11.102s] -- Found PythonExtra: .so  
[12.247s] -- Configuring done
[12.319s] -- Generating done
[12.321s] -- Build files have been written to: /home/zac/ws_zac/build/turtlesim
[12.333s] Invoked command in '/home/zac/ws_zac/build/turtlesim' returned '0': CMAKE_PREFIX_PATH=${CMAKE_PREFIX_PATH}:/home/zac/ws_moveit2/install/moveit_configs_utils:/home/zac/ws_moveit2/install/launch_param_builder:/home/zac/ros2_humble/install/rqt_bag_plugins:/home/zac/ros2_humble/install/rqt_bag:/home/zac/ros2_humble/install/ros2bag:/home/zac/ros2_humble/install/tracetools_test:/home/zac/ros2_humble/install/tracetools_launch:/home/zac/ros2_humble/install/topic_monitor:/home/zac/ros2_humble/install/tf2_tools:/home/zac/ros2_humble/install/examples_tf2_py:/home/zac/ros2_humble/install/tf2_ros_py:/home/zac/ros2_humble/install/sros2:/home/zac/ros2_humble/install/rqt_topic:/home/zac/ros2_humble/install/rqt_srv:/home/zac/ros2_humble/install/rqt_shell:/home/zac/ros2_humble/install/rqt_service_caller:/home/zac/ros2_humble/install/rqt_reconfigure:/home/zac/ros2_humble/install/rqt_py_console:/home/zac/ros2_humble/install/rqt_publisher:/home/zac/ros2_humble/install/rqt_plot:/home/zac/ros2_humble/install/rqt_action:/home/zac/ros2_humble/install/rqt_msg:/home/zac/ros2_humble/install/rqt_console:/home/zac/ros2_humble/install/rqt:/home/zac/ros2_humble/install/rqt_graph:/home/zac/ros2_humble/install/rqt_gui_py:/home/zac/ros2_humble/install/rqt_gui:/home/zac/ros2_humble/install/ros2trace:/home/zac/ros2_humble/install/ros2topic:/home/zac/ros2_humble/install/ros2test:/home/zac/ros2_humble/install/ros2component:/home/zac/ros2_humble/install/ros2param:/home/zac/ros2_humble/install/ros2lifecycle:/home/zac/ros2_humble/install/ros2service:/home/zac/ros2_humble/install/ros2run:/home/zac/ros2_humble/install/ros2launch:/home/zac/ros2_humble/install/ros2pkg:/home/zac/ros2_humble/install/ros2node:/home/zac/ros2_humble/install/ros2multicast:/home/zac/ros2_humble/install/ros2interface:/home/zac/ros2_humble/install/ros2doctor:/home/zac/ros2_humble/install/ros2action:/home/zac/ros2_humble/install/ros2cli:/home/zac/ros2_humble/install/quality_of_service_demo_py:/home/zac/ros2_humble/install/lifecycle_py:/home/zac/ros2_humble/install/launch_testing_ros:/home/zac/ros2_humble/install/launch_ros:/home/zac/ros2_humble/install/examples_rclpy_pointcloud_publisher:/home/zac/ros2_humble/install/examples_rclpy_minimal_subscriber:/home/zac/ros2_humble/install/examples_rclpy_minimal_service:/home/zac/ros2_humble/install/examples_rclpy_minimal_publisher:/home/zac/ros2_humble/install/examples_rclpy_minimal_client:/home/zac/ros2_humble/install/examples_rclpy_minimal_action_server:/home/zac/ros2_humble/install/examples_rclpy_minimal_action_client:/home/zac/ros2_humble/install/examples_rclpy_guard_conditions:/home/zac/ros2_humble/install/examples_rclpy_executors:/home/zac/ros2_humble/install/demo_nodes_py:/home/zac/ros2_humble/install/action_tutorials_py:/home/zac/ros2_humble/install/ament_uncrustify:/home/zac/ros2_humble/install/tracetools_trace:/home/zac/ros2_humble/install/tracetools_read:/home/zac/ros2_humble/install/test_tracetools_launch:/home/zac/ros2_humble/install/test_launch_ros:/home/zac/ros2_humble/install/sensor_msgs_py:/home/zac/ros2_humble/install/rpyutils:/home/zac/ros2_humble/install/rosidl_runtime_py:/home/zac/ros2_humble/install/rosidl_cli:/home/zac/ros2_humble/install/launch_pytest:/home/zac/ros2_humble/install/launch_testing:/home/zac/ros2_humble/install/launch_yaml:/home/zac/ros2_humble/install/launch_xml:/home/zac/ros2_humble/install/launch:/home/zac/ros2_humble/install/osrf_pycommon:/home/zac/ros2_humble/install/launch_testing_examples:/home/zac/ros2_humble/install/domain_coordinator:/home/zac/ros2_humble/install/ament_xmllint:/home/zac/ros2_humble/install/ament_pyflakes:/home/zac/ros2_humble/install/ament_pycodestyle:/home/zac/ros2_humble/install/ament_pep257:/home/zac/ros2_humble/install/ament_pclint:/home/zac/ros2_humble/install/ament_package:/home/zac/ros2_humble/install/ament_mypy:/home/zac/ros2_humble/install/ament_lint_cmake:/home/zac/ros2_humble/install/ament_flake8:/home/zac/ros2_humble/install/ament_copyright:/home/zac/ros2_humble/install/ament_lint:/home/zac/ros2_humble/install/ament_index_python:/home/zac/ros2_humble/install/ament_cpplint:/home/zac/ros2_humble/install/ament_cppcheck:/home/zac/ros2_humble/install/ament_clang_tidy:/home/zac/ros2_humble/install/ament_clang_format:/opt/ros/humble /usr/bin/cmake /home/zac/ws_zac/src/ros_tutorials/turtlesim -DCMAKE_INSTALL_PREFIX=/home/zac/ws_zac/install/turtlesim
[12.333s] Invoking command in '/home/zac/ws_zac/build/turtlesim': CMAKE_PREFIX_PATH=${CMAKE_PREFIX_PATH}:/home/zac/ws_moveit2/install/moveit_configs_utils:/home/zac/ws_moveit2/install/launch_param_builder:/home/zac/ros2_humble/install/rqt_bag_plugins:/home/zac/ros2_humble/install/rqt_bag:/home/zac/ros2_humble/install/ros2bag:/home/zac/ros2_humble/install/tracetools_test:/home/zac/ros2_humble/install/tracetools_launch:/home/zac/ros2_humble/install/topic_monitor:/home/zac/ros2_humble/install/tf2_tools:/home/zac/ros2_humble/install/examples_tf2_py:/home/zac/ros2_humble/install/tf2_ros_py:/home/zac/ros2_humble/install/sros2:/home/zac/ros2_humble/install/rqt_topic:/home/zac/ros2_humble/install/rqt_srv:/home/zac/ros2_humble/install/rqt_shell:/home/zac/ros2_humble/install/rqt_service_caller:/home/zac/ros2_humble/install/rqt_reconfigure:/home/zac/ros2_humble/install/rqt_py_console:/home/zac/ros2_humble/install/rqt_publisher:/home/zac/ros2_humble/install/rqt_plot:/home/zac/ros2_humble/install/rqt_action:/home/zac/ros2_humble/install/rqt_msg:/home/zac/ros2_humble/install/rqt_console:/home/zac/ros2_humble/install/rqt:/home/zac/ros2_humble/install/rqt_graph:/home/zac/ros2_humble/install/rqt_gui_py:/home/zac/ros2_humble/install/rqt_gui:/home/zac/ros2_humble/install/ros2trace:/home/zac/ros2_humble/install/ros2topic:/home/zac/ros2_humble/install/ros2test:/home/zac/ros2_humble/install/ros2component:/home/zac/ros2_humble/install/ros2param:/home/zac/ros2_humble/install/ros2lifecycle:/home/zac/ros2_humble/install/ros2service:/home/zac/ros2_humble/install/ros2run:/home/zac/ros2_humble/install/ros2launch:/home/zac/ros2_humble/install/ros2pkg:/home/zac/ros2_humble/install/ros2node:/home/zac/ros2_humble/install/ros2multicast:/home/zac/ros2_humble/install/ros2interface:/home/zac/ros2_humble/install/ros2doctor:/home/zac/ros2_humble/install/ros2action:/home/zac/ros2_humble/install/ros2cli:/home/zac/ros2_humble/install/quality_of_service_demo_py:/home/zac/ros2_humble/install/lifecycle_py:/home/zac/ros2_humble/install/launch_testing_ros:/home/zac/ros2_humble/install/launch_ros:/home/zac/ros2_humble/install/examples_rclpy_pointcloud_publisher:/home/zac/ros2_humble/install/examples_rclpy_minimal_subscriber:/home/zac/ros2_humble/install/examples_rclpy_minimal_service:/home/zac/ros2_humble/install/examples_rclpy_minimal_publisher:/home/zac/ros2_humble/install/examples_rclpy_minimal_client:/home/zac/ros2_humble/install/examples_rclpy_minimal_action_server:/home/zac/ros2_humble/install/examples_rclpy_minimal_action_client:/home/zac/ros2_humble/install/examples_rclpy_guard_conditions:/home/zac/ros2_humble/install/examples_rclpy_executors:/home/zac/ros2_humble/install/demo_nodes_py:/home/zac/ros2_humble/install/action_tutorials_py:/home/zac/ros2_humble/install/ament_uncrustify:/home/zac/ros2_humble/install/tracetools_trace:/home/zac/ros2_humble/install/tracetools_read:/home/zac/ros2_humble/install/test_tracetools_launch:/home/zac/ros2_humble/install/test_launch_ros:/home/zac/ros2_humble/install/sensor_msgs_py:/home/zac/ros2_humble/install/rpyutils:/home/zac/ros2_humble/install/rosidl_runtime_py:/home/zac/ros2_humble/install/rosidl_cli:/home/zac/ros2_humble/install/launch_pytest:/home/zac/ros2_humble/install/launch_testing:/home/zac/ros2_humble/install/launch_yaml:/home/zac/ros2_humble/install/launch_xml:/home/zac/ros2_humble/install/launch:/home/zac/ros2_humble/install/osrf_pycommon:/home/zac/ros2_humble/install/launch_testing_examples:/home/zac/ros2_humble/install/domain_coordinator:/home/zac/ros2_humble/install/ament_xmllint:/home/zac/ros2_humble/install/ament_pyflakes:/home/zac/ros2_humble/install/ament_pycodestyle:/home/zac/ros2_humble/install/ament_pep257:/home/zac/ros2_humble/install/ament_pclint:/home/zac/ros2_humble/install/ament_package:/home/zac/ros2_humble/install/ament_mypy:/home/zac/ros2_humble/install/ament_lint_cmake:/home/zac/ros2_humble/install/ament_flake8:/home/zac/ros2_humble/install/ament_copyright:/home/zac/ros2_humble/install/ament_lint:/home/zac/ros2_humble/install/ament_index_python:/home/zac/ros2_humble/install/ament_cpplint:/home/zac/ros2_humble/install/ament_cppcheck:/home/zac/ros2_humble/install/ament_clang_tidy:/home/zac/ros2_humble/install/ament_clang_format:/opt/ros/humble /usr/bin/cmake --build /home/zac/ws_zac/build/turtlesim -- -j16 -l16
[12.390s] [  1%] [34m[1mGenerating C code for ROS interfaces[0m
[12.406s] [  2%] [34m[1mGenerating C++ code for ROS interfaces[0m
[12.417s] [  2%] Built target ament_cmake_python_copy_turtlesim
[12.827s] running egg_info
[12.828s] creating turtlesim.egg-info
[12.828s] writing turtlesim.egg-info/PKG-INFO
[12.828s] writing dependency_links to turtlesim.egg-info/dependency_links.txt
[12.828s] writing top-level names to turtlesim.egg-info/top_level.txt
[12.828s] writing manifest file 'turtlesim.egg-info/SOURCES.txt'
[12.830s] reading manifest file 'turtlesim.egg-info/SOURCES.txt'
[12.830s] writing manifest file 'turtlesim.egg-info/SOURCES.txt'
[12.858s] [  2%] Built target ament_cmake_python_build_turtlesim_egg
[13.249s] [  2%] Built target turtlesim__cpp
[13.268s] [  5%] [34m[1mGenerating C++ introspection for ROS interfaces[0m
[13.268s] [  4%] [34m[1mGenerating C++ type support for eProsima Fast-RTPS[0m
[13.268s] [  5%] [34m[1mGenerating C++ type support dispatch for ROS interfaces[0m
[13.384s] [  7%] [32mBuilding C object CMakeFiles/turtlesim__rosidl_generator_c.dir/rosidl_generator_c/turtlesim/msg/detail/pose__functions.c.o[0m
[13.384s] [  7%] [32mBuilding C object CMakeFiles/turtlesim__rosidl_generator_c.dir/rosidl_generator_c/turtlesim/srv/detail/teleport_absolute__functions.c.o[0m
[13.384s] [  8%] [32mBuilding C object CMakeFiles/turtlesim__rosidl_generator_c.dir/rosidl_generator_c/turtlesim/msg/detail/color__functions.c.o[0m
[13.384s] [  9%] [32mBuilding C object CMakeFiles/turtlesim__rosidl_generator_c.dir/rosidl_generator_c/turtlesim/srv/detail/set_pen__functions.c.o[0m
[13.385s] [ 10%] [32mBuilding C object CMakeFiles/turtlesim__rosidl_generator_c.dir/rosidl_generator_c/turtlesim/srv/detail/kill__functions.c.o[0m
[13.386s] [ 12%] [32mBuilding C object CMakeFiles/turtlesim__rosidl_generator_c.dir/rosidl_generator_c/turtlesim/srv/detail/teleport_relative__functions.c.o[0m
[13.386s] [ 12%] [32mBuilding C object CMakeFiles/turtlesim__rosidl_generator_c.dir/rosidl_generator_c/turtlesim/srv/detail/spawn__functions.c.o[0m
[13.386s] [ 13%] [32mBuilding C object CMakeFiles/turtlesim__rosidl_generator_c.dir/rosidl_generator_c/turtlesim/action/detail/rotate_absolute__functions.c.o[0m
[13.510s] [ 14%] [32m[1mLinking C shared library libturtlesim__rosidl_generator_c.so[0m
[13.723s] [ 14%] Built target turtlesim__rosidl_generator_c
[13.741s] [ 15%] [34m[1mGenerating C introspection for ROS interfaces[0m
[13.743s] [ 16%] [34m[1mGenerating C type support for eProsima Fast-RTPS[0m
[13.746s] [ 17%] [34m[1mGenerating C type support dispatch for ROS interfaces[0m
[13.957s] [ 19%] [32mBuilding CXX object CMakeFiles/turtlesim__rosidl_typesupport_cpp.dir/rosidl_typesupport_cpp/turtlesim/srv/teleport_relative__type_support.cpp.o[0m
[13.957s] [ 19%] [32mBuilding CXX object CMakeFiles/turtlesim__rosidl_typesupport_cpp.dir/rosidl_typesupport_cpp/turtlesim/srv/teleport_absolute__type_support.cpp.o[0m
[13.961s] [ 20%] [32mBuilding CXX object CMakeFiles/turtlesim__rosidl_typesupport_cpp.dir/rosidl_typesupport_cpp/turtlesim/srv/kill__type_support.cpp.o[0m
[13.961s] [ 22%] [32mBuilding CXX object CMakeFiles/turtlesim__rosidl_typesupport_cpp.dir/rosidl_typesupport_cpp/turtlesim/msg/pose__type_support.cpp.o[0m
[13.961s] [ 22%] [32mBuilding CXX object CMakeFiles/turtlesim__rosidl_typesupport_cpp.dir/rosidl_typesupport_cpp/turtlesim/action/rotate_absolute__type_support.cpp.o[0m
[13.961s] [ 23%] [32mBuilding CXX object CMakeFiles/turtlesim__rosidl_typesupport_cpp.dir/rosidl_typesupport_cpp/turtlesim/srv/spawn__type_support.cpp.o[0m
[13.962s] [ 24%] [32mBuilding CXX object CMakeFiles/turtlesim__rosidl_typesupport_cpp.dir/rosidl_typesupport_cpp/turtlesim/msg/color__type_support.cpp.o[0m
[13.962s] [ 25%] [32mBuilding CXX object CMakeFiles/turtlesim__rosidl_typesupport_cpp.dir/rosidl_typesupport_cpp/turtlesim/srv/set_pen__type_support.cpp.o[0m
[14.293s] [ 26%] [32mBuilding CXX object CMakeFiles/turtlesim__rosidl_typesupport_introspection_cpp.dir/rosidl_typesupport_introspection_cpp/turtlesim/action/detail/rotate_absolute__type_support.cpp.o[0m
[14.299s] [ 27%] [32mBuilding CXX object CMakeFiles/turtlesim__rosidl_typesupport_introspection_cpp.dir/rosidl_typesupport_introspection_cpp/turtlesim/msg/detail/pose__type_support.cpp.o[0m
[14.300s] [ 28%] [32mBuilding CXX object CMakeFiles/turtlesim__rosidl_typesupport_introspection_cpp.dir/rosidl_typesupport_introspection_cpp/turtlesim/msg/detail/color__type_support.cpp.o[0m
[14.313s] [ 29%] [32mBuilding CXX object CMakeFiles/turtlesim__rosidl_typesupport_introspection_cpp.dir/rosidl_typesupport_introspection_cpp/turtlesim/srv/detail/kill__type_support.cpp.o[0m
[14.387s] [ 30%] [32mBuilding CXX object CMakeFiles/turtlesim__rosidl_typesupport_introspection_cpp.dir/rosidl_typesupport_introspection_cpp/turtlesim/srv/detail/set_pen__type_support.cpp.o[0m
[14.396s] [ 31%] [32mBuilding CXX object CMakeFiles/turtlesim__rosidl_typesupport_introspection_cpp.dir/rosidl_typesupport_introspection_cpp/turtlesim/srv/detail/spawn__type_support.cpp.o[0m
[14.397s] [ 32%] [32mBuilding CXX object CMakeFiles/turtlesim__rosidl_typesupport_introspection_cpp.dir/rosidl_typesupport_introspection_cpp/turtlesim/srv/detail/teleport_absolute__type_support.cpp.o[0m
[14.428s] [ 33%] [32mBuilding CXX object CMakeFiles/turtlesim__rosidl_typesupport_introspection_cpp.dir/rosidl_typesupport_introspection_cpp/turtlesim/srv/detail/teleport_relative__type_support.cpp.o[0m
[14.549s] [ 34%] [32mBuilding CXX object CMakeFiles/turtlesim__rosidl_typesupport_fastrtps_cpp.dir/rosidl_typesupport_fastrtps_cpp/turtlesim/action/detail/dds_fastrtps/rotate_absolute__type_support.cpp.o[0m
[14.552s] [ 35%] [32mBuilding CXX object CMakeFiles/turtlesim__rosidl_typesupport_fastrtps_cpp.dir/rosidl_typesupport_fastrtps_cpp/turtlesim/srv/detail/dds_fastrtps/kill__type_support.cpp.o[0m
[14.552s] [ 36%] [32mBuilding CXX object CMakeFiles/turtlesim__rosidl_typesupport_fastrtps_cpp.dir/rosidl_typesupport_fastrtps_cpp/turtlesim/msg/detail/dds_fastrtps/color__type_support.cpp.o[0m
[14.562s] [ 37%] [32mBuilding CXX object CMakeFiles/turtlesim__rosidl_typesupport_fastrtps_cpp.dir/rosidl_typesupport_fastrtps_cpp/turtlesim/msg/detail/dds_fastrtps/pose__type_support.cpp.o[0m
[14.764s] [ 38%] [32m[1mLinking CXX shared library libturtlesim__rosidl_typesupport_cpp.so[0m
[14.862s] [ 39%] [32mBuilding CXX object CMakeFiles/turtlesim__rosidl_typesupport_fastrtps_cpp.dir/rosidl_typesupport_fastrtps_cpp/turtlesim/srv/detail/dds_fastrtps/set_pen__type_support.cpp.o[0m
[14.895s] [ 40%] [32mBuilding CXX object CMakeFiles/turtlesim__rosidl_typesupport_fastrtps_cpp.dir/rosidl_typesupport_fastrtps_cpp/turtlesim/srv/detail/dds_fastrtps/spawn__type_support.cpp.o[0m
[14.919s] [ 41%] [32mBuilding CXX object CMakeFiles/turtlesim__rosidl_typesupport_fastrtps_cpp.dir/rosidl_typesupport_fastrtps_cpp/turtlesim/srv/detail/dds_fastrtps/teleport_absolute__type_support.cpp.o[0m
[14.979s] [ 42%] [32mBuilding CXX object CMakeFiles/turtlesim__rosidl_typesupport_fastrtps_cpp.dir/rosidl_typesupport_fastrtps_cpp/turtlesim/srv/detail/dds_fastrtps/teleport_relative__type_support.cpp.o[0m
[15.025s] [ 43%] [32mBuilding CXX object CMakeFiles/turtlesim__rosidl_typesupport_c.dir/rosidl_typesupport_c/turtlesim/action/rotate_absolute__type_support.cpp.o[0m
[15.028s] [ 44%] [32mBuilding CXX object CMakeFiles/turtlesim__rosidl_typesupport_c.dir/rosidl_typesupport_c/turtlesim/msg/pose__type_support.cpp.o[0m
[15.030s] [ 45%] [32mBuilding CXX object CMakeFiles/turtlesim__rosidl_typesupport_c.dir/rosidl_typesupport_c/turtlesim/srv/kill__type_support.cpp.o[0m
[15.047s] [ 46%] [32mBuilding CXX object CMakeFiles/turtlesim__rosidl_typesupport_c.dir/rosidl_typesupport_c/turtlesim/msg/color__type_support.cpp.o[0m
[15.100s] [ 48%] [32mBuilding CXX object CMakeFiles/turtlesim__rosidl_typesupport_c.dir/rosidl_typesupport_c/turtlesim/srv/spawn__type_support.cpp.o[0m
[15.101s] [ 48%] [32mBuilding CXX object CMakeFiles/turtlesim__rosidl_typesupport_c.dir/rosidl_typesupport_c/turtlesim/srv/set_pen__type_support.cpp.o[0m
[15.108s] [ 49%] [32mBuilding CXX object CMakeFiles/turtlesim__rosidl_typesupport_c.dir/rosidl_typesupport_c/turtlesim/srv/teleport_absolute__type_support.cpp.o[0m
[15.129s] [ 50%] [32mBuilding CXX object CMakeFiles/turtlesim__rosidl_typesupport_c.dir/rosidl_typesupport_c/turtlesim/srv/teleport_relative__type_support.cpp.o[0m
[15.133s] [ 50%] Built target turtlesim__rosidl_typesupport_cpp
[15.188s] [ 51%] [32m[1mLinking CXX shared library libturtlesim__rosidl_typesupport_c.so[0m
[15.191s] [ 52%] [34m[1mGenerating include/turtlesim/moc_turtle_frame.cpp[0m
[15.195s] [ 54%] [32mBuilding CXX object CMakeFiles/draw_square.dir/tutorials/draw_square.cpp.o[0m
[15.195s] [ 54%] [32mBuilding CXX object CMakeFiles/turtle_teleop_key.dir/tutorials/teleop_turtle_key.cpp.o[0m
[15.213s] [ 55%] [32m[1mLinking CXX shared library libturtlesim__rosidl_typesupport_introspection_cpp.so[0m
[15.281s] [ 56%] [32mBuilding C object CMakeFiles/turtlesim__rosidl_typesupport_introspection_c.dir/rosidl_typesupport_introspection_c/turtlesim/action/detail/rotate_absolute__type_support.c.o[0m
[15.291s] [ 57%] [32mBuilding C object CMakeFiles/turtlesim__rosidl_typesupport_introspection_c.dir/rosidl_typesupport_introspection_c/turtlesim/msg/detail/color__type_support.c.o[0m
[15.294s] [ 58%] [32mBuilding C object CMakeFiles/turtlesim__rosidl_typesupport_introspection_c.dir/rosidl_typesupport_introspection_c/turtlesim/msg/detail/pose__type_support.c.o[0m
[15.305s] [ 59%] [32mBuilding CXX object CMakeFiles/mimic.dir/tutorials/mimic.cpp.o[0m
[15.308s] [ 60%] [32mBuilding C object CMakeFiles/turtlesim__rosidl_typesupport_introspection_c.dir/rosidl_typesupport_introspection_c/turtlesim/srv/detail/kill__type_support.c.o[0m
[15.326s] [ 61%] [32mBuilding CXX object CMakeFiles/turtlesim_node.dir/src/turtlesim.cpp.o[0m
[15.340s] [ 62%] [32mBuilding CXX object CMakeFiles/turtlesim__rosidl_typesupport_fastrtps_c.dir/rosidl_typesupport_fastrtps_c/turtlesim/action/detail/rotate_absolute__type_support_c.cpp.o[0m
[15.372s] [ 63%] [32mBuilding CXX object CMakeFiles/turtlesim__rosidl_typesupport_fastrtps_c.dir/rosidl_typesupport_fastrtps_c/turtlesim/msg/detail/color__type_support_c.cpp.o[0m
[15.378s] [ 64%] [32mBuilding C object CMakeFiles/turtlesim__rosidl_typesupport_introspection_c.dir/rosidl_typesupport_introspection_c/turtlesim/srv/detail/spawn__type_support.c.o[0m
[15.381s] [ 65%] [32mBuilding C object CMakeFiles/turtlesim__rosidl_typesupport_introspection_c.dir/rosidl_typesupport_introspection_c/turtlesim/srv/detail/set_pen__type_support.c.o[0m
[15.401s] [ 66%] [32mBuilding C object CMakeFiles/turtlesim__rosidl_typesupport_introspection_c.dir/rosidl_typesupport_introspection_c/turtlesim/srv/detail/teleport_absolute__type_support.c.o[0m
[15.421s] [ 67%] [32mBuilding C object CMakeFiles/turtlesim__rosidl_typesupport_introspection_c.dir/rosidl_typesupport_introspection_c/turtlesim/srv/detail/teleport_relative__type_support.c.o[0m
[15.452s] [ 69%] [32mBuilding CXX object CMakeFiles/turtlesim_node.dir/src/turtle.cpp.o[0m
[15.452s] [ 69%] [32mBuilding CXX object CMakeFiles/turtlesim__rosidl_typesupport_fastrtps_c.dir/rosidl_typesupport_fastrtps_c/turtlesim/msg/detail/pose__type_support_c.cpp.o[0m
[15.481s] [ 70%] [32mBuilding CXX object CMakeFiles/turtlesim_node.dir/src/turtle_frame.cpp.o[0m
[15.491s] [ 71%] [32mBuilding CXX object CMakeFiles/turtlesim__rosidl_typesupport_fastrtps_c.dir/rosidl_typesupport_fastrtps_c/turtlesim/srv/detail/kill__type_support_c.cpp.o[0m
[15.502s] [ 72%] [32m[1mLinking C shared library libturtlesim__rosidl_typesupport_introspection_c.so[0m
[15.522s] [ 73%] [32mBuilding CXX object CMakeFiles/turtlesim_node.dir/include/turtlesim/moc_turtle_frame.cpp.o[0m
[15.552s] [ 74%] [32mBuilding CXX object CMakeFiles/turtlesim__rosidl_typesupport_fastrtps_c.dir/rosidl_typesupport_fastrtps_c/turtlesim/srv/detail/set_pen__type_support_c.cpp.o[0m
[15.555s] [ 74%] Built target turtlesim__rosidl_typesupport_c
[15.582s] [ 75%] [32mBuilding CXX object CMakeFiles/turtlesim__rosidl_typesupport_fastrtps_c.dir/rosidl_typesupport_fastrtps_c/turtlesim/srv/detail/spawn__type_support_c.cpp.o[0m
[15.636s] [ 75%] Built target turtlesim__rosidl_typesupport_introspection_cpp
[15.645s] [ 76%] [32m[1mLinking CXX shared library libturtlesim__rosidl_typesupport_fastrtps_cpp.so[0m
[15.662s] [ 77%] [32mBuilding CXX object CMakeFiles/turtlesim__rosidl_typesupport_fastrtps_c.dir/rosidl_typesupport_fastrtps_c/turtlesim/srv/detail/teleport_absolute__type_support_c.cpp.o[0m
[15.857s] [ 77%] Built target turtlesim__rosidl_typesupport_introspection_c
[15.886s] [ 78%] [32mBuilding CXX object CMakeFiles/turtlesim__rosidl_typesupport_fastrtps_c.dir/rosidl_typesupport_fastrtps_c/turtlesim/srv/detail/teleport_relative__type_support_c.cpp.o[0m
[16.019s] [ 78%] Built target turtlesim__rosidl_typesupport_fastrtps_cpp
[16.279s] [ 79%] [32m[1mLinking CXX shared library libturtlesim__rosidl_typesupport_fastrtps_c.so[0m
[16.576s] [ 79%] Built target turtlesim__rosidl_typesupport_fastrtps_c
[16.623s] [ 79%] Built target turtlesim
[16.678s] [ 80%] [34m[1mGenerating Python code for ROS interfaces[0m
[18.850s] [ 80%] Built target turtlesim__py
[18.915s] [ 81%] [32mBuilding C object CMakeFiles/turtlesim__rosidl_generator_py.dir/rosidl_generator_py/turtlesim/action/_rotate_absolute_s.c.o[0m
[18.915s] [ 83%] [32mBuilding C object CMakeFiles/turtlesim__rosidl_generator_py.dir/rosidl_generator_py/turtlesim/msg/_color_s.c.o[0m
[18.916s] [ 83%] [32mBuilding C object CMakeFiles/turtlesim__rosidl_generator_py.dir/rosidl_generator_py/turtlesim/msg/_pose_s.c.o[0m
[18.916s] [ 85%] [32mBuilding C object CMakeFiles/turtlesim__rosidl_generator_py.dir/rosidl_generator_py/turtlesim/srv/_set_pen_s.c.o[0m
[18.916s] [ 85%] [32mBuilding C object CMakeFiles/turtlesim__rosidl_generator_py.dir/rosidl_generator_py/turtlesim/srv/_kill_s.c.o[0m
[18.918s] [ 86%] [32mBuilding C object CMakeFiles/turtlesim__rosidl_generator_py.dir/rosidl_generator_py/turtlesim/srv/_spawn_s.c.o[0m
[18.919s] [ 87%] [32mBuilding C object CMakeFiles/turtlesim__rosidl_generator_py.dir/rosidl_generator_py/turtlesim/srv/_teleport_relative_s.c.o[0m
[18.935s] [ 88%] [32mBuilding C object CMakeFiles/turtlesim__rosidl_generator_py.dir/rosidl_generator_py/turtlesim/srv/_teleport_absolute_s.c.o[0m
[19.164s] [ 89%] [32m[1mLinking C shared library rosidl_generator_py/turtlesim/libturtlesim__rosidl_generator_py.so[0m
[19.428s] [ 89%] Built target turtlesim__rosidl_generator_py
[19.468s] [ 90%] [32mBuilding C object CMakeFiles/turtlesim__rosidl_typesupport_introspection_c__pyext.dir/rosidl_generator_py/turtlesim/_turtlesim_s.ep.rosidl_typesupport_introspection_c.c.o[0m
[19.475s] [ 91%] [32mBuilding C object CMakeFiles/turtlesim__rosidl_typesupport_c__pyext.dir/rosidl_generator_py/turtlesim/_turtlesim_s.ep.rosidl_typesupport_c.c.o[0m
[19.480s] [ 92%] [32mBuilding C object CMakeFiles/turtlesim__rosidl_typesupport_fastrtps_c__pyext.dir/rosidl_generator_py/turtlesim/_turtlesim_s.ep.rosidl_typesupport_fastrtps_c.c.o[0m
[19.664s] [ 93%] [32m[1mLinking C shared library rosidl_generator_py/turtlesim/turtlesim_s__rosidl_typesupport_fastrtps_c.cpython-310-x86_64-linux-gnu.so[0m
[19.667s] [ 94%] [32m[1mLinking C shared library rosidl_generator_py/turtlesim/turtlesim_s__rosidl_typesupport_introspection_c.cpython-310-x86_64-linux-gnu.so[0m
[19.670s] [ 95%] [32m[1mLinking C shared library rosidl_generator_py/turtlesim/turtlesim_s__rosidl_typesupport_c.cpython-310-x86_64-linux-gnu.so[0m
[19.869s] [ 95%] Built target turtlesim__rosidl_typesupport_fastrtps_c__pyext
[19.869s] [ 95%] Built target turtlesim__rosidl_typesupport_c__pyext
[19.895s] [ 95%] Built target turtlesim__rosidl_typesupport_introspection_c__pyext
[22.144s] [ 96%] [32m[1mLinking CXX executable turtle_teleop_key[0m
[23.007s] [ 96%] Built target turtle_teleop_key
[24.746s] [ 97%] [32m[1mLinking CXX executable mimic[0m
[25.327s] [ 98%] [32m[1mLinking CXX executable draw_square[0m
[26.065s] [ 98%] Built target mimic
[26.504s] [ 98%] Built target draw_square
[28.374s] [100%] [32m[1mLinking CXX executable turtlesim_node[0m
[31.034s] [100%] Built target turtlesim_node
[31.051s] Invoked command in '/home/zac/ws_zac/build/turtlesim' returned '0': CMAKE_PREFIX_PATH=${CMAKE_PREFIX_PATH}:/home/zac/ws_moveit2/install/moveit_configs_utils:/home/zac/ws_moveit2/install/launch_param_builder:/home/zac/ros2_humble/install/rqt_bag_plugins:/home/zac/ros2_humble/install/rqt_bag:/home/zac/ros2_humble/install/ros2bag:/home/zac/ros2_humble/install/tracetools_test:/home/zac/ros2_humble/install/tracetools_launch:/home/zac/ros2_humble/install/topic_monitor:/home/zac/ros2_humble/install/tf2_tools:/home/zac/ros2_humble/install/examples_tf2_py:/home/zac/ros2_humble/install/tf2_ros_py:/home/zac/ros2_humble/install/sros2:/home/zac/ros2_humble/install/rqt_topic:/home/zac/ros2_humble/install/rqt_srv:/home/zac/ros2_humble/install/rqt_shell:/home/zac/ros2_humble/install/rqt_service_caller:/home/zac/ros2_humble/install/rqt_reconfigure:/home/zac/ros2_humble/install/rqt_py_console:/home/zac/ros2_humble/install/rqt_publisher:/home/zac/ros2_humble/install/rqt_plot:/home/zac/ros2_humble/install/rqt_action:/home/zac/ros2_humble/install/rqt_msg:/home/zac/ros2_humble/install/rqt_console:/home/zac/ros2_humble/install/rqt:/home/zac/ros2_humble/install/rqt_graph:/home/zac/ros2_humble/install/rqt_gui_py:/home/zac/ros2_humble/install/rqt_gui:/home/zac/ros2_humble/install/ros2trace:/home/zac/ros2_humble/install/ros2topic:/home/zac/ros2_humble/install/ros2test:/home/zac/ros2_humble/install/ros2component:/home/zac/ros2_humble/install/ros2param:/home/zac/ros2_humble/install/ros2lifecycle:/home/zac/ros2_humble/install/ros2service:/home/zac/ros2_humble/install/ros2run:/home/zac/ros2_humble/install/ros2launch:/home/zac/ros2_humble/install/ros2pkg:/home/zac/ros2_humble/install/ros2node:/home/zac/ros2_humble/install/ros2multicast:/home/zac/ros2_humble/install/ros2interface:/home/zac/ros2_humble/install/ros2doctor:/home/zac/ros2_humble/install/ros2action:/home/zac/ros2_humble/install/ros2cli:/home/zac/ros2_humble/install/quality_of_service_demo_py:/home/zac/ros2_humble/install/lifecycle_py:/home/zac/ros2_humble/install/launch_testing_ros:/home/zac/ros2_humble/install/launch_ros:/home/zac/ros2_humble/install/examples_rclpy_pointcloud_publisher:/home/zac/ros2_humble/install/examples_rclpy_minimal_subscriber:/home/zac/ros2_humble/install/examples_rclpy_minimal_service:/home/zac/ros2_humble/install/examples_rclpy_minimal_publisher:/home/zac/ros2_humble/install/examples_rclpy_minimal_client:/home/zac/ros2_humble/install/examples_rclpy_minimal_action_server:/home/zac/ros2_humble/install/examples_rclpy_minimal_action_client:/home/zac/ros2_humble/install/examples_rclpy_guard_conditions:/home/zac/ros2_humble/install/examples_rclpy_executors:/home/zac/ros2_humble/install/demo_nodes_py:/home/zac/ros2_humble/install/action_tutorials_py:/home/zac/ros2_humble/install/ament_uncrustify:/home/zac/ros2_humble/install/tracetools_trace:/home/zac/ros2_humble/install/tracetools_read:/home/zac/ros2_humble/install/test_tracetools_launch:/home/zac/ros2_humble/install/test_launch_ros:/home/zac/ros2_humble/install/sensor_msgs_py:/home/zac/ros2_humble/install/rpyutils:/home/zac/ros2_humble/install/rosidl_runtime_py:/home/zac/ros2_humble/install/rosidl_cli:/home/zac/ros2_humble/install/launch_pytest:/home/zac/ros2_humble/install/launch_testing:/home/zac/ros2_humble/install/launch_yaml:/home/zac/ros2_humble/install/launch_xml:/home/zac/ros2_humble/install/launch:/home/zac/ros2_humble/install/osrf_pycommon:/home/zac/ros2_humble/install/launch_testing_examples:/home/zac/ros2_humble/install/domain_coordinator:/home/zac/ros2_humble/install/ament_xmllint:/home/zac/ros2_humble/install/ament_pyflakes:/home/zac/ros2_humble/install/ament_pycodestyle:/home/zac/ros2_humble/install/ament_pep257:/home/zac/ros2_humble/install/ament_pclint:/home/zac/ros2_humble/install/ament_package:/home/zac/ros2_humble/install/ament_mypy:/home/zac/ros2_humble/install/ament_lint_cmake:/home/zac/ros2_humble/install/ament_flake8:/home/zac/ros2_humble/install/ament_copyright:/home/zac/ros2_humble/install/ament_lint:/home/zac/ros2_humble/install/ament_index_python:/home/zac/ros2_humble/install/ament_cpplint:/home/zac/ros2_humble/install/ament_cppcheck:/home/zac/ros2_humble/install/ament_clang_tidy:/home/zac/ros2_humble/install/ament_clang_format:/opt/ros/humble /usr/bin/cmake --build /home/zac/ws_zac/build/turtlesim -- -j16 -l16
[31.619s] Invoking command in '/home/zac/ws_zac/build/turtlesim': CMAKE_PREFIX_PATH=${CMAKE_PREFIX_PATH}:/home/zac/ws_moveit2/install/moveit_configs_utils:/home/zac/ws_moveit2/install/launch_param_builder:/home/zac/ros2_humble/install/rqt_bag_plugins:/home/zac/ros2_humble/install/rqt_bag:/home/zac/ros2_humble/install/ros2bag:/home/zac/ros2_humble/install/tracetools_test:/home/zac/ros2_humble/install/tracetools_launch:/home/zac/ros2_humble/install/topic_monitor:/home/zac/ros2_humble/install/tf2_tools:/home/zac/ros2_humble/install/examples_tf2_py:/home/zac/ros2_humble/install/tf2_ros_py:/home/zac/ros2_humble/install/sros2:/home/zac/ros2_humble/install/rqt_topic:/home/zac/ros2_humble/install/rqt_srv:/home/zac/ros2_humble/install/rqt_shell:/home/zac/ros2_humble/install/rqt_service_caller:/home/zac/ros2_humble/install/rqt_reconfigure:/home/zac/ros2_humble/install/rqt_py_console:/home/zac/ros2_humble/install/rqt_publisher:/home/zac/ros2_humble/install/rqt_plot:/home/zac/ros2_humble/install/rqt_action:/home/zac/ros2_humble/install/rqt_msg:/home/zac/ros2_humble/install/rqt_console:/home/zac/ros2_humble/install/rqt:/home/zac/ros2_humble/install/rqt_graph:/home/zac/ros2_humble/install/rqt_gui_py:/home/zac/ros2_humble/install/rqt_gui:/home/zac/ros2_humble/install/ros2trace:/home/zac/ros2_humble/install/ros2topic:/home/zac/ros2_humble/install/ros2test:/home/zac/ros2_humble/install/ros2component:/home/zac/ros2_humble/install/ros2param:/home/zac/ros2_humble/install/ros2lifecycle:/home/zac/ros2_humble/install/ros2service:/home/zac/ros2_humble/install/ros2run:/home/zac/ros2_humble/install/ros2launch:/home/zac/ros2_humble/install/ros2pkg:/home/zac/ros2_humble/install/ros2node:/home/zac/ros2_humble/install/ros2multicast:/home/zac/ros2_humble/install/ros2interface:/home/zac/ros2_humble/install/ros2doctor:/home/zac/ros2_humble/install/ros2action:/home/zac/ros2_humble/install/ros2cli:/home/zac/ros2_humble/install/quality_of_service_demo_py:/home/zac/ros2_humble/install/lifecycle_py:/home/zac/ros2_humble/install/launch_testing_ros:/home/zac/ros2_humble/install/launch_ros:/home/zac/ros2_humble/install/examples_rclpy_pointcloud_publisher:/home/zac/ros2_humble/install/examples_rclpy_minimal_subscriber:/home/zac/ros2_humble/install/examples_rclpy_minimal_service:/home/zac/ros2_humble/install/examples_rclpy_minimal_publisher:/home/zac/ros2_humble/install/examples_rclpy_minimal_client:/home/zac/ros2_humble/install/examples_rclpy_minimal_action_server:/home/zac/ros2_humble/install/examples_rclpy_minimal_action_client:/home/zac/ros2_humble/install/examples_rclpy_guard_conditions:/home/zac/ros2_humble/install/examples_rclpy_executors:/home/zac/ros2_humble/install/demo_nodes_py:/home/zac/ros2_humble/install/action_tutorials_py:/home/zac/ros2_humble/install/ament_uncrustify:/home/zac/ros2_humble/install/tracetools_trace:/home/zac/ros2_humble/install/tracetools_read:/home/zac/ros2_humble/install/test_tracetools_launch:/home/zac/ros2_humble/install/test_launch_ros:/home/zac/ros2_humble/install/sensor_msgs_py:/home/zac/ros2_humble/install/rpyutils:/home/zac/ros2_humble/install/rosidl_runtime_py:/home/zac/ros2_humble/install/rosidl_cli:/home/zac/ros2_humble/install/launch_pytest:/home/zac/ros2_humble/install/launch_testing:/home/zac/ros2_humble/install/launch_yaml:/home/zac/ros2_humble/install/launch_xml:/home/zac/ros2_humble/install/launch:/home/zac/ros2_humble/install/osrf_pycommon:/home/zac/ros2_humble/install/launch_testing_examples:/home/zac/ros2_humble/install/domain_coordinator:/home/zac/ros2_humble/install/ament_xmllint:/home/zac/ros2_humble/install/ament_pyflakes:/home/zac/ros2_humble/install/ament_pycodestyle:/home/zac/ros2_humble/install/ament_pep257:/home/zac/ros2_humble/install/ament_pclint:/home/zac/ros2_humble/install/ament_package:/home/zac/ros2_humble/install/ament_mypy:/home/zac/ros2_humble/install/ament_lint_cmake:/home/zac/ros2_humble/install/ament_flake8:/home/zac/ros2_humble/install/ament_copyright:/home/zac/ros2_humble/install/ament_lint:/home/zac/ros2_humble/install/ament_index_python:/home/zac/ros2_humble/install/ament_cpplint:/home/zac/ros2_humble/install/ament_cppcheck:/home/zac/ros2_humble/install/ament_clang_tidy:/home/zac/ros2_humble/install/ament_clang_format:/opt/ros/humble /usr/bin/cmake --install /home/zac/ws_zac/build/turtlesim
[31.629s] -- Install configuration: ""
[31.630s] -- Installing: /home/zac/ws_zac/install/turtlesim/share/ament_index/resource_index/rosidl_interfaces/turtlesim
[31.630s] -- Installing: /home/zac/ws_zac/install/turtlesim/include/turtlesim/turtlesim
[31.630s] -- Installing: /home/zac/ws_zac/install/turtlesim/include/turtlesim/turtlesim/srv
[31.630s] -- Installing: /home/zac/ws_zac/install/turtlesim/include/turtlesim/turtlesim/srv/detail
[31.631s] -- Installing: /home/zac/ws_zac/install/turtlesim/include/turtlesim/turtlesim/srv/detail/teleport_relative__struct.h
[31.631s] -- Installing: /home/zac/ws_zac/install/turtlesim/include/turtlesim/turtlesim/srv/detail/teleport_relative__functions.c
[31.631s] -- Installing: /home/zac/ws_zac/install/turtlesim/include/turtlesim/turtlesim/srv/detail/set_pen__functions.h
[31.631s] -- Installing: /home/zac/ws_zac/install/turtlesim/include/turtlesim/turtlesim/srv/detail/kill__functions.h
[31.631s] -- Installing: /home/zac/ws_zac/install/turtlesim/include/turtlesim/turtlesim/srv/detail/spawn__type_support.h
[31.631s] -- Installing: /home/zac/ws_zac/install/turtlesim/include/turtlesim/turtlesim/srv/detail/spawn__struct.h
[31.631s] -- Installing: /home/zac/ws_zac/install/turtlesim/include/turtlesim/turtlesim/srv/detail/teleport_absolute__functions.c
[31.631s] -- Installing: /home/zac/ws_zac/install/turtlesim/include/turtlesim/turtlesim/srv/detail/teleport_absolute__functions.h
[31.632s] -- Installing: /home/zac/ws_zac/install/turtlesim/include/turtlesim/turtlesim/srv/detail/set_pen__type_support.h
[31.632s] -- Installing: /home/zac/ws_zac/install/turtlesim/include/turtlesim/turtlesim/srv/detail/kill__functions.c
[31.632s] -- Installing: /home/zac/ws_zac/install/turtlesim/include/turtlesim/turtlesim/srv/detail/set_pen__functions.c
[31.632s] -- Installing: /home/zac/ws_zac/install/turtlesim/include/turtlesim/turtlesim/srv/detail/kill__type_support.h
[31.632s] -- Installing: /home/zac/ws_zac/install/turtlesim/include/turtlesim/turtlesim/srv/detail/teleport_absolute__struct.h
[31.632s] -- Installing: /home/zac/ws_zac/install/turtlesim/include/turtlesim/turtlesim/srv/detail/teleport_absolute__type_support.h
[31.633s] -- Installing: /home/zac/ws_zac/install/turtlesim/include/turtlesim/turtlesim/srv/detail/spawn__functions.c
[31.633s] -- Installing: /home/zac/ws_zac/install/turtlesim/include/turtlesim/turtlesim/srv/detail/teleport_relative__functions.h
[31.633s] -- Installing: /home/zac/ws_zac/install/turtlesim/include/turtlesim/turtlesim/srv/detail/teleport_relative__type_support.h
[31.633s] -- Installing: /home/zac/ws_zac/install/turtlesim/include/turtlesim/turtlesim/srv/detail/set_pen__struct.h
[31.633s] -- Installing: /home/zac/ws_zac/install/turtlesim/include/turtlesim/turtlesim/srv/detail/kill__struct.h
[31.634s] -- Installing: /home/zac/ws_zac/install/turtlesim/include/turtlesim/turtlesim/srv/detail/spawn__functions.h
[31.634s] -- Installing: /home/zac/ws_zac/install/turtlesim/include/turtlesim/turtlesim/srv/spawn.h
[31.635s] -- Installing: /home/zac/ws_zac/install/turtlesim/include/turtlesim/turtlesim/srv/teleport_relative.h
[31.635s] -- Installing: /home/zac/ws_zac/install/turtlesim/include/turtlesim/turtlesim/srv/kill.h
[31.635s] -- Installing: /home/zac/ws_zac/install/turtlesim/include/turtlesim/turtlesim/srv/teleport_absolute.h
[31.635s] -- Installing: /home/zac/ws_zac/install/turtlesim/include/turtlesim/turtlesim/srv/set_pen.h
[31.635s] -- Installing: /home/zac/ws_zac/install/turtlesim/include/turtlesim/turtlesim/msg
[31.636s] -- Installing: /home/zac/ws_zac/install/turtlesim/include/turtlesim/turtlesim/msg/detail
[31.636s] -- Installing: /home/zac/ws_zac/install/turtlesim/include/turtlesim/turtlesim/msg/detail/color__functions.h
[31.636s] -- Installing: /home/zac/ws_zac/install/turtlesim/include/turtlesim/turtlesim/msg/detail/pose__functions.h
[31.636s] -- Installing: /home/zac/ws_zac/install/turtlesim/include/turtlesim/turtlesim/msg/detail/pose__functions.c
[31.636s] -- Installing: /home/zac/ws_zac/install/turtlesim/include/turtlesim/turtlesim/msg/detail/pose__struct.h
[31.637s] -- Installing: /home/zac/ws_zac/install/turtlesim/include/turtlesim/turtlesim/msg/detail/color__struct.h
[31.637s] -- Installing: /home/zac/ws_zac/install/turtlesim/include/turtlesim/turtlesim/msg/detail/color__type_support.h
[31.637s] -- Installing: /home/zac/ws_zac/install/turtlesim/include/turtlesim/turtlesim/msg/detail/color__functions.c
[31.637s] -- Installing: /home/zac/ws_zac/install/turtlesim/include/turtlesim/turtlesim/msg/detail/pose__type_support.h
[31.637s] -- Installing: /home/zac/ws_zac/install/turtlesim/include/turtlesim/turtlesim/msg/pose.h
[31.637s] -- Installing: /home/zac/ws_zac/install/turtlesim/include/turtlesim/turtlesim/msg/rosidl_generator_c__visibility_control.h
[31.637s] -- Installing: /home/zac/ws_zac/install/turtlesim/include/turtlesim/turtlesim/msg/color.h
[31.638s] -- Installing: /home/zac/ws_zac/install/turtlesim/include/turtlesim/turtlesim/action
[31.638s] -- Installing: /home/zac/ws_zac/install/turtlesim/include/turtlesim/turtlesim/action/detail
[31.638s] -- Installing: /home/zac/ws_zac/install/turtlesim/include/turtlesim/turtlesim/action/detail/rotate_absolute__functions.c
[31.638s] -- Installing: /home/zac/ws_zac/install/turtlesim/include/turtlesim/turtlesim/action/detail/rotate_absolute__struct.h
[31.638s] -- Installing: /home/zac/ws_zac/install/turtlesim/include/turtlesim/turtlesim/action/detail/rotate_absolute__type_support.h
[31.638s] -- Installing: /home/zac/ws_zac/install/turtlesim/include/turtlesim/turtlesim/action/detail/rotate_absolute__functions.h
[31.639s] -- Installing: /home/zac/ws_zac/install/turtlesim/include/turtlesim/turtlesim/action/rotate_absolute.h
[31.639s] -- Installing: /home/zac/ws_zac/install/turtlesim/share/turtlesim/environment/library_path.sh
[31.639s] -- Installing: /home/zac/ws_zac/install/turtlesim/share/turtlesim/environment/library_path.dsv
[31.639s] -- Installing: /home/zac/ws_zac/install/turtlesim/lib/libturtlesim__rosidl_generator_c.so
[31.639s] -- Set runtime path of "/home/zac/ws_zac/install/turtlesim/lib/libturtlesim__rosidl_generator_c.so" to ""
[31.639s] -- Up-to-date: /home/zac/ws_zac/install/turtlesim/include/turtlesim/turtlesim
[31.640s] -- Up-to-date: /home/zac/ws_zac/install/turtlesim/include/turtlesim/turtlesim/srv
[31.640s] -- Up-to-date: /home/zac/ws_zac/install/turtlesim/include/turtlesim/turtlesim/srv/detail
[31.640s] -- Installing: /home/zac/ws_zac/install/turtlesim/include/turtlesim/turtlesim/srv/detail/set_pen__rosidl_typesupport_fastrtps_c.h
[31.640s] -- Installing: /home/zac/ws_zac/install/turtlesim/include/turtlesim/turtlesim/srv/detail/kill__rosidl_typesupport_fastrtps_c.h
[31.641s] -- Installing: /home/zac/ws_zac/install/turtlesim/include/turtlesim/turtlesim/srv/detail/teleport_absolute__rosidl_typesupport_fastrtps_c.h
[31.641s] -- Installing: /home/zac/ws_zac/install/turtlesim/include/turtlesim/turtlesim/srv/detail/teleport_relative__rosidl_typesupport_fastrtps_c.h
[31.641s] -- Installing: /home/zac/ws_zac/install/turtlesim/include/turtlesim/turtlesim/srv/detail/spawn__rosidl_typesupport_fastrtps_c.h
[31.641s] -- Up-to-date: /home/zac/ws_zac/install/turtlesim/include/turtlesim/turtlesim/msg
[31.641s] -- Up-to-date: /home/zac/ws_zac/install/turtlesim/include/turtlesim/turtlesim/msg/detail
[31.641s] -- Installing: /home/zac/ws_zac/install/turtlesim/include/turtlesim/turtlesim/msg/detail/pose__rosidl_typesupport_fastrtps_c.h
[31.642s] -- Installing: /home/zac/ws_zac/install/turtlesim/include/turtlesim/turtlesim/msg/detail/color__rosidl_typesupport_fastrtps_c.h
[31.642s] -- Installing: /home/zac/ws_zac/install/turtlesim/include/turtlesim/turtlesim/msg/rosidl_typesupport_fastrtps_c__visibility_control.h
[31.642s] -- Up-to-date: /home/zac/ws_zac/install/turtlesim/include/turtlesim/turtlesim/action
[31.642s] -- Up-to-date: /home/zac/ws_zac/install/turtlesim/include/turtlesim/turtlesim/action/detail
[31.642s] -- Installing: /home/zac/ws_zac/install/turtlesim/include/turtlesim/turtlesim/action/detail/rotate_absolute__rosidl_typesupport_fastrtps_c.h
[31.643s] -- Installing: /home/zac/ws_zac/install/turtlesim/lib/libturtlesim__rosidl_typesupport_fastrtps_c.so
[31.643s] -- Set runtime path of "/home/zac/ws_zac/install/turtlesim/lib/libturtlesim__rosidl_typesupport_fastrtps_c.so" to ""
[31.643s] -- Up-to-date: /home/zac/ws_zac/install/turtlesim/include/turtlesim/turtlesim
[31.643s] -- Up-to-date: /home/zac/ws_zac/install/turtlesim/include/turtlesim/turtlesim/srv
[31.643s] -- Installing: /home/zac/ws_zac/install/turtlesim/include/turtlesim/turtlesim/srv/set_pen.hpp
[31.644s] -- Installing: /home/zac/ws_zac/install/turtlesim/include/turtlesim/turtlesim/srv/kill.hpp
[31.644s] -- Up-to-date: /home/zac/ws_zac/install/turtlesim/include/turtlesim/turtlesim/srv/detail
[31.645s] -- Installing: /home/zac/ws_zac/install/turtlesim/include/turtlesim/turtlesim/srv/detail/kill__builder.hpp
[31.645s] -- Installing: /home/zac/ws_zac/install/turtlesim/include/turtlesim/turtlesim/srv/detail/set_pen__traits.hpp
[31.645s] -- Installing: /home/zac/ws_zac/install/turtlesim/include/turtlesim/turtlesim/srv/detail/teleport_relative__struct.hpp
[31.646s] -- Installing: /home/zac/ws_zac/install/turtlesim/include/turtlesim/turtlesim/srv/detail/teleport_relative__traits.hpp
[31.646s] -- Installing: /home/zac/ws_zac/install/turtlesim/include/turtlesim/turtlesim/srv/detail/teleport_absolute__traits.hpp
[31.646s] -- Installing: /home/zac/ws_zac/install/turtlesim/include/turtlesim/turtlesim/srv/detail/teleport_absolute__struct.hpp
[31.646s] -- Installing: /home/zac/ws_zac/install/turtlesim/include/turtlesim/turtlesim/srv/detail/spawn__builder.hpp
[31.646s] -- Installing: /home/zac/ws_zac/install/turtlesim/include/turtlesim/turtlesim/srv/detail/kill__struct.hpp
[31.647s] -- Installing: /home/zac/ws_zac/install/turtlesim/include/turtlesim/turtlesim/srv/detail/kill__traits.hpp
[31.647s] -- Installing: /home/zac/ws_zac/install/turtlesim/include/turtlesim/turtlesim/srv/detail/teleport_absolute__builder.hpp
[31.647s] -- Installing: /home/zac/ws_zac/install/turtlesim/include/turtlesim/turtlesim/srv/detail/spawn__struct.hpp
[31.647s] -- Installing: /home/zac/ws_zac/install/turtlesim/include/turtlesim/turtlesim/srv/detail/set_pen__struct.hpp
[31.647s] -- Installing: /home/zac/ws_zac/install/turtlesim/include/turtlesim/turtlesim/srv/detail/set_pen__builder.hpp
[31.647s] -- Installing: /home/zac/ws_zac/install/turtlesim/include/turtlesim/turtlesim/srv/detail/teleport_relative__builder.hpp
[31.648s] -- Installing: /home/zac/ws_zac/install/turtlesim/include/turtlesim/turtlesim/srv/detail/spawn__traits.hpp
[31.648s] -- Installing: /home/zac/ws_zac/install/turtlesim/include/turtlesim/turtlesim/srv/teleport_absolute.hpp
[31.648s] -- Installing: /home/zac/ws_zac/install/turtlesim/include/turtlesim/turtlesim/srv/spawn.hpp
[31.648s] -- Installing: /home/zac/ws_zac/install/turtlesim/include/turtlesim/turtlesim/srv/teleport_relative.hpp
[31.648s] -- Up-to-date: /home/zac/ws_zac/install/turtlesim/include/turtlesim/turtlesim/msg
[31.648s] -- Up-to-date: /home/zac/ws_zac/install/turtlesim/include/turtlesim/turtlesim/msg/detail
[31.649s] -- Installing: /home/zac/ws_zac/install/turtlesim/include/turtlesim/turtlesim/msg/detail/pose__builder.hpp
[31.649s] -- Installing: /home/zac/ws_zac/install/turtlesim/include/turtlesim/turtlesim/msg/detail/pose__struct.hpp
[31.649s] -- Installing: /home/zac/ws_zac/install/turtlesim/include/turtlesim/turtlesim/msg/detail/pose__traits.hpp
[31.649s] -- Installing: /home/zac/ws_zac/install/turtlesim/include/turtlesim/turtlesim/msg/detail/color__traits.hpp
[31.650s] -- Installing: /home/zac/ws_zac/install/turtlesim/include/turtlesim/turtlesim/msg/detail/color__builder.hpp
[31.650s] -- Installing: /home/zac/ws_zac/install/turtlesim/include/turtlesim/turtlesim/msg/detail/color__struct.hpp
[31.650s] -- Installing: /home/zac/ws_zac/install/turtlesim/include/turtlesim/turtlesim/msg/pose.hpp
[31.650s] -- Installing: /home/zac/ws_zac/install/turtlesim/include/turtlesim/turtlesim/msg/color.hpp
[31.650s] -- Up-to-date: /home/zac/ws_zac/install/turtlesim/include/turtlesim/turtlesim/action
[31.650s] -- Installing: /home/zac/ws_zac/install/turtlesim/include/turtlesim/turtlesim/action/rotate_absolute.hpp
[31.650s] -- Up-to-date: /home/zac/ws_zac/install/turtlesim/include/turtlesim/turtlesim/action/detail
[31.650s] -- Installing: /home/zac/ws_zac/install/turtlesim/include/turtlesim/turtlesim/action/detail/rotate_absolute__traits.hpp
[31.650s] -- Installing: /home/zac/ws_zac/install/turtlesim/include/turtlesim/turtlesim/action/detail/rotate_absolute__struct.hpp
[31.650s] -- Installing: /home/zac/ws_zac/install/turtlesim/include/turtlesim/turtlesim/action/detail/rotate_absolute__builder.hpp
[31.651s] -- Up-to-date: /home/zac/ws_zac/install/turtlesim/include/turtlesim/turtlesim
[31.651s] -- Up-to-date: /home/zac/ws_zac/install/turtlesim/include/turtlesim/turtlesim/srv
[31.651s] -- Up-to-date: /home/zac/ws_zac/install/turtlesim/include/turtlesim/turtlesim/srv/detail
[31.651s] -- Installing: /home/zac/ws_zac/install/turtlesim/include/turtlesim/turtlesim/srv/detail/set_pen__rosidl_typesupport_fastrtps_cpp.hpp
[31.651s] -- Installing: /home/zac/ws_zac/install/turtlesim/include/turtlesim/turtlesim/srv/detail/kill__rosidl_typesupport_fastrtps_cpp.hpp
[31.651s] -- Installing: /home/zac/ws_zac/install/turtlesim/include/turtlesim/turtlesim/srv/detail/dds_fastrtps
[31.652s] -- Installing: /home/zac/ws_zac/install/turtlesim/include/turtlesim/turtlesim/srv/detail/teleport_absolute__rosidl_typesupport_fastrtps_cpp.hpp
[31.652s] -- Installing: /home/zac/ws_zac/install/turtlesim/include/turtlesim/turtlesim/srv/detail/teleport_relative__rosidl_typesupport_fastrtps_cpp.hpp
[31.652s] -- Installing: /home/zac/ws_zac/install/turtlesim/include/turtlesim/turtlesim/srv/detail/spawn__rosidl_typesupport_fastrtps_cpp.hpp
[31.652s] -- Up-to-date: /home/zac/ws_zac/install/turtlesim/include/turtlesim/turtlesim/msg
[31.652s] -- Up-to-date: /home/zac/ws_zac/install/turtlesim/include/turtlesim/turtlesim/msg/detail
[31.652s] -- Installing: /home/zac/ws_zac/install/turtlesim/include/turtlesim/turtlesim/msg/detail/dds_fastrtps
[31.653s] -- Installing: /home/zac/ws_zac/install/turtlesim/include/turtlesim/turtlesim/msg/detail/color__rosidl_typesupport_fastrtps_cpp.hpp
[31.653s] -- Installing: /home/zac/ws_zac/install/turtlesim/include/turtlesim/turtlesim/msg/detail/pose__rosidl_typesupport_fastrtps_cpp.hpp
[31.653s] -- Installing: /home/zac/ws_zac/install/turtlesim/include/turtlesim/turtlesim/msg/rosidl_typesupport_fastrtps_cpp__visibility_control.h
[31.653s] -- Up-to-date: /home/zac/ws_zac/install/turtlesim/include/turtlesim/turtlesim/action
[31.653s] -- Up-to-date: /home/zac/ws_zac/install/turtlesim/include/turtlesim/turtlesim/action/detail
[31.653s] -- Installing: /home/zac/ws_zac/install/turtlesim/include/turtlesim/turtlesim/action/detail/dds_fastrtps
[31.653s] -- Installing: /home/zac/ws_zac/install/turtlesim/include/turtlesim/turtlesim/action/detail/rotate_absolute__rosidl_typesupport_fastrtps_cpp.hpp
[31.654s] -- Installing: /home/zac/ws_zac/install/turtlesim/lib/libturtlesim__rosidl_typesupport_fastrtps_cpp.so
[31.654s] -- Set runtime path of "/home/zac/ws_zac/install/turtlesim/lib/libturtlesim__rosidl_typesupport_fastrtps_cpp.so" to ""
[31.654s] -- Up-to-date: /home/zac/ws_zac/install/turtlesim/include/turtlesim/turtlesim
[31.654s] -- Up-to-date: /home/zac/ws_zac/install/turtlesim/include/turtlesim/turtlesim/srv
[31.654s] -- Up-to-date: /home/zac/ws_zac/install/turtlesim/include/turtlesim/turtlesim/srv/detail
[31.654s] -- Installing: /home/zac/ws_zac/install/turtlesim/include/turtlesim/turtlesim/srv/detail/set_pen__rosidl_typesupport_introspection_c.h
[31.655s] -- Installing: /home/zac/ws_zac/install/turtlesim/include/turtlesim/turtlesim/srv/detail/kill__rosidl_typesupport_introspection_c.h
[31.655s] -- Installing: /home/zac/ws_zac/install/turtlesim/include/turtlesim/turtlesim/srv/detail/teleport_relative__rosidl_typesupport_introspection_c.h
[31.655s] -- Installing: /home/zac/ws_zac/install/turtlesim/include/turtlesim/turtlesim/srv/detail/spawn__type_support.c
[31.655s] -- Installing: /home/zac/ws_zac/install/turtlesim/include/turtlesim/turtlesim/srv/detail/kill__type_support.c
[31.655s] -- Installing: /home/zac/ws_zac/install/turtlesim/include/turtlesim/turtlesim/srv/detail/teleport_absolute__type_support.c
[31.655s] -- Installing: /home/zac/ws_zac/install/turtlesim/include/turtlesim/turtlesim/srv/detail/spawn__rosidl_typesupport_introspection_c.h
[31.656s] -- Installing: /home/zac/ws_zac/install/turtlesim/include/turtlesim/turtlesim/srv/detail/teleport_absolute__rosidl_typesupport_introspection_c.h
[31.656s] -- Installing: /home/zac/ws_zac/install/turtlesim/include/turtlesim/turtlesim/srv/detail/set_pen__type_support.c
[31.656s] -- Installing: /home/zac/ws_zac/install/turtlesim/include/turtlesim/turtlesim/srv/detail/teleport_relative__type_support.c
[31.656s] -- Up-to-date: /home/zac/ws_zac/install/turtlesim/include/turtlesim/turtlesim/msg
[31.656s] -- Installing: /home/zac/ws_zac/install/turtlesim/include/turtlesim/turtlesim/msg/rosidl_typesupport_introspection_c__visibility_control.h
[31.656s] -- Up-to-date: /home/zac/ws_zac/install/turtlesim/include/turtlesim/turtlesim/msg/detail
[31.656s] -- Installing: /home/zac/ws_zac/install/turtlesim/include/turtlesim/turtlesim/msg/detail/pose__rosidl_typesupport_introspection_c.h
[31.656s] -- Installing: /home/zac/ws_zac/install/turtlesim/include/turtlesim/turtlesim/msg/detail/pose__type_support.c
[31.656s] -- Installing: /home/zac/ws_zac/install/turtlesim/include/turtlesim/turtlesim/msg/detail/color__type_support.c
[31.657s] -- Installing: /home/zac/ws_zac/install/turtlesim/include/turtlesim/turtlesim/msg/detail/color__rosidl_typesupport_introspection_c.h
[31.657s] -- Up-to-date: /home/zac/ws_zac/install/turtlesim/include/turtlesim/turtlesim/action
[31.657s] -- Up-to-date: /home/zac/ws_zac/install/turtlesim/include/turtlesim/turtlesim/action/detail
[31.657s] -- Installing: /home/zac/ws_zac/install/turtlesim/include/turtlesim/turtlesim/action/detail/rotate_absolute__rosidl_typesupport_introspection_c.h
[31.657s] -- Installing: /home/zac/ws_zac/install/turtlesim/include/turtlesim/turtlesim/action/detail/rotate_absolute__type_support.c
[31.657s] -- Installing: /home/zac/ws_zac/install/turtlesim/lib/libturtlesim__rosidl_typesupport_introspection_c.so
[31.657s] -- Set runtime path of "/home/zac/ws_zac/install/turtlesim/lib/libturtlesim__rosidl_typesupport_introspection_c.so" to ""
[31.657s] -- Installing: /home/zac/ws_zac/install/turtlesim/lib/libturtlesim__rosidl_typesupport_c.so
[31.657s] -- Set runtime path of "/home/zac/ws_zac/install/turtlesim/lib/libturtlesim__rosidl_typesupport_c.so" to ""
[31.657s] -- Up-to-date: /home/zac/ws_zac/install/turtlesim/include/turtlesim/turtlesim
[31.657s] -- Up-to-date: /home/zac/ws_zac/install/turtlesim/include/turtlesim/turtlesim/srv
[31.657s] -- Up-to-date: /home/zac/ws_zac/install/turtlesim/include/turtlesim/turtlesim/srv/detail
[31.657s] -- Installing: /home/zac/ws_zac/install/turtlesim/include/turtlesim/turtlesim/srv/detail/set_pen__rosidl_typesupport_introspection_cpp.hpp
[31.657s] -- Installing: /home/zac/ws_zac/install/turtlesim/include/turtlesim/turtlesim/srv/detail/set_pen__type_support.cpp
[31.657s] -- Installing: /home/zac/ws_zac/install/turtlesim/include/turtlesim/turtlesim/srv/detail/kill__type_support.cpp
[31.657s] -- Installing: /home/zac/ws_zac/install/turtlesim/include/turtlesim/turtlesim/srv/detail/teleport_absolute__rosidl_typesupport_introspection_cpp.hpp
[31.657s] -- Installing: /home/zac/ws_zac/install/turtlesim/include/turtlesim/turtlesim/srv/detail/teleport_relative__type_support.cpp
[31.657s] -- Installing: /home/zac/ws_zac/install/turtlesim/include/turtlesim/turtlesim/srv/detail/kill__rosidl_typesupport_introspection_cpp.hpp
[31.657s] -- Installing: /home/zac/ws_zac/install/turtlesim/include/turtlesim/turtlesim/srv/detail/teleport_absolute__type_support.cpp
[31.657s] -- Installing: /home/zac/ws_zac/install/turtlesim/include/turtlesim/turtlesim/srv/detail/spawn__rosidl_typesupport_introspection_cpp.hpp
[31.658s] -- Installing: /home/zac/ws_zac/install/turtlesim/include/turtlesim/turtlesim/srv/detail/spawn__type_support.cpp
[31.658s] -- Installing: /home/zac/ws_zac/install/turtlesim/include/turtlesim/turtlesim/srv/detail/teleport_relative__rosidl_typesupport_introspection_cpp.hpp
[31.658s] -- Up-to-date: /home/zac/ws_zac/install/turtlesim/include/turtlesim/turtlesim/msg
[31.658s] -- Up-to-date: /home/zac/ws_zac/install/turtlesim/include/turtlesim/turtlesim/msg/detail
[31.658s] -- Installing: /home/zac/ws_zac/install/turtlesim/include/turtlesim/turtlesim/msg/detail/pose__rosidl_typesupport_introspection_cpp.hpp
[31.658s] -- Installing: /home/zac/ws_zac/install/turtlesim/include/turtlesim/turtlesim/msg/detail/color__rosidl_typesupport_introspection_cpp.hpp
[31.658s] -- Installing: /home/zac/ws_zac/install/turtlesim/include/turtlesim/turtlesim/msg/detail/color__type_support.cpp
[31.658s] -- Installing: /home/zac/ws_zac/install/turtlesim/include/turtlesim/turtlesim/msg/detail/pose__type_support.cpp
[31.658s] -- Up-to-date: /home/zac/ws_zac/install/turtlesim/include/turtlesim/turtlesim/action
[31.658s] -- Up-to-date: /home/zac/ws_zac/install/turtlesim/include/turtlesim/turtlesim/action/detail
[31.658s] -- Installing: /home/zac/ws_zac/install/turtlesim/include/turtlesim/turtlesim/action/detail/rotate_absolute__type_support.cpp
[31.658s] -- Installing: /home/zac/ws_zac/install/turtlesim/include/turtlesim/turtlesim/action/detail/rotate_absolute__rosidl_typesupport_introspection_cpp.hpp
[31.658s] -- Installing: /home/zac/ws_zac/install/turtlesim/lib/libturtlesim__rosidl_typesupport_introspection_cpp.so
[31.658s] -- Set runtime path of "/home/zac/ws_zac/install/turtlesim/lib/libturtlesim__rosidl_typesupport_introspection_cpp.so" to ""
[31.658s] -- Installing: /home/zac/ws_zac/install/turtlesim/lib/libturtlesim__rosidl_typesupport_cpp.so
[31.658s] -- Set runtime path of "/home/zac/ws_zac/install/turtlesim/lib/libturtlesim__rosidl_typesupport_cpp.so" to ""
[31.658s] -- Installing: /home/zac/ws_zac/install/turtlesim/share/turtlesim/environment/pythonpath.sh
[31.658s] -- Installing: /home/zac/ws_zac/install/turtlesim/share/turtlesim/environment/pythonpath.dsv
[31.658s] -- Installing: /home/zac/ws_zac/install/turtlesim/local/lib/python3.10/dist-packages/turtlesim-1.4.1-py3.10.egg-info
[31.658s] -- Installing: /home/zac/ws_zac/install/turtlesim/local/lib/python3.10/dist-packages/turtlesim-1.4.1-py3.10.egg-info/SOURCES.txt
[31.658s] -- Installing: /home/zac/ws_zac/install/turtlesim/local/lib/python3.10/dist-packages/turtlesim-1.4.1-py3.10.egg-info/PKG-INFO
[31.659s] -- Installing: /home/zac/ws_zac/install/turtlesim/local/lib/python3.10/dist-packages/turtlesim-1.4.1-py3.10.egg-info/dependency_links.txt
[31.659s] -- Installing: /home/zac/ws_zac/install/turtlesim/local/lib/python3.10/dist-packages/turtlesim-1.4.1-py3.10.egg-info/top_level.txt
[31.659s] -- Installing: /home/zac/ws_zac/install/turtlesim/local/lib/python3.10/dist-packages/turtlesim
[31.659s] -- Installing: /home/zac/ws_zac/install/turtlesim/local/lib/python3.10/dist-packages/turtlesim/_turtlesim_s.ep.rosidl_typesupport_fastrtps_c.c
[31.659s] -- Installing: /home/zac/ws_zac/install/turtlesim/local/lib/python3.10/dist-packages/turtlesim/turtlesim_s__rosidl_typesupport_fastrtps_c.cpython-310-x86_64-linux-gnu.so
[31.659s] -- Installing: /home/zac/ws_zac/install/turtlesim/local/lib/python3.10/dist-packages/turtlesim/turtlesim_s__rosidl_typesupport_introspection_c.cpython-310-x86_64-linux-gnu.so
[31.659s] -- Installing: /home/zac/ws_zac/install/turtlesim/local/lib/python3.10/dist-packages/turtlesim/_turtlesim_s.ep.rosidl_typesupport_c.c
[31.659s] -- Installing: /home/zac/ws_zac/install/turtlesim/local/lib/python3.10/dist-packages/turtlesim/turtlesim_s__rosidl_typesupport_c.cpython-310-x86_64-linux-gnu.so
[31.659s] -- Installing: /home/zac/ws_zac/install/turtlesim/local/lib/python3.10/dist-packages/turtlesim/srv
[31.659s] -- Installing: /home/zac/ws_zac/install/turtlesim/local/lib/python3.10/dist-packages/turtlesim/srv/_set_pen_s.c
[31.659s] -- Installing: /home/zac/ws_zac/install/turtlesim/local/lib/python3.10/dist-packages/turtlesim/srv/_set_pen.py
[31.659s] -- Installing: /home/zac/ws_zac/install/turtlesim/local/lib/python3.10/dist-packages/turtlesim/srv/_spawn_s.c
[31.659s] -- Installing: /home/zac/ws_zac/install/turtlesim/local/lib/python3.10/dist-packages/turtlesim/srv/_kill_s.c
[31.659s] -- Installing: /home/zac/ws_zac/install/turtlesim/local/lib/python3.10/dist-packages/turtlesim/srv/_teleport_relative.py
[31.659s] -- Installing: /home/zac/ws_zac/install/turtlesim/local/lib/python3.10/dist-packages/turtlesim/srv/_teleport_absolute_s.c
[31.659s] -- Installing: /home/zac/ws_zac/install/turtlesim/local/lib/python3.10/dist-packages/turtlesim/srv/_spawn.py
[31.659s] -- Installing: /home/zac/ws_zac/install/turtlesim/local/lib/python3.10/dist-packages/turtlesim/srv/_kill.py
[31.659s] -- Installing: /home/zac/ws_zac/install/turtlesim/local/lib/python3.10/dist-packages/turtlesim/srv/_teleport_absolute.py
[31.659s] -- Installing: /home/zac/ws_zac/install/turtlesim/local/lib/python3.10/dist-packages/turtlesim/srv/__init__.py
[31.659s] -- Installing: /home/zac/ws_zac/install/turtlesim/local/lib/python3.10/dist-packages/turtlesim/srv/_teleport_relative_s.c
[31.659s] -- Installing: /home/zac/ws_zac/install/turtlesim/local/lib/python3.10/dist-packages/turtlesim/msg
[31.659s] -- Installing: /home/zac/ws_zac/install/turtlesim/local/lib/python3.10/dist-packages/turtlesim/msg/_color_s.c
[31.659s] -- Installing: /home/zac/ws_zac/install/turtlesim/local/lib/python3.10/dist-packages/turtlesim/msg/_color.py
[31.659s] -- Installing: /home/zac/ws_zac/install/turtlesim/local/lib/python3.10/dist-packages/turtlesim/msg/_pose_s.c
[31.660s] -- Installing: /home/zac/ws_zac/install/turtlesim/local/lib/python3.10/dist-packages/turtlesim/msg/_pose.py
[31.660s] -- Installing: /home/zac/ws_zac/install/turtlesim/local/lib/python3.10/dist-packages/turtlesim/msg/__init__.py
[31.660s] -- Installing: /home/zac/ws_zac/install/turtlesim/local/lib/python3.10/dist-packages/turtlesim/libturtlesim__rosidl_generator_py.so
[31.660s] -- Installing: /home/zac/ws_zac/install/turtlesim/local/lib/python3.10/dist-packages/turtlesim/_turtlesim_s.ep.rosidl_typesupport_introspection_c.c
[31.660s] -- Installing: /home/zac/ws_zac/install/turtlesim/local/lib/python3.10/dist-packages/turtlesim/__init__.py
[31.660s] -- Installing: /home/zac/ws_zac/install/turtlesim/local/lib/python3.10/dist-packages/turtlesim/action
[31.660s] -- Installing: /home/zac/ws_zac/install/turtlesim/local/lib/python3.10/dist-packages/turtlesim/action/_rotate_absolute.py
[31.660s] -- Installing: /home/zac/ws_zac/install/turtlesim/local/lib/python3.10/dist-packages/turtlesim/action/_rotate_absolute_s.c
[31.660s] -- Installing: /home/zac/ws_zac/install/turtlesim/local/lib/python3.10/dist-packages/turtlesim/action/__init__.py
[31.772s] Listing '/home/zac/ws_zac/install/turtlesim/local/lib/python3.10/dist-packages/turtlesim'...
[31.772s] Compiling '/home/zac/ws_zac/install/turtlesim/local/lib/python3.10/dist-packages/turtlesim/__init__.py'...
[31.772s] Listing '/home/zac/ws_zac/install/turtlesim/local/lib/python3.10/dist-packages/turtlesim/action'...
[31.772s] Compiling '/home/zac/ws_zac/install/turtlesim/local/lib/python3.10/dist-packages/turtlesim/action/__init__.py'...
[31.772s] Compiling '/home/zac/ws_zac/install/turtlesim/local/lib/python3.10/dist-packages/turtlesim/action/_rotate_absolute.py'...
[31.772s] Listing '/home/zac/ws_zac/install/turtlesim/local/lib/python3.10/dist-packages/turtlesim/msg'...
[31.773s] Compiling '/home/zac/ws_zac/install/turtlesim/local/lib/python3.10/dist-packages/turtlesim/msg/__init__.py'...
[31.773s] Compiling '/home/zac/ws_zac/install/turtlesim/local/lib/python3.10/dist-packages/turtlesim/msg/_color.py'...
[31.773s] Compiling '/home/zac/ws_zac/install/turtlesim/local/lib/python3.10/dist-packages/turtlesim/msg/_pose.py'...
[31.773s] Listing '/home/zac/ws_zac/install/turtlesim/local/lib/python3.10/dist-packages/turtlesim/srv'...
[31.773s] Compiling '/home/zac/ws_zac/install/turtlesim/local/lib/python3.10/dist-packages/turtlesim/srv/__init__.py'...
[31.773s] Compiling '/home/zac/ws_zac/install/turtlesim/local/lib/python3.10/dist-packages/turtlesim/srv/_kill.py'...
[31.773s] Compiling '/home/zac/ws_zac/install/turtlesim/local/lib/python3.10/dist-packages/turtlesim/srv/_set_pen.py'...
[31.773s] Compiling '/home/zac/ws_zac/install/turtlesim/local/lib/python3.10/dist-packages/turtlesim/srv/_spawn.py'...
[31.773s] Compiling '/home/zac/ws_zac/install/turtlesim/local/lib/python3.10/dist-packages/turtlesim/srv/_teleport_absolute.py'...
[31.773s] Compiling '/home/zac/ws_zac/install/turtlesim/local/lib/python3.10/dist-packages/turtlesim/srv/_teleport_relative.py'...
[31.777s] -- Installing: /home/zac/ws_zac/install/turtlesim/local/lib/python3.10/dist-packages/turtlesim/turtlesim_s__rosidl_typesupport_introspection_c.cpython-310-x86_64-linux-gnu.so
[31.777s] -- Set runtime path of "/home/zac/ws_zac/install/turtlesim/local/lib/python3.10/dist-packages/turtlesim/turtlesim_s__rosidl_typesupport_introspection_c.cpython-310-x86_64-linux-gnu.so" to ""
[31.777s] -- Installing: /home/zac/ws_zac/install/turtlesim/local/lib/python3.10/dist-packages/turtlesim/turtlesim_s__rosidl_typesupport_fastrtps_c.cpython-310-x86_64-linux-gnu.so
[31.778s] -- Set runtime path of "/home/zac/ws_zac/install/turtlesim/local/lib/python3.10/dist-packages/turtlesim/turtlesim_s__rosidl_typesupport_fastrtps_c.cpython-310-x86_64-linux-gnu.so" to ""
[31.778s] -- Installing: /home/zac/ws_zac/install/turtlesim/local/lib/python3.10/dist-packages/turtlesim/turtlesim_s__rosidl_typesupport_c.cpython-310-x86_64-linux-gnu.so
[31.778s] -- Set runtime path of "/home/zac/ws_zac/install/turtlesim/local/lib/python3.10/dist-packages/turtlesim/turtlesim_s__rosidl_typesupport_c.cpython-310-x86_64-linux-gnu.so" to ""
[31.778s] -- Installing: /home/zac/ws_zac/install/turtlesim/lib/libturtlesim__rosidl_generator_py.so
[31.778s] -- Set runtime path of "/home/zac/ws_zac/install/turtlesim/lib/libturtlesim__rosidl_generator_py.so" to ""
[31.778s] -- Installing: /home/zac/ws_zac/install/turtlesim/share/turtlesim/action/RotateAbsolute.idl
[31.779s] -- Installing: /home/zac/ws_zac/install/turtlesim/share/turtlesim/msg/Color.idl
[31.779s] -- Installing: /home/zac/ws_zac/install/turtlesim/share/turtlesim/msg/Pose.idl
[31.779s] -- Installing: /home/zac/ws_zac/install/turtlesim/share/turtlesim/srv/Kill.idl
[31.779s] -- Installing: /home/zac/ws_zac/install/turtlesim/share/turtlesim/srv/SetPen.idl
[31.779s] -- Installing: /home/zac/ws_zac/install/turtlesim/share/turtlesim/srv/Spawn.idl
[31.779s] -- Installing: /home/zac/ws_zac/install/turtlesim/share/turtlesim/srv/TeleportAbsolute.idl
[31.780s] -- Installing: /home/zac/ws_zac/install/turtlesim/share/turtlesim/srv/TeleportRelative.idl
[31.780s] -- Installing: /home/zac/ws_zac/install/turtlesim/share/turtlesim/action/RotateAbsolute.action
[31.780s] -- Installing: /home/zac/ws_zac/install/turtlesim/share/turtlesim/msg/Color.msg
[31.780s] -- Installing: /home/zac/ws_zac/install/turtlesim/share/turtlesim/msg/Pose.msg
[31.780s] -- Installing: /home/zac/ws_zac/install/turtlesim/share/turtlesim/srv/Kill.srv
[31.781s] -- Installing: /home/zac/ws_zac/install/turtlesim/share/turtlesim/srv/Kill_Request.msg
[31.781s] -- Installing: /home/zac/ws_zac/install/turtlesim/share/turtlesim/srv/Kill_Response.msg
[31.781s] -- Installing: /home/zac/ws_zac/install/turtlesim/share/turtlesim/srv/SetPen.srv
[31.781s] -- Installing: /home/zac/ws_zac/install/turtlesim/share/turtlesim/srv/SetPen_Request.msg
[31.781s] -- Installing: /home/zac/ws_zac/install/turtlesim/share/turtlesim/srv/SetPen_Response.msg
[31.781s] -- Installing: /home/zac/ws_zac/install/turtlesim/share/turtlesim/srv/Spawn.srv
[31.781s] -- Installing: /home/zac/ws_zac/install/turtlesim/share/turtlesim/srv/Spawn_Request.msg
[31.781s] -- Installing: /home/zac/ws_zac/install/turtlesim/share/turtlesim/srv/Spawn_Response.msg
[31.782s] -- Installing: /home/zac/ws_zac/install/turtlesim/share/turtlesim/srv/TeleportAbsolute.srv
[31.782s] -- Installing: /home/zac/ws_zac/install/turtlesim/share/turtlesim/srv/TeleportAbsolute_Request.msg
[31.782s] -- Installing: /home/zac/ws_zac/install/turtlesim/share/turtlesim/srv/TeleportAbsolute_Response.msg
[31.782s] -- Installing: /home/zac/ws_zac/install/turtlesim/share/turtlesim/srv/TeleportRelative.srv
[31.782s] -- Installing: /home/zac/ws_zac/install/turtlesim/share/turtlesim/srv/TeleportRelative_Request.msg
[31.782s] -- Installing: /home/zac/ws_zac/install/turtlesim/share/turtlesim/srv/TeleportRelative_Response.msg
[31.782s] -- Installing: /home/zac/ws_zac/install/turtlesim/lib/turtlesim/turtlesim_node
[31.788s] -- Set runtime path of "/home/zac/ws_zac/install/turtlesim/lib/turtlesim/turtlesim_node" to ""
[31.789s] -- Installing: /home/zac/ws_zac/install/turtlesim/lib/turtlesim/turtle_teleop_key
[31.790s] -- Set runtime path of "/home/zac/ws_zac/install/turtlesim/lib/turtlesim/turtle_teleop_key" to ""
[31.790s] -- Installing: /home/zac/ws_zac/install/turtlesim/lib/turtlesim/draw_square
[31.793s] -- Set runtime path of "/home/zac/ws_zac/install/turtlesim/lib/turtlesim/draw_square" to ""
[31.793s] -- Installing: /home/zac/ws_zac/install/turtlesim/lib/turtlesim/mimic
[31.795s] -- Set runtime path of "/home/zac/ws_zac/install/turtlesim/lib/turtlesim/mimic" to ""
[31.795s] -- Installing: /home/zac/ws_zac/install/turtlesim/share/turtlesim/images
[31.796s] -- Installing: /home/zac/ws_zac/install/turtlesim/share/turtlesim/images/bouncy.png
[31.796s] -- Installing: /home/zac/ws_zac/install/turtlesim/share/turtlesim/images/humble.png
[31.797s] -- Installing: /home/zac/ws_zac/install/turtlesim/share/turtlesim/images/dashing.png
[31.797s] -- Installing: /home/zac/ws_zac/install/turtlesim/share/turtlesim/images/ardent.png
[31.797s] -- Installing: /home/zac/ws_zac/install/turtlesim/share/turtlesim/images/crystal.png
[31.797s] -- Installing: /home/zac/ws_zac/install/turtlesim/share/turtlesim/images/rolling.png
[31.797s] -- Installing: /home/zac/ws_zac/install/turtlesim/share/turtlesim/images/foxy.png
[31.797s] -- Installing: /home/zac/ws_zac/install/turtlesim/share/turtlesim/images/eloquent.png
[31.797s] -- Installing: /home/zac/ws_zac/install/turtlesim/share/turtlesim/images/galactic.png
[31.797s] -- Installing: /home/zac/ws_zac/install/turtlesim/share/turtlesim/launch
[31.797s] -- Installing: /home/zac/ws_zac/install/turtlesim/share/turtlesim/launch/multisim.launch.py
[31.797s] -- Installing: /home/zac/ws_zac/install/turtlesim/share/ament_index/resource_index/package_run_dependencies/turtlesim
[31.798s] -- Installing: /home/zac/ws_zac/install/turtlesim/share/ament_index/resource_index/parent_prefix_path/turtlesim
[31.798s] -- Installing: /home/zac/ws_zac/install/turtlesim/share/turtlesim/environment/ament_prefix_path.sh
[31.798s] -- Installing: /home/zac/ws_zac/install/turtlesim/share/turtlesim/environment/ament_prefix_path.dsv
[31.798s] -- Installing: /home/zac/ws_zac/install/turtlesim/share/turtlesim/environment/path.sh
[31.798s] -- Installing: /home/zac/ws_zac/install/turtlesim/share/turtlesim/environment/path.dsv
[31.798s] -- Installing: /home/zac/ws_zac/install/turtlesim/share/turtlesim/local_setup.bash
[31.799s] -- Installing: /home/zac/ws_zac/install/turtlesim/share/turtlesim/local_setup.sh
[31.799s] -- Installing: /home/zac/ws_zac/install/turtlesim/share/turtlesim/local_setup.zsh
[31.799s] -- Installing: /home/zac/ws_zac/install/turtlesim/share/turtlesim/local_setup.dsv
[31.799s] -- Installing: /home/zac/ws_zac/install/turtlesim/share/turtlesim/package.dsv
[31.799s] -- Installing: /home/zac/ws_zac/install/turtlesim/share/ament_index/resource_index/packages/turtlesim
[31.799s] -- Installing: /home/zac/ws_zac/install/turtlesim/share/turtlesim/cmake/export_turtlesim__rosidl_generator_cExport.cmake
[31.799s] -- Installing: /home/zac/ws_zac/install/turtlesim/share/turtlesim/cmake/export_turtlesim__rosidl_generator_cExport-noconfig.cmake
[31.800s] -- Installing: /home/zac/ws_zac/install/turtlesim/share/turtlesim/cmake/export_turtlesim__rosidl_typesupport_fastrtps_cExport.cmake
[31.800s] -- Installing: /home/zac/ws_zac/install/turtlesim/share/turtlesim/cmake/export_turtlesim__rosidl_typesupport_fastrtps_cExport-noconfig.cmake
[31.800s] -- Installing: /home/zac/ws_zac/install/turtlesim/share/turtlesim/cmake/export_turtlesim__rosidl_generator_cppExport.cmake
[31.800s] -- Installing: /home/zac/ws_zac/install/turtlesim/share/turtlesim/cmake/export_turtlesim__rosidl_typesupport_fastrtps_cppExport.cmake
[31.800s] -- Installing: /home/zac/ws_zac/install/turtlesim/share/turtlesim/cmake/export_turtlesim__rosidl_typesupport_fastrtps_cppExport-noconfig.cmake
[31.801s] -- Installing: /home/zac/ws_zac/install/turtlesim/share/turtlesim/cmake/turtlesim__rosidl_typesupport_introspection_cExport.cmake
[31.801s] -- Installing: /home/zac/ws_zac/install/turtlesim/share/turtlesim/cmake/turtlesim__rosidl_typesupport_introspection_cExport-noconfig.cmake
[31.801s] -- Installing: /home/zac/ws_zac/install/turtlesim/share/turtlesim/cmake/turtlesim__rosidl_typesupport_cExport.cmake
[31.801s] -- Installing: /home/zac/ws_zac/install/turtlesim/share/turtlesim/cmake/turtlesim__rosidl_typesupport_cExport-noconfig.cmake
[31.802s] -- Installing: /home/zac/ws_zac/install/turtlesim/share/turtlesim/cmake/turtlesim__rosidl_typesupport_introspection_cppExport.cmake
[31.802s] -- Installing: /home/zac/ws_zac/install/turtlesim/share/turtlesim/cmake/turtlesim__rosidl_typesupport_introspection_cppExport-noconfig.cmake
[31.802s] -- Installing: /home/zac/ws_zac/install/turtlesim/share/turtlesim/cmake/turtlesim__rosidl_typesupport_cppExport.cmake
[31.802s] -- Installing: /home/zac/ws_zac/install/turtlesim/share/turtlesim/cmake/turtlesim__rosidl_typesupport_cppExport-noconfig.cmake
[31.802s] -- Installing: /home/zac/ws_zac/install/turtlesim/share/turtlesim/cmake/export_turtlesim__rosidl_generator_pyExport.cmake
[31.802s] -- Installing: /home/zac/ws_zac/install/turtlesim/share/turtlesim/cmake/export_turtlesim__rosidl_generator_pyExport-noconfig.cmake
[31.802s] -- Installing: /home/zac/ws_zac/install/turtlesim/share/turtlesim/cmake/rosidl_cmake-extras.cmake
[31.802s] -- Installing: /home/zac/ws_zac/install/turtlesim/share/turtlesim/cmake/ament_cmake_export_dependencies-extras.cmake
[31.802s] -- Installing: /home/zac/ws_zac/install/turtlesim/share/turtlesim/cmake/ament_cmake_export_include_directories-extras.cmake
[31.802s] -- Installing: /home/zac/ws_zac/install/turtlesim/share/turtlesim/cmake/ament_cmake_export_libraries-extras.cmake
[31.802s] -- Installing: /home/zac/ws_zac/install/turtlesim/share/turtlesim/cmake/ament_cmake_export_targets-extras.cmake
[31.803s] -- Installing: /home/zac/ws_zac/install/turtlesim/share/turtlesim/cmake/rosidl_cmake_export_typesupport_targets-extras.cmake
[31.803s] -- Installing: /home/zac/ws_zac/install/turtlesim/share/turtlesim/cmake/rosidl_cmake_export_typesupport_libraries-extras.cmake
[31.803s] -- Installing: /home/zac/ws_zac/install/turtlesim/share/turtlesim/cmake/turtlesimConfig.cmake
[31.803s] -- Installing: /home/zac/ws_zac/install/turtlesim/share/turtlesim/cmake/turtlesimConfig-version.cmake
[31.803s] -- Installing: /home/zac/ws_zac/install/turtlesim/share/turtlesim/package.xml
[31.809s] Invoked command in '/home/zac/ws_zac/build/turtlesim' returned '0': CMAKE_PREFIX_PATH=${CMAKE_PREFIX_PATH}:/home/zac/ws_moveit2/install/moveit_configs_utils:/home/zac/ws_moveit2/install/launch_param_builder:/home/zac/ros2_humble/install/rqt_bag_plugins:/home/zac/ros2_humble/install/rqt_bag:/home/zac/ros2_humble/install/ros2bag:/home/zac/ros2_humble/install/tracetools_test:/home/zac/ros2_humble/install/tracetools_launch:/home/zac/ros2_humble/install/topic_monitor:/home/zac/ros2_humble/install/tf2_tools:/home/zac/ros2_humble/install/examples_tf2_py:/home/zac/ros2_humble/install/tf2_ros_py:/home/zac/ros2_humble/install/sros2:/home/zac/ros2_humble/install/rqt_topic:/home/zac/ros2_humble/install/rqt_srv:/home/zac/ros2_humble/install/rqt_shell:/home/zac/ros2_humble/install/rqt_service_caller:/home/zac/ros2_humble/install/rqt_reconfigure:/home/zac/ros2_humble/install/rqt_py_console:/home/zac/ros2_humble/install/rqt_publisher:/home/zac/ros2_humble/install/rqt_plot:/home/zac/ros2_humble/install/rqt_action:/home/zac/ros2_humble/install/rqt_msg:/home/zac/ros2_humble/install/rqt_console:/home/zac/ros2_humble/install/rqt:/home/zac/ros2_humble/install/rqt_graph:/home/zac/ros2_humble/install/rqt_gui_py:/home/zac/ros2_humble/install/rqt_gui:/home/zac/ros2_humble/install/ros2trace:/home/zac/ros2_humble/install/ros2topic:/home/zac/ros2_humble/install/ros2test:/home/zac/ros2_humble/install/ros2component:/home/zac/ros2_humble/install/ros2param:/home/zac/ros2_humble/install/ros2lifecycle:/home/zac/ros2_humble/install/ros2service:/home/zac/ros2_humble/install/ros2run:/home/zac/ros2_humble/install/ros2launch:/home/zac/ros2_humble/install/ros2pkg:/home/zac/ros2_humble/install/ros2node:/home/zac/ros2_humble/install/ros2multicast:/home/zac/ros2_humble/install/ros2interface:/home/zac/ros2_humble/install/ros2doctor:/home/zac/ros2_humble/install/ros2action:/home/zac/ros2_humble/install/ros2cli:/home/zac/ros2_humble/install/quality_of_service_demo_py:/home/zac/ros2_humble/install/lifecycle_py:/home/zac/ros2_humble/install/launch_testing_ros:/home/zac/ros2_humble/install/launch_ros:/home/zac/ros2_humble/install/examples_rclpy_pointcloud_publisher:/home/zac/ros2_humble/install/examples_rclpy_minimal_subscriber:/home/zac/ros2_humble/install/examples_rclpy_minimal_service:/home/zac/ros2_humble/install/examples_rclpy_minimal_publisher:/home/zac/ros2_humble/install/examples_rclpy_minimal_client:/home/zac/ros2_humble/install/examples_rclpy_minimal_action_server:/home/zac/ros2_humble/install/examples_rclpy_minimal_action_client:/home/zac/ros2_humble/install/examples_rclpy_guard_conditions:/home/zac/ros2_humble/install/examples_rclpy_executors:/home/zac/ros2_humble/install/demo_nodes_py:/home/zac/ros2_humble/install/action_tutorials_py:/home/zac/ros2_humble/install/ament_uncrustify:/home/zac/ros2_humble/install/tracetools_trace:/home/zac/ros2_humble/install/tracetools_read:/home/zac/ros2_humble/install/test_tracetools_launch:/home/zac/ros2_humble/install/test_launch_ros:/home/zac/ros2_humble/install/sensor_msgs_py:/home/zac/ros2_humble/install/rpyutils:/home/zac/ros2_humble/install/rosidl_runtime_py:/home/zac/ros2_humble/install/rosidl_cli:/home/zac/ros2_humble/install/launch_pytest:/home/zac/ros2_humble/install/launch_testing:/home/zac/ros2_humble/install/launch_yaml:/home/zac/ros2_humble/install/launch_xml:/home/zac/ros2_humble/install/launch:/home/zac/ros2_humble/install/osrf_pycommon:/home/zac/ros2_humble/install/launch_testing_examples:/home/zac/ros2_humble/install/domain_coordinator:/home/zac/ros2_humble/install/ament_xmllint:/home/zac/ros2_humble/install/ament_pyflakes:/home/zac/ros2_humble/install/ament_pycodestyle:/home/zac/ros2_humble/install/ament_pep257:/home/zac/ros2_humble/install/ament_pclint:/home/zac/ros2_humble/install/ament_package:/home/zac/ros2_humble/install/ament_mypy:/home/zac/ros2_humble/install/ament_lint_cmake:/home/zac/ros2_humble/install/ament_flake8:/home/zac/ros2_humble/install/ament_copyright:/home/zac/ros2_humble/install/ament_lint:/home/zac/ros2_humble/install/ament_index_python:/home/zac/ros2_humble/install/ament_cpplint:/home/zac/ros2_humble/install/ament_cppcheck:/home/zac/ros2_humble/install/ament_clang_tidy:/home/zac/ros2_humble/install/ament_clang_format:/opt/ros/humble /usr/bin/cmake --install /home/zac/ws_zac/build/turtlesim
