-- The C compiler identification is GNU 11.3.0
-- The CXX compiler identification is GNU 11.3.0
-- Detecting C compiler ABI info
-- Detecting C compiler ABI info - done
-- Check for working C compiler: /usr/bin/cc - skipped
-- Detecting C compile features
-- Detecting C compile features - done
-- Detecting CXX compiler ABI info
-- Detecting CXX compiler ABI info - done
-- Check for working CXX compiler: /usr/bin/c++ - skipped
-- Detecting CXX compile features
-- Detecting CXX compile features - done
-- Found ament_cmake: 1.3.4 (/home/zac/ros2_humble/install/ament_cmake/share/ament_cmake/cmake)
-- Found Python3: /usr/bin/python3.10 (found version "3.10.6") found components: Interpreter 
-- Configuring done
-- Generating done
-- Build files have been written to: /home/zac/ws_zac/build/rfl_description
-- Install configuration: ""
-- Installing: /home/zac/ws_zac/install/rfl_description/share/ament_index/resource_index/package_run_dependencies/rfl_description
-- Installing: /home/zac/ws_zac/install/rfl_description/share/ament_index/resource_index/parent_prefix_path/rfl_description
-- Installing: /home/zac/ws_zac/install/rfl_description/share/rfl_description/environment/ament_prefix_path.sh
-- Installing: /home/zac/ws_zac/install/rfl_description/share/rfl_description/environment/ament_prefix_path.dsv
-- Installing: /home/zac/ws_zac/install/rfl_description/share/rfl_description/environment/path.sh
-- Installing: /home/zac/ws_zac/install/rfl_description/share/rfl_description/environment/path.dsv
-- Installing: /home/zac/ws_zac/install/rfl_description/share/rfl_description/local_setup.bash
-- Installing: /home/zac/ws_zac/install/rfl_description/share/rfl_description/local_setup.sh
-- Installing: /home/zac/ws_zac/install/rfl_description/share/rfl_description/local_setup.zsh
-- Installing: /home/zac/ws_zac/install/rfl_description/share/rfl_description/local_setup.dsv
-- Installing: /home/zac/ws_zac/install/rfl_description/share/rfl_description/package.dsv
-- Installing: /home/zac/ws_zac/install/rfl_description/share/ament_index/resource_index/packages/rfl_description
-- Installing: /home/zac/ws_zac/install/rfl_description/share/rfl_description/cmake/rfl_descriptionConfig.cmake
-- Installing: /home/zac/ws_zac/install/rfl_description/share/rfl_description/cmake/rfl_descriptionConfig-version.cmake
-- Installing: /home/zac/ws_zac/install/rfl_description/share/rfl_description/package.xml
-- Installing: /home/zac/ws_zac/install/rfl_description/share/rfl_description/launch
-- Installing: /home/zac/ws_zac/install/rfl_description/share/rfl_description/launch/display.launch
-- Installing: /home/zac/ws_zac/install/rfl_description/share/rfl_description/meshes
-- Installing: /home/zac/ws_zac/install/rfl_description/share/rfl_description/meshes/visual
-- Installing: /home/zac/ws_zac/install/rfl_description/share/rfl_description/meshes/visual/link_4.stl
-- Installing: /home/zac/ws_zac/install/rfl_description/share/rfl_description/meshes/visual/rfl_floor_and_columns.stl
-- Installing: /home/zac/ws_zac/install/rfl_description/share/rfl_description/meshes/visual/link_6.stl
-- Installing: /home/zac/ws_zac/install/rfl_description/share/rfl_description/meshes/visual/group2_xy_cart.stl
-- Installing: /home/zac/ws_zac/install/rfl_description/share/rfl_description/meshes/visual/link_2.stl
-- Installing: /home/zac/ws_zac/install/rfl_description/share/rfl_description/meshes/visual/base_link.stl
-- Installing: /home/zac/ws_zac/install/rfl_description/share/rfl_description/meshes/visual/x_rail.stl
-- Installing: /home/zac/ws_zac/install/rfl_description/share/rfl_description/meshes/visual/group2_z_axis.stl
-- Installing: /home/zac/ws_zac/install/rfl_description/share/rfl_description/meshes/visual/group1_z_axis.stl
-- Installing: /home/zac/ws_zac/install/rfl_description/share/rfl_description/meshes/visual/y_gantry.stl
-- Installing: /home/zac/ws_zac/install/rfl_description/share/rfl_description/meshes/visual/link_5.stl
-- Installing: /home/zac/ws_zac/install/rfl_description/share/rfl_description/meshes/visual/link_3.stl
-- Installing: /home/zac/ws_zac/install/rfl_description/share/rfl_description/meshes/visual/group1_xy_cart.stl
-- Installing: /home/zac/ws_zac/install/rfl_description/share/rfl_description/meshes/visual/link_1.stl
-- Installing: /home/zac/ws_zac/install/rfl_description/share/rfl_description/meshes/collision
-- Installing: /home/zac/ws_zac/install/rfl_description/share/rfl_description/meshes/collision/base_link.3dm
-- Installing: /home/zac/ws_zac/install/rfl_description/share/rfl_description/meshes/collision/link_3.3dm
-- Installing: /home/zac/ws_zac/install/rfl_description/share/rfl_description/meshes/collision/link_2.obj
-- Installing: /home/zac/ws_zac/install/rfl_description/share/rfl_description/meshes/collision/rfl_floor_and_columns.stl
-- Installing: /home/zac/ws_zac/install/rfl_description/share/rfl_description/meshes/collision/link_3.obj
-- Installing: /home/zac/ws_zac/install/rfl_description/share/rfl_description/meshes/collision/ViewCapture20230426_150019.jpg
-- Installing: /home/zac/ws_zac/install/rfl_description/share/rfl_description/meshes/collision/link_1.obj
-- Installing: /home/zac/ws_zac/install/rfl_description/share/rfl_description/meshes/collision/group2_xy_cart.stl
-- Installing: /home/zac/ws_zac/install/rfl_description/share/rfl_description/meshes/collision/link_4.3dm
-- Installing: /home/zac/ws_zac/install/rfl_description/share/rfl_description/meshes/collision/link_5.obj
-- Installing: /home/zac/ws_zac/install/rfl_description/share/rfl_description/meshes/collision/x_rail.stl
-- Installing: /home/zac/ws_zac/install/rfl_description/share/rfl_description/meshes/collision/group1_z_axis.stlbak
-- Installing: /home/zac/ws_zac/install/rfl_description/share/rfl_description/meshes/collision/link_6.obj
-- Installing: /home/zac/ws_zac/install/rfl_description/share/rfl_description/meshes/collision/group2_z_axis.stl
-- Installing: /home/zac/ws_zac/install/rfl_description/share/rfl_description/meshes/collision/base_link.obj
-- Installing: /home/zac/ws_zac/install/rfl_description/share/rfl_description/meshes/collision/link_2.3dm
-- Installing: /home/zac/ws_zac/install/rfl_description/share/rfl_description/meshes/collision/group1_z_axis.stl
-- Installing: /home/zac/ws_zac/install/rfl_description/share/rfl_description/meshes/collision/y_gantry.stl
-- Installing: /home/zac/ws_zac/install/rfl_description/share/rfl_description/meshes/collision/ViewCapture20230426_150623.jpg
-- Installing: /home/zac/ws_zac/install/rfl_description/share/rfl_description/meshes/collision/ViewCapture20230426_150142.jpg
-- Installing: /home/zac/ws_zac/install/rfl_description/share/rfl_description/meshes/collision/link_1.3dm
-- Installing: /home/zac/ws_zac/install/rfl_description/share/rfl_description/meshes/collision/group1_xy_cart.stl
-- Installing: /home/zac/ws_zac/install/rfl_description/share/rfl_description/meshes/collision/group1_z_axis.3dm
-- Installing: /home/zac/ws_zac/install/rfl_description/share/rfl_description/meshes/collision/link_4.obj
-- Installing: /home/zac/ws_zac/install/rfl_description/share/rfl_description/urdf
-- Installing: /home/zac/ws_zac/install/rfl_description/share/rfl_description/urdf/rfl.srdf
-- Installing: /home/zac/ws_zac/install/rfl_description/share/rfl_description/urdf/rfl_pybullet.urdf
-- Installing: /home/zac/ws_zac/install/rfl_description/share/rfl_description/urdf/bridge_macro.xacro
-- Installing: /home/zac/ws_zac/install/rfl_description/share/rfl_description/urdf/rfl.xacro
-- Installing: /home/zac/ws_zac/install/rfl_description/share/rfl_description/urdf/rfl.urdf
-- Installing: /home/zac/ws_zac/install/rfl_description/share/rfl_description/urdf/cart_macro.xacro
-- Installing: /home/zac/ws_zac/install/rfl_description/share/rfl_description/rviz
-- Installing: /home/zac/ws_zac/install/rfl_description/share/rfl_description/rviz/urdf.rviz
