[0.572s] DEBUG:colcon:Command line arguments: ['/usr/bin/colcon', 'build', '--packages-select', 'abb_libegm']
[0.572s] DEBUG:colcon:Parsed command line arguments: Namespace(log_base=None, log_level=None, verb_name='build', build_base='build', install_base='install', merge_install=False, symlink_install=False, test_result_base=None, continue_on_error=False, executor='parallel', parallel_workers=16, event_handlers=None, ignore_user_meta=False, metas=['./colcon.meta'], base_paths=['.'], packages_ignore=None, packages_ignore_regex=None, paths=None, packages_up_to=None, packages_up_to_regex=None, packages_above=None, packages_above_and_dependencies=None, packages_above_depth=None, packages_select_by_dep=None, packages_skip_by_dep=None, packages_skip_up_to=None, packages_select_build_failed=False, packages_skip_build_finished=False, packages_select_test_failures=False, packages_skip_test_passed=False, packages_select=['abb_libegm'], packages_skip=None, packages_select_regex=None, packages_skip_regex=None, packages_start=None, packages_end=None, allow_overriding=[], cmake_args=None, cmake_target=None, cmake_target_skip_unavailable=False, cmake_clean_cache=False, cmake_clean_first=False, cmake_force_configure=False, ament_cmake_args=None, catkin_cmake_args=None, catkin_skip_building_tests=False, mixin_files=None, mixin=None, verb_parser=<colcon_mixin.mixin.mixin_argument.MixinArgumentDecorator object at 0x7f4242247400>, verb_extension=<colcon_core.verb.build.BuildVerb object at 0x7f4242246d70>, main=<bound method BuildVerb.main of <colcon_core.verb.build.BuildVerb object at 0x7f4242246d70>>, mixin_verb=('build',))
[0.603s] Level 1:colcon.colcon_core.package_discovery:discover_packages(colcon_meta) check parameters
[0.603s] Level 1:colcon.colcon_core.package_discovery:discover_packages(recursive) check parameters
[0.603s] Level 1:colcon.colcon_core.package_discovery:discover_packages(ignore) check parameters
[0.603s] Level 1:colcon.colcon_core.package_discovery:discover_packages(path) check parameters
[0.603s] Level 1:colcon.colcon_core.package_discovery:discover_packages(colcon_meta) discover
[0.603s] Level 1:colcon.colcon_core.package_discovery:discover_packages(recursive) discover
[0.603s] INFO:colcon.colcon_core.package_discovery:Crawling recursively for packages in '/home/zac/ws_zac'
[0.603s] Level 1:colcon.colcon_core.package_identification:_identify(.) by extensions ['ignore', 'ignore_ament_install']
[0.604s] Level 1:colcon.colcon_core.package_identification:_identify(.) by extension 'ignore'
[0.604s] Level 1:colcon.colcon_core.package_identification:_identify(.) by extension 'ignore_ament_install'
[0.604s] Level 1:colcon.colcon_core.package_identification:_identify(.) by extensions ['colcon_pkg']
[0.604s] Level 1:colcon.colcon_core.package_identification:_identify(.) by extension 'colcon_pkg'
[0.604s] Level 1:colcon.colcon_core.package_identification:_identify(.) by extensions ['colcon_meta']
[0.604s] Level 1:colcon.colcon_core.package_identification:_identify(.) by extension 'colcon_meta'
[0.604s] Level 1:colcon.colcon_core.package_identification:_identify(.) by extensions ['ros']
[0.604s] Level 1:colcon.colcon_core.package_identification:_identify(.) by extension 'ros'
[0.613s] Level 1:colcon.colcon_core.package_identification:_identify(.) by extensions ['cmake', 'python']
[0.613s] Level 1:colcon.colcon_core.package_identification:_identify(.) by extension 'cmake'
[0.614s] Level 1:colcon.colcon_core.package_identification:_identify(.) by extension 'python'
[0.614s] Level 1:colcon.colcon_core.package_identification:_identify(.) by extensions ['python_setup_py']
[0.614s] Level 1:colcon.colcon_core.package_identification:_identify(.) by extension 'python_setup_py'
[0.614s] Level 1:colcon.colcon_core.package_identification:_identify(build) by extensions ['ignore', 'ignore_ament_install']
[0.614s] Level 1:colcon.colcon_core.package_identification:_identify(build) by extension 'ignore'
[0.614s] Level 1:colcon.colcon_core.package_identification:_identify(build) ignored
[0.614s] Level 1:colcon.colcon_core.package_identification:_identify(install) by extensions ['ignore', 'ignore_ament_install']
[0.614s] Level 1:colcon.colcon_core.package_identification:_identify(install) by extension 'ignore'
[0.614s] Level 1:colcon.colcon_core.package_identification:_identify(install) ignored
[0.614s] Level 1:colcon.colcon_core.package_identification:_identify(log) by extensions ['ignore', 'ignore_ament_install']
[0.614s] Level 1:colcon.colcon_core.package_identification:_identify(log) by extension 'ignore'
[0.614s] Level 1:colcon.colcon_core.package_identification:_identify(log) ignored
[0.614s] Level 1:colcon.colcon_core.package_identification:_identify(src) by extensions ['ignore', 'ignore_ament_install']
[0.614s] Level 1:colcon.colcon_core.package_identification:_identify(src) by extension 'ignore'
[0.615s] Level 1:colcon.colcon_core.package_identification:_identify(src) by extension 'ignore_ament_install'
[0.615s] Level 1:colcon.colcon_core.package_identification:_identify(src) by extensions ['colcon_pkg']
[0.615s] Level 1:colcon.colcon_core.package_identification:_identify(src) by extension 'colcon_pkg'
[0.615s] Level 1:colcon.colcon_core.package_identification:_identify(src) by extensions ['colcon_meta']
[0.615s] Level 1:colcon.colcon_core.package_identification:_identify(src) by extension 'colcon_meta'
[0.615s] Level 1:colcon.colcon_core.package_identification:_identify(src) by extensions ['ros']
[0.615s] Level 1:colcon.colcon_core.package_identification:_identify(src) by extension 'ros'
[0.615s] Level 1:colcon.colcon_core.package_identification:_identify(src) by extensions ['cmake', 'python']
[0.615s] Level 1:colcon.colcon_core.package_identification:_identify(src) by extension 'cmake'
[0.615s] Level 1:colcon.colcon_core.package_identification:_identify(src) by extension 'python'
[0.615s] Level 1:colcon.colcon_core.package_identification:_identify(src) by extensions ['python_setup_py']
[0.615s] Level 1:colcon.colcon_core.package_identification:_identify(src) by extension 'python_setup_py'
[0.615s] Level 1:colcon.colcon_core.package_identification:_identify(src/abb_crb15000_5_95_moveit_config) by extensions ['ignore', 'ignore_ament_install']
[0.615s] Level 1:colcon.colcon_core.package_identification:_identify(src/abb_crb15000_5_95_moveit_config) by extension 'ignore'
[0.616s] Level 1:colcon.colcon_core.package_identification:_identify(src/abb_crb15000_5_95_moveit_config) by extension 'ignore_ament_install'
[0.616s] Level 1:colcon.colcon_core.package_identification:_identify(src/abb_crb15000_5_95_moveit_config) by extensions ['colcon_pkg']
[0.616s] Level 1:colcon.colcon_core.package_identification:_identify(src/abb_crb15000_5_95_moveit_config) by extension 'colcon_pkg'
[0.616s] Level 1:colcon.colcon_core.package_identification:_identify(src/abb_crb15000_5_95_moveit_config) by extensions ['colcon_meta']
[0.616s] Level 1:colcon.colcon_core.package_identification:_identify(src/abb_crb15000_5_95_moveit_config) by extension 'colcon_meta'
[0.616s] Level 1:colcon.colcon_core.package_identification:_identify(src/abb_crb15000_5_95_moveit_config) by extensions ['ros']
[0.616s] Level 1:colcon.colcon_core.package_identification:_identify(src/abb_crb15000_5_95_moveit_config) by extension 'ros'
[0.618s] DEBUG:colcon.colcon_core.package_identification:Package 'src/abb_crb15000_5_95_moveit_config' with type 'ros.ament_cmake' and name 'abb_crb15000_5_95_moveit_config'
[0.618s] Level 1:colcon.colcon_core.package_identification:_identify(src/abb_crb15000_support) by extensions ['ignore', 'ignore_ament_install']
[0.618s] Level 1:colcon.colcon_core.package_identification:_identify(src/abb_crb15000_support) by extension 'ignore'
[0.618s] Level 1:colcon.colcon_core.package_identification:_identify(src/abb_crb15000_support) by extension 'ignore_ament_install'
[0.619s] Level 1:colcon.colcon_core.package_identification:_identify(src/abb_crb15000_support) by extensions ['colcon_pkg']
[0.619s] Level 1:colcon.colcon_core.package_identification:_identify(src/abb_crb15000_support) by extension 'colcon_pkg'
[0.619s] Level 1:colcon.colcon_core.package_identification:_identify(src/abb_crb15000_support) by extensions ['colcon_meta']
[0.619s] Level 1:colcon.colcon_core.package_identification:_identify(src/abb_crb15000_support) by extension 'colcon_meta'
[0.619s] Level 1:colcon.colcon_core.package_identification:_identify(src/abb_crb15000_support) by extensions ['ros']
[0.619s] Level 1:colcon.colcon_core.package_identification:_identify(src/abb_crb15000_support) by extension 'ros'
[0.619s] DEBUG:colcon.colcon_core.package_identification:Package 'src/abb_crb15000_support' with type 'ros.ament_cmake' and name 'abb_crb15000_support'
[0.619s] Level 1:colcon.colcon_core.package_identification:_identify(src/abb_egm_rws_managers) by extensions ['ignore', 'ignore_ament_install']
[0.620s] Level 1:colcon.colcon_core.package_identification:_identify(src/abb_egm_rws_managers) by extension 'ignore'
[0.620s] Level 1:colcon.colcon_core.package_identification:_identify(src/abb_egm_rws_managers) by extension 'ignore_ament_install'
[0.620s] Level 1:colcon.colcon_core.package_identification:_identify(src/abb_egm_rws_managers) by extensions ['colcon_pkg']
[0.620s] Level 1:colcon.colcon_core.package_identification:_identify(src/abb_egm_rws_managers) by extension 'colcon_pkg'
[0.620s] Level 1:colcon.colcon_core.package_identification:_identify(src/abb_egm_rws_managers) by extensions ['colcon_meta']
[0.620s] Level 1:colcon.colcon_core.package_identification:_identify(src/abb_egm_rws_managers) by extension 'colcon_meta'
[0.620s] Level 1:colcon.colcon_core.package_identification:_identify(src/abb_egm_rws_managers) by extensions ['ros']
[0.620s] Level 1:colcon.colcon_core.package_identification:_identify(src/abb_egm_rws_managers) by extension 'ros'
[0.620s] DEBUG:colcon.colcon_core.package_identification:Package 'src/abb_egm_rws_managers' with type 'ros.cmake' and name 'abb_egm_rws_managers'
[0.621s] Level 1:colcon.colcon_core.package_identification:_identify(src/abb_libegm) by extensions ['ignore', 'ignore_ament_install']
[0.621s] Level 1:colcon.colcon_core.package_identification:_identify(src/abb_libegm) by extension 'ignore'
[0.621s] Level 1:colcon.colcon_core.package_identification:_identify(src/abb_libegm) by extension 'ignore_ament_install'
[0.621s] Level 1:colcon.colcon_core.package_identification:_identify(src/abb_libegm) by extensions ['colcon_pkg']
[0.621s] Level 1:colcon.colcon_core.package_identification:_identify(src/abb_libegm) by extension 'colcon_pkg'
[0.621s] Level 1:colcon.colcon_core.package_identification:_identify(src/abb_libegm) by extensions ['colcon_meta']
[0.621s] Level 1:colcon.colcon_core.package_identification:_identify(src/abb_libegm) by extension 'colcon_meta'
[0.621s] Level 1:colcon.colcon_core.package_identification:_identify(src/abb_libegm) by extensions ['ros']
[0.621s] Level 1:colcon.colcon_core.package_identification:_identify(src/abb_libegm) by extension 'ros'
[0.621s] DEBUG:colcon.colcon_core.package_identification:Package 'src/abb_libegm' with type 'ros.cmake' and name 'abb_libegm'
[0.622s] Level 1:colcon.colcon_core.package_identification:_identify(src/abb_ros2) by extensions ['ignore', 'ignore_ament_install']
[0.622s] Level 1:colcon.colcon_core.package_identification:_identify(src/abb_ros2) by extension 'ignore'
[0.622s] Level 1:colcon.colcon_core.package_identification:_identify(src/abb_ros2) by extension 'ignore_ament_install'
[0.622s] Level 1:colcon.colcon_core.package_identification:_identify(src/abb_ros2) by extensions ['colcon_pkg']
[0.622s] Level 1:colcon.colcon_core.package_identification:_identify(src/abb_ros2) by extension 'colcon_pkg'
[0.622s] Level 1:colcon.colcon_core.package_identification:_identify(src/abb_ros2) by extensions ['colcon_meta']
[0.622s] Level 1:colcon.colcon_core.package_identification:_identify(src/abb_ros2) by extension 'colcon_meta'
[0.622s] Level 1:colcon.colcon_core.package_identification:_identify(src/abb_ros2) by extensions ['ros']
[0.622s] Level 1:colcon.colcon_core.package_identification:_identify(src/abb_ros2) by extension 'ros'
[0.622s] Level 1:colcon.colcon_core.package_identification:_identify(src/abb_ros2) by extensions ['cmake', 'python']
[0.622s] Level 1:colcon.colcon_core.package_identification:_identify(src/abb_ros2) by extension 'cmake'
[0.622s] Level 1:colcon.colcon_core.package_identification:_identify(src/abb_ros2) by extension 'python'
[0.622s] Level 1:colcon.colcon_core.package_identification:_identify(src/abb_ros2) by extensions ['python_setup_py']
[0.622s] Level 1:colcon.colcon_core.package_identification:_identify(src/abb_ros2) by extension 'python_setup_py'
[0.622s] Level 1:colcon.colcon_core.package_identification:_identify(src/abb_ros2/abb_bringup) by extensions ['ignore', 'ignore_ament_install']
[0.623s] Level 1:colcon.colcon_core.package_identification:_identify(src/abb_ros2/abb_bringup) by extension 'ignore'
[0.623s] Level 1:colcon.colcon_core.package_identification:_identify(src/abb_ros2/abb_bringup) by extension 'ignore_ament_install'
[0.623s] Level 1:colcon.colcon_core.package_identification:_identify(src/abb_ros2/abb_bringup) by extensions ['colcon_pkg']
[0.623s] Level 1:colcon.colcon_core.package_identification:_identify(src/abb_ros2/abb_bringup) by extension 'colcon_pkg'
[0.623s] Level 1:colcon.colcon_core.package_identification:_identify(src/abb_ros2/abb_bringup) by extensions ['colcon_meta']
[0.623s] Level 1:colcon.colcon_core.package_identification:_identify(src/abb_ros2/abb_bringup) by extension 'colcon_meta'
[0.623s] Level 1:colcon.colcon_core.package_identification:_identify(src/abb_ros2/abb_bringup) by extensions ['ros']
[0.623s] Level 1:colcon.colcon_core.package_identification:_identify(src/abb_ros2/abb_bringup) by extension 'ros'
[0.624s] DEBUG:colcon.colcon_core.package_identification:Package 'src/abb_ros2/abb_bringup' with type 'ros.ament_cmake' and name 'abb_bringup'
[0.624s] Level 1:colcon.colcon_core.package_identification:_identify(src/abb_ros2/abb_hardware_interface) by extensions ['ignore', 'ignore_ament_install']
[0.624s] Level 1:colcon.colcon_core.package_identification:_identify(src/abb_ros2/abb_hardware_interface) by extension 'ignore'
[0.624s] Level 1:colcon.colcon_core.package_identification:_identify(src/abb_ros2/abb_hardware_interface) by extension 'ignore_ament_install'
[0.624s] Level 1:colcon.colcon_core.package_identification:_identify(src/abb_ros2/abb_hardware_interface) by extensions ['colcon_pkg']
[0.624s] Level 1:colcon.colcon_core.package_identification:_identify(src/abb_ros2/abb_hardware_interface) by extension 'colcon_pkg'
[0.624s] Level 1:colcon.colcon_core.package_identification:_identify(src/abb_ros2/abb_hardware_interface) by extensions ['colcon_meta']
[0.624s] Level 1:colcon.colcon_core.package_identification:_identify(src/abb_ros2/abb_hardware_interface) by extension 'colcon_meta'
[0.624s] Level 1:colcon.colcon_core.package_identification:_identify(src/abb_ros2/abb_hardware_interface) by extensions ['ros']
[0.624s] Level 1:colcon.colcon_core.package_identification:_identify(src/abb_ros2/abb_hardware_interface) by extension 'ros'
[0.625s] DEBUG:colcon.colcon_core.package_identification:Package 'src/abb_ros2/abb_hardware_interface' with type 'ros.ament_cmake' and name 'abb_hardware_interface'
[0.625s] Level 1:colcon.colcon_core.package_identification:_identify(src/abb_ros2/abb_resources) by extensions ['ignore', 'ignore_ament_install']
[0.625s] Level 1:colcon.colcon_core.package_identification:_identify(src/abb_ros2/abb_resources) by extension 'ignore'
[0.625s] Level 1:colcon.colcon_core.package_identification:_identify(src/abb_ros2/abb_resources) by extension 'ignore_ament_install'
[0.625s] Level 1:colcon.colcon_core.package_identification:_identify(src/abb_ros2/abb_resources) by extensions ['colcon_pkg']
[0.625s] Level 1:colcon.colcon_core.package_identification:_identify(src/abb_ros2/abb_resources) by extension 'colcon_pkg'
[0.625s] Level 1:colcon.colcon_core.package_identification:_identify(src/abb_ros2/abb_resources) by extensions ['colcon_meta']
[0.625s] Level 1:colcon.colcon_core.package_identification:_identify(src/abb_ros2/abb_resources) by extension 'colcon_meta'
[0.625s] Level 1:colcon.colcon_core.package_identification:_identify(src/abb_ros2/abb_resources) by extensions ['ros']
[0.625s] Level 1:colcon.colcon_core.package_identification:_identify(src/abb_ros2/abb_resources) by extension 'ros'
[0.626s] DEBUG:colcon.colcon_core.package_identification:Package 'src/abb_ros2/abb_resources' with type 'ros.ament_cmake' and name 'abb_resources'
[0.626s] Level 1:colcon.colcon_core.package_identification:_identify(src/abb_ros2/abb_ros2) by extensions ['ignore', 'ignore_ament_install']
[0.626s] Level 1:colcon.colcon_core.package_identification:_identify(src/abb_ros2/abb_ros2) by extension 'ignore'
[0.626s] Level 1:colcon.colcon_core.package_identification:_identify(src/abb_ros2/abb_ros2) by extension 'ignore_ament_install'
[0.626s] Level 1:colcon.colcon_core.package_identification:_identify(src/abb_ros2/abb_ros2) by extensions ['colcon_pkg']
[0.626s] Level 1:colcon.colcon_core.package_identification:_identify(src/abb_ros2/abb_ros2) by extension 'colcon_pkg'
[0.626s] Level 1:colcon.colcon_core.package_identification:_identify(src/abb_ros2/abb_ros2) by extensions ['colcon_meta']
[0.626s] Level 1:colcon.colcon_core.package_identification:_identify(src/abb_ros2/abb_ros2) by extension 'colcon_meta'
[0.626s] Level 1:colcon.colcon_core.package_identification:_identify(src/abb_ros2/abb_ros2) by extensions ['ros']
[0.626s] Level 1:colcon.colcon_core.package_identification:_identify(src/abb_ros2/abb_ros2) by extension 'ros'
[0.627s] DEBUG:colcon.colcon_core.package_identification:Package 'src/abb_ros2/abb_ros2' with type 'ros.ament_cmake' and name 'abb_ros2'
[0.627s] Level 1:colcon.colcon_core.package_identification:_identify(src/abb_ros2/abb_rws_client) by extensions ['ignore', 'ignore_ament_install']
[0.627s] Level 1:colcon.colcon_core.package_identification:_identify(src/abb_ros2/abb_rws_client) by extension 'ignore'
[0.627s] Level 1:colcon.colcon_core.package_identification:_identify(src/abb_ros2/abb_rws_client) by extension 'ignore_ament_install'
[0.627s] Level 1:colcon.colcon_core.package_identification:_identify(src/abb_ros2/abb_rws_client) by extensions ['colcon_pkg']
[0.627s] Level 1:colcon.colcon_core.package_identification:_identify(src/abb_ros2/abb_rws_client) by extension 'colcon_pkg'
[0.627s] Level 1:colcon.colcon_core.package_identification:_identify(src/abb_ros2/abb_rws_client) by extensions ['colcon_meta']
[0.627s] Level 1:colcon.colcon_core.package_identification:_identify(src/abb_ros2/abb_rws_client) by extension 'colcon_meta'
[0.627s] Level 1:colcon.colcon_core.package_identification:_identify(src/abb_ros2/abb_rws_client) by extensions ['ros']
[0.627s] Level 1:colcon.colcon_core.package_identification:_identify(src/abb_ros2/abb_rws_client) by extension 'ros'
[0.628s] DEBUG:colcon.colcon_core.package_identification:Package 'src/abb_ros2/abb_rws_client' with type 'ros.ament_cmake' and name 'abb_rws_client'
[0.628s] Level 1:colcon.colcon_core.package_identification:_identify(src/abb_ros2/docs) by extensions ['ignore', 'ignore_ament_install']
[0.628s] Level 1:colcon.colcon_core.package_identification:_identify(src/abb_ros2/docs) by extension 'ignore'
[0.628s] Level 1:colcon.colcon_core.package_identification:_identify(src/abb_ros2/docs) by extension 'ignore_ament_install'
[0.628s] Level 1:colcon.colcon_core.package_identification:_identify(src/abb_ros2/docs) by extensions ['colcon_pkg']
[0.628s] Level 1:colcon.colcon_core.package_identification:_identify(src/abb_ros2/docs) by extension 'colcon_pkg'
[0.629s] Level 1:colcon.colcon_core.package_identification:_identify(src/abb_ros2/docs) by extensions ['colcon_meta']
[0.629s] Level 1:colcon.colcon_core.package_identification:_identify(src/abb_ros2/docs) by extension 'colcon_meta'
[0.629s] Level 1:colcon.colcon_core.package_identification:_identify(src/abb_ros2/docs) by extensions ['ros']
[0.629s] Level 1:colcon.colcon_core.package_identification:_identify(src/abb_ros2/docs) by extension 'ros'
[0.629s] Level 1:colcon.colcon_core.package_identification:_identify(src/abb_ros2/docs) by extensions ['cmake', 'python']
[0.629s] Level 1:colcon.colcon_core.package_identification:_identify(src/abb_ros2/docs) by extension 'cmake'
[0.629s] Level 1:colcon.colcon_core.package_identification:_identify(src/abb_ros2/docs) by extension 'python'
[0.629s] Level 1:colcon.colcon_core.package_identification:_identify(src/abb_ros2/docs) by extensions ['python_setup_py']
[0.629s] Level 1:colcon.colcon_core.package_identification:_identify(src/abb_ros2/docs) by extension 'python_setup_py'
[0.629s] Level 1:colcon.colcon_core.package_identification:_identify(src/abb_ros2/docs/images) by extensions ['ignore', 'ignore_ament_install']
[0.629s] Level 1:colcon.colcon_core.package_identification:_identify(src/abb_ros2/docs/images) by extension 'ignore'
[0.629s] Level 1:colcon.colcon_core.package_identification:_identify(src/abb_ros2/docs/images) by extension 'ignore_ament_install'
[0.629s] Level 1:colcon.colcon_core.package_identification:_identify(src/abb_ros2/docs/images) by extensions ['colcon_pkg']
[0.629s] Level 1:colcon.colcon_core.package_identification:_identify(src/abb_ros2/docs/images) by extension 'colcon_pkg'
[0.629s] Level 1:colcon.colcon_core.package_identification:_identify(src/abb_ros2/docs/images) by extensions ['colcon_meta']
[0.629s] Level 1:colcon.colcon_core.package_identification:_identify(src/abb_ros2/docs/images) by extension 'colcon_meta'
[0.629s] Level 1:colcon.colcon_core.package_identification:_identify(src/abb_ros2/docs/images) by extensions ['ros']
[0.630s] Level 1:colcon.colcon_core.package_identification:_identify(src/abb_ros2/docs/images) by extension 'ros'
[0.630s] Level 1:colcon.colcon_core.package_identification:_identify(src/abb_ros2/docs/images) by extensions ['cmake', 'python']
[0.630s] Level 1:colcon.colcon_core.package_identification:_identify(src/abb_ros2/docs/images) by extension 'cmake'
[0.630s] Level 1:colcon.colcon_core.package_identification:_identify(src/abb_ros2/docs/images) by extension 'python'
[0.630s] Level 1:colcon.colcon_core.package_identification:_identify(src/abb_ros2/docs/images) by extensions ['python_setup_py']
[0.630s] Level 1:colcon.colcon_core.package_identification:_identify(src/abb_ros2/docs/images) by extension 'python_setup_py'
[0.630s] Level 1:colcon.colcon_core.package_identification:_identify(src/abb_ros2/robot_specific_config) by extensions ['ignore', 'ignore_ament_install']
[0.630s] Level 1:colcon.colcon_core.package_identification:_identify(src/abb_ros2/robot_specific_config) by extension 'ignore'
[0.630s] Level 1:colcon.colcon_core.package_identification:_identify(src/abb_ros2/robot_specific_config) by extension 'ignore_ament_install'
[0.630s] Level 1:colcon.colcon_core.package_identification:_identify(src/abb_ros2/robot_specific_config) by extensions ['colcon_pkg']
[0.630s] Level 1:colcon.colcon_core.package_identification:_identify(src/abb_ros2/robot_specific_config) by extension 'colcon_pkg'
[0.630s] Level 1:colcon.colcon_core.package_identification:_identify(src/abb_ros2/robot_specific_config) by extensions ['colcon_meta']
[0.630s] Level 1:colcon.colcon_core.package_identification:_identify(src/abb_ros2/robot_specific_config) by extension 'colcon_meta'
[0.630s] Level 1:colcon.colcon_core.package_identification:_identify(src/abb_ros2/robot_specific_config) by extensions ['ros']
[0.630s] Level 1:colcon.colcon_core.package_identification:_identify(src/abb_ros2/robot_specific_config) by extension 'ros'
[0.630s] Level 1:colcon.colcon_core.package_identification:_identify(src/abb_ros2/robot_specific_config) by extensions ['cmake', 'python']
[0.630s] Level 1:colcon.colcon_core.package_identification:_identify(src/abb_ros2/robot_specific_config) by extension 'cmake'
[0.630s] Level 1:colcon.colcon_core.package_identification:_identify(src/abb_ros2/robot_specific_config) by extension 'python'
[0.631s] Level 1:colcon.colcon_core.package_identification:_identify(src/abb_ros2/robot_specific_config) by extensions ['python_setup_py']
[0.631s] Level 1:colcon.colcon_core.package_identification:_identify(src/abb_ros2/robot_specific_config) by extension 'python_setup_py'
[0.631s] Level 1:colcon.colcon_core.package_identification:_identify(src/abb_ros2/robot_specific_config/abb_irb1200_5_90_moveit_config) by extensions ['ignore', 'ignore_ament_install']
[0.631s] Level 1:colcon.colcon_core.package_identification:_identify(src/abb_ros2/robot_specific_config/abb_irb1200_5_90_moveit_config) by extension 'ignore'
[0.631s] Level 1:colcon.colcon_core.package_identification:_identify(src/abb_ros2/robot_specific_config/abb_irb1200_5_90_moveit_config) by extension 'ignore_ament_install'
[0.631s] Level 1:colcon.colcon_core.package_identification:_identify(src/abb_ros2/robot_specific_config/abb_irb1200_5_90_moveit_config) by extensions ['colcon_pkg']
[0.632s] Level 1:colcon.colcon_core.package_identification:_identify(src/abb_ros2/robot_specific_config/abb_irb1200_5_90_moveit_config) by extension 'colcon_pkg'
[0.632s] Level 1:colcon.colcon_core.package_identification:_identify(src/abb_ros2/robot_specific_config/abb_irb1200_5_90_moveit_config) by extensions ['colcon_meta']
[0.632s] Level 1:colcon.colcon_core.package_identification:_identify(src/abb_ros2/robot_specific_config/abb_irb1200_5_90_moveit_config) by extension 'colcon_meta'
[0.632s] Level 1:colcon.colcon_core.package_identification:_identify(src/abb_ros2/robot_specific_config/abb_irb1200_5_90_moveit_config) by extensions ['ros']
[0.632s] Level 1:colcon.colcon_core.package_identification:_identify(src/abb_ros2/robot_specific_config/abb_irb1200_5_90_moveit_config) by extension 'ros'
[0.632s] DEBUG:colcon.colcon_core.package_identification:Package 'src/abb_ros2/robot_specific_config/abb_irb1200_5_90_moveit_config' with type 'ros.ament_cmake' and name 'abb_irb1200_5_90_moveit_config'
[0.632s] Level 1:colcon.colcon_core.package_identification:_identify(src/abb_ros2/robot_specific_config/abb_irb1200_support) by extensions ['ignore', 'ignore_ament_install']
[0.633s] Level 1:colcon.colcon_core.package_identification:_identify(src/abb_ros2/robot_specific_config/abb_irb1200_support) by extension 'ignore'
[0.633s] Level 1:colcon.colcon_core.package_identification:_identify(src/abb_ros2/robot_specific_config/abb_irb1200_support) by extension 'ignore_ament_install'
[0.633s] Level 1:colcon.colcon_core.package_identification:_identify(src/abb_ros2/robot_specific_config/abb_irb1200_support) by extensions ['colcon_pkg']
[0.633s] Level 1:colcon.colcon_core.package_identification:_identify(src/abb_ros2/robot_specific_config/abb_irb1200_support) by extension 'colcon_pkg'
[0.633s] Level 1:colcon.colcon_core.package_identification:_identify(src/abb_ros2/robot_specific_config/abb_irb1200_support) by extensions ['colcon_meta']
[0.633s] Level 1:colcon.colcon_core.package_identification:_identify(src/abb_ros2/robot_specific_config/abb_irb1200_support) by extension 'colcon_meta'
[0.633s] Level 1:colcon.colcon_core.package_identification:_identify(src/abb_ros2/robot_specific_config/abb_irb1200_support) by extensions ['ros']
[0.633s] Level 1:colcon.colcon_core.package_identification:_identify(src/abb_ros2/robot_specific_config/abb_irb1200_support) by extension 'ros'
[0.634s] DEBUG:colcon.colcon_core.package_identification:Package 'src/abb_ros2/robot_specific_config/abb_irb1200_support' with type 'ros.ament_cmake' and name 'abb_irb1200_support'
[0.634s] Level 1:colcon.colcon_core.package_identification:_identify(src/abb_ros2/robot_specific_config/abb_irb4600_support) by extensions ['ignore', 'ignore_ament_install']
[0.634s] Level 1:colcon.colcon_core.package_identification:_identify(src/abb_ros2/robot_specific_config/abb_irb4600_support) by extension 'ignore'
[0.634s] Level 1:colcon.colcon_core.package_identification:_identify(src/abb_ros2/robot_specific_config/abb_irb4600_support) by extension 'ignore_ament_install'
[0.634s] Level 1:colcon.colcon_core.package_identification:_identify(src/abb_ros2/robot_specific_config/abb_irb4600_support) by extensions ['colcon_pkg']
[0.634s] Level 1:colcon.colcon_core.package_identification:_identify(src/abb_ros2/robot_specific_config/abb_irb4600_support) by extension 'colcon_pkg'
[0.634s] Level 1:colcon.colcon_core.package_identification:_identify(src/abb_ros2/robot_specific_config/abb_irb4600_support) by extensions ['colcon_meta']
[0.634s] Level 1:colcon.colcon_core.package_identification:_identify(src/abb_ros2/robot_specific_config/abb_irb4600_support) by extension 'colcon_meta'
[0.634s] Level 1:colcon.colcon_core.package_identification:_identify(src/abb_ros2/robot_specific_config/abb_irb4600_support) by extensions ['ros']
[0.634s] Level 1:colcon.colcon_core.package_identification:_identify(src/abb_ros2/robot_specific_config/abb_irb4600_support) by extension 'ros'
[0.635s] DEBUG:colcon.colcon_core.package_identification:Package 'src/abb_ros2/robot_specific_config/abb_irb4600_support' with type 'ros.ament_cmake' and name 'abb_irb4600_support'
[0.635s] Level 1:colcon.colcon_core.package_identification:_identify(src/abb_ros2/robot_studio_resources) by extensions ['ignore', 'ignore_ament_install']
[0.635s] Level 1:colcon.colcon_core.package_identification:_identify(src/abb_ros2/robot_studio_resources) by extension 'ignore'
[0.635s] Level 1:colcon.colcon_core.package_identification:_identify(src/abb_ros2/robot_studio_resources) by extension 'ignore_ament_install'
[0.635s] Level 1:colcon.colcon_core.package_identification:_identify(src/abb_ros2/robot_studio_resources) by extensions ['colcon_pkg']
[0.635s] Level 1:colcon.colcon_core.package_identification:_identify(src/abb_ros2/robot_studio_resources) by extension 'colcon_pkg'
[0.636s] Level 1:colcon.colcon_core.package_identification:_identify(src/abb_ros2/robot_studio_resources) by extensions ['colcon_meta']
[0.636s] Level 1:colcon.colcon_core.package_identification:_identify(src/abb_ros2/robot_studio_resources) by extension 'colcon_meta'
[0.636s] Level 1:colcon.colcon_core.package_identification:_identify(src/abb_ros2/robot_studio_resources) by extensions ['ros']
[0.636s] Level 1:colcon.colcon_core.package_identification:_identify(src/abb_ros2/robot_studio_resources) by extension 'ros'
[0.636s] Level 1:colcon.colcon_core.package_identification:_identify(src/abb_ros2/robot_studio_resources) by extensions ['cmake', 'python']
[0.636s] Level 1:colcon.colcon_core.package_identification:_identify(src/abb_ros2/robot_studio_resources) by extension 'cmake'
[0.636s] Level 1:colcon.colcon_core.package_identification:_identify(src/abb_ros2/robot_studio_resources) by extension 'python'
[0.636s] Level 1:colcon.colcon_core.package_identification:_identify(src/abb_ros2/robot_studio_resources) by extensions ['python_setup_py']
[0.636s] Level 1:colcon.colcon_core.package_identification:_identify(src/abb_ros2/robot_studio_resources) by extension 'python_setup_py'
[0.636s] Level 1:colcon.colcon_core.package_identification:_identify(src/abb_ros2/robot_studio_resources/velocity_control_example) by extensions ['ignore', 'ignore_ament_install']
[0.636s] Level 1:colcon.colcon_core.package_identification:_identify(src/abb_ros2/robot_studio_resources/velocity_control_example) by extension 'ignore'
[0.636s] Level 1:colcon.colcon_core.package_identification:_identify(src/abb_ros2/robot_studio_resources/velocity_control_example) by extension 'ignore_ament_install'
[0.636s] Level 1:colcon.colcon_core.package_identification:_identify(src/abb_ros2/robot_studio_resources/velocity_control_example) by extensions ['colcon_pkg']
[0.637s] Level 1:colcon.colcon_core.package_identification:_identify(src/abb_ros2/robot_studio_resources/velocity_control_example) by extension 'colcon_pkg'
[0.637s] Level 1:colcon.colcon_core.package_identification:_identify(src/abb_ros2/robot_studio_resources/velocity_control_example) by extensions ['colcon_meta']
[0.637s] Level 1:colcon.colcon_core.package_identification:_identify(src/abb_ros2/robot_studio_resources/velocity_control_example) by extension 'colcon_meta'
[0.637s] Level 1:colcon.colcon_core.package_identification:_identify(src/abb_ros2/robot_studio_resources/velocity_control_example) by extensions ['ros']
[0.637s] Level 1:colcon.colcon_core.package_identification:_identify(src/abb_ros2/robot_studio_resources/velocity_control_example) by extension 'ros'
[0.637s] Level 1:colcon.colcon_core.package_identification:_identify(src/abb_ros2/robot_studio_resources/velocity_control_example) by extensions ['cmake', 'python']
[0.637s] Level 1:colcon.colcon_core.package_identification:_identify(src/abb_ros2/robot_studio_resources/velocity_control_example) by extension 'cmake'
[0.637s] Level 1:colcon.colcon_core.package_identification:_identify(src/abb_ros2/robot_studio_resources/velocity_control_example) by extension 'python'
[0.637s] Level 1:colcon.colcon_core.package_identification:_identify(src/abb_ros2/robot_studio_resources/velocity_control_example) by extensions ['python_setup_py']
[0.637s] Level 1:colcon.colcon_core.package_identification:_identify(src/abb_ros2/robot_studio_resources/velocity_control_example) by extension 'python_setup_py'
[0.637s] Level 1:colcon.colcon_core.package_identification:_identify(src/rfl_description) by extensions ['ignore', 'ignore_ament_install']
[0.637s] Level 1:colcon.colcon_core.package_identification:_identify(src/rfl_description) by extension 'ignore'
[0.637s] Level 1:colcon.colcon_core.package_identification:_identify(src/rfl_description) by extension 'ignore_ament_install'
[0.637s] Level 1:colcon.colcon_core.package_identification:_identify(src/rfl_description) by extensions ['colcon_pkg']
[0.638s] Level 1:colcon.colcon_core.package_identification:_identify(src/rfl_description) by extension 'colcon_pkg'
[0.638s] Level 1:colcon.colcon_core.package_identification:_identify(src/rfl_description) by extensions ['colcon_meta']
[0.638s] Level 1:colcon.colcon_core.package_identification:_identify(src/rfl_description) by extension 'colcon_meta'
[0.638s] Level 1:colcon.colcon_core.package_identification:_identify(src/rfl_description) by extensions ['ros']
[0.638s] Level 1:colcon.colcon_core.package_identification:_identify(src/rfl_description) by extension 'ros'
[0.638s] Level 1:colcon.colcon_core.package_identification:_identify(src/rfl_description) by extensions ['cmake', 'python']
[0.638s] Level 1:colcon.colcon_core.package_identification:_identify(src/rfl_description) by extension 'cmake'
[0.638s] Level 1:colcon.colcon_core.package_identification:_identify(src/rfl_description) by extension 'python'
[0.638s] Level 1:colcon.colcon_core.package_identification:_identify(src/rfl_description) by extensions ['python_setup_py']
[0.638s] Level 1:colcon.colcon_core.package_identification:_identify(src/rfl_description) by extension 'python_setup_py'
[0.638s] Level 1:colcon.colcon_core.package_identification:_identify(src/rfl_description/rfl_description) by extensions ['ignore', 'ignore_ament_install']
[0.638s] Level 1:colcon.colcon_core.package_identification:_identify(src/rfl_description/rfl_description) by extension 'ignore'
[0.638s] Level 1:colcon.colcon_core.package_identification:_identify(src/rfl_description/rfl_description) by extension 'ignore_ament_install'
[0.638s] Level 1:colcon.colcon_core.package_identification:_identify(src/rfl_description/rfl_description) by extensions ['colcon_pkg']
[0.638s] Level 1:colcon.colcon_core.package_identification:_identify(src/rfl_description/rfl_description) by extension 'colcon_pkg'
[0.638s] Level 1:colcon.colcon_core.package_identification:_identify(src/rfl_description/rfl_description) by extensions ['colcon_meta']
[0.638s] Level 1:colcon.colcon_core.package_identification:_identify(src/rfl_description/rfl_description) by extension 'colcon_meta'
[0.638s] Level 1:colcon.colcon_core.package_identification:_identify(src/rfl_description/rfl_description) by extensions ['ros']
[0.639s] Level 1:colcon.colcon_core.package_identification:_identify(src/rfl_description/rfl_description) by extension 'ros'
[0.639s] DEBUG:colcon.colcon_core.package_identification:Package 'src/rfl_description/rfl_description' with type 'ros.ament_cmake' and name 'rfl_description'
[0.639s] Level 1:colcon.colcon_core.package_identification:_identify(src/rfl_description/urdf_correction) by extensions ['ignore', 'ignore_ament_install']
[0.639s] Level 1:colcon.colcon_core.package_identification:_identify(src/rfl_description/urdf_correction) by extension 'ignore'
[0.639s] Level 1:colcon.colcon_core.package_identification:_identify(src/rfl_description/urdf_correction) by extension 'ignore_ament_install'
[0.639s] Level 1:colcon.colcon_core.package_identification:_identify(src/rfl_description/urdf_correction) by extensions ['colcon_pkg']
[0.640s] Level 1:colcon.colcon_core.package_identification:_identify(src/rfl_description/urdf_correction) by extension 'colcon_pkg'
[0.640s] Level 1:colcon.colcon_core.package_identification:_identify(src/rfl_description/urdf_correction) by extensions ['colcon_meta']
[0.640s] Level 1:colcon.colcon_core.package_identification:_identify(src/rfl_description/urdf_correction) by extension 'colcon_meta'
[0.640s] Level 1:colcon.colcon_core.package_identification:_identify(src/rfl_description/urdf_correction) by extensions ['ros']
[0.640s] Level 1:colcon.colcon_core.package_identification:_identify(src/rfl_description/urdf_correction) by extension 'ros'
[0.640s] Level 1:colcon.colcon_core.package_identification:_identify(src/rfl_description/urdf_correction) by extensions ['cmake', 'python']
[0.640s] Level 1:colcon.colcon_core.package_identification:_identify(src/rfl_description/urdf_correction) by extension 'cmake'
[0.640s] Level 1:colcon.colcon_core.package_identification:_identify(src/rfl_description/urdf_correction) by extension 'python'
[0.640s] Level 1:colcon.colcon_core.package_identification:_identify(src/rfl_description/urdf_correction) by extensions ['python_setup_py']
[0.640s] Level 1:colcon.colcon_core.package_identification:_identify(src/rfl_description/urdf_correction) by extension 'python_setup_py'
[0.640s] Level 1:colcon.colcon_core.package_identification:_identify(src/rfl_moveit_config) by extensions ['ignore', 'ignore_ament_install']
[0.640s] Level 1:colcon.colcon_core.package_identification:_identify(src/rfl_moveit_config) by extension 'ignore'
[0.640s] Level 1:colcon.colcon_core.package_identification:_identify(src/rfl_moveit_config) by extension 'ignore_ament_install'
[0.640s] Level 1:colcon.colcon_core.package_identification:_identify(src/rfl_moveit_config) by extensions ['colcon_pkg']
[0.641s] Level 1:colcon.colcon_core.package_identification:_identify(src/rfl_moveit_config) by extension 'colcon_pkg'
[0.641s] Level 1:colcon.colcon_core.package_identification:_identify(src/rfl_moveit_config) by extensions ['colcon_meta']
[0.641s] Level 1:colcon.colcon_core.package_identification:_identify(src/rfl_moveit_config) by extension 'colcon_meta'
[0.641s] Level 1:colcon.colcon_core.package_identification:_identify(src/rfl_moveit_config) by extensions ['ros']
[0.641s] Level 1:colcon.colcon_core.package_identification:_identify(src/rfl_moveit_config) by extension 'ros'
[0.641s] DEBUG:colcon.colcon_core.package_identification:Package 'src/rfl_moveit_config' with type 'ros.ament_cmake' and name 'rfl_moveit_config'
[0.641s] Level 1:colcon.colcon_core.package_identification:_identify(src/ros_tutorials) by extensions ['ignore', 'ignore_ament_install']
[0.641s] Level 1:colcon.colcon_core.package_identification:_identify(src/ros_tutorials) by extension 'ignore'
[0.642s] Level 1:colcon.colcon_core.package_identification:_identify(src/ros_tutorials) by extension 'ignore_ament_install'
[0.642s] Level 1:colcon.colcon_core.package_identification:_identify(src/ros_tutorials) by extensions ['colcon_pkg']
[0.642s] Level 1:colcon.colcon_core.package_identification:_identify(src/ros_tutorials) by extension 'colcon_pkg'
[0.642s] Level 1:colcon.colcon_core.package_identification:_identify(src/ros_tutorials) by extensions ['colcon_meta']
[0.642s] Level 1:colcon.colcon_core.package_identification:_identify(src/ros_tutorials) by extension 'colcon_meta'
[0.642s] Level 1:colcon.colcon_core.package_identification:_identify(src/ros_tutorials) by extensions ['ros']
[0.642s] Level 1:colcon.colcon_core.package_identification:_identify(src/ros_tutorials) by extension 'ros'
[0.642s] Level 1:colcon.colcon_core.package_identification:_identify(src/ros_tutorials) by extensions ['cmake', 'python']
[0.642s] Level 1:colcon.colcon_core.package_identification:_identify(src/ros_tutorials) by extension 'cmake'
[0.642s] Level 1:colcon.colcon_core.package_identification:_identify(src/ros_tutorials) by extension 'python'
[0.642s] Level 1:colcon.colcon_core.package_identification:_identify(src/ros_tutorials) by extensions ['python_setup_py']
[0.642s] Level 1:colcon.colcon_core.package_identification:_identify(src/ros_tutorials) by extension 'python_setup_py'
[0.642s] Level 1:colcon.colcon_core.package_identification:_identify(src/ros_tutorials/ros_tutorials) by extensions ['ignore', 'ignore_ament_install']
[0.642s] Level 1:colcon.colcon_core.package_identification:_identify(src/ros_tutorials/ros_tutorials) by extension 'ignore'
[0.642s] Level 1:colcon.colcon_core.package_identification:_identify(src/ros_tutorials/ros_tutorials) ignored
[0.643s] Level 1:colcon.colcon_core.package_identification:_identify(src/ros_tutorials/roscpp_tutorials) by extensions ['ignore', 'ignore_ament_install']
[0.643s] Level 1:colcon.colcon_core.package_identification:_identify(src/ros_tutorials/roscpp_tutorials) by extension 'ignore'
[0.643s] Level 1:colcon.colcon_core.package_identification:_identify(src/ros_tutorials/roscpp_tutorials) ignored
[0.643s] Level 1:colcon.colcon_core.package_identification:_identify(src/ros_tutorials/rospy_tutorials) by extensions ['ignore', 'ignore_ament_install']
[0.643s] Level 1:colcon.colcon_core.package_identification:_identify(src/ros_tutorials/rospy_tutorials) by extension 'ignore'
[0.643s] Level 1:colcon.colcon_core.package_identification:_identify(src/ros_tutorials/rospy_tutorials) ignored
[0.643s] Level 1:colcon.colcon_core.package_identification:_identify(src/ros_tutorials/turtlesim) by extensions ['ignore', 'ignore_ament_install']
[0.643s] Level 1:colcon.colcon_core.package_identification:_identify(src/ros_tutorials/turtlesim) by extension 'ignore'
[0.643s] Level 1:colcon.colcon_core.package_identification:_identify(src/ros_tutorials/turtlesim) by extension 'ignore_ament_install'
[0.643s] Level 1:colcon.colcon_core.package_identification:_identify(src/ros_tutorials/turtlesim) by extensions ['colcon_pkg']
[0.643s] Level 1:colcon.colcon_core.package_identification:_identify(src/ros_tutorials/turtlesim) by extension 'colcon_pkg'
[0.643s] Level 1:colcon.colcon_core.package_identification:_identify(src/ros_tutorials/turtlesim) by extensions ['colcon_meta']
[0.644s] Level 1:colcon.colcon_core.package_identification:_identify(src/ros_tutorials/turtlesim) by extension 'colcon_meta'
[0.644s] Level 1:colcon.colcon_core.package_identification:_identify(src/ros_tutorials/turtlesim) by extensions ['ros']
[0.644s] Level 1:colcon.colcon_core.package_identification:_identify(src/ros_tutorials/turtlesim) by extension 'ros'
[0.644s] DEBUG:colcon.colcon_core.package_identification:Package 'src/ros_tutorials/turtlesim' with type 'ros.ament_cmake' and name 'turtlesim'
[0.644s] Level 1:colcon.colcon_core.package_discovery:discover_packages(recursive) using defaults
[0.645s] Level 1:colcon.colcon_core.package_discovery:discover_packages(ignore) discover
[0.645s] Level 1:colcon.colcon_core.package_discovery:discover_packages(ignore) using defaults
[0.645s] Level 1:colcon.colcon_core.package_discovery:discover_packages(path) discover
[0.645s] Level 1:colcon.colcon_core.package_discovery:discover_packages(path) using defaults
[0.680s] INFO:colcon.colcon_core.package_selection:Skipping not selected package 'abb_crb15000_support' in 'src/abb_crb15000_support'
[0.680s] INFO:colcon.colcon_core.package_selection:Skipping not selected package 'abb_irb1200_support' in 'src/abb_ros2/robot_specific_config/abb_irb1200_support'
[0.680s] INFO:colcon.colcon_core.package_selection:Skipping not selected package 'abb_irb4600_support' in 'src/abb_ros2/robot_specific_config/abb_irb4600_support'
[0.680s] INFO:colcon.colcon_core.package_selection:Skipping not selected package 'abb_resources' in 'src/abb_ros2/abb_resources'
[0.680s] INFO:colcon.colcon_core.package_selection:Skipping not selected package 'abb_ros2' in 'src/abb_ros2/abb_ros2'
[0.680s] INFO:colcon.colcon_core.package_selection:Skipping not selected package 'rfl_description' in 'src/rfl_description/rfl_description'
[0.680s] INFO:colcon.colcon_core.package_selection:Skipping not selected package 'turtlesim' in 'src/ros_tutorials/turtlesim'
[0.680s] INFO:colcon.colcon_core.package_selection:Skipping not selected package 'abb_crb15000_5_95_moveit_config' in 'src/abb_crb15000_5_95_moveit_config'
[0.680s] INFO:colcon.colcon_core.package_selection:Skipping not selected package 'abb_egm_rws_managers' in 'src/abb_egm_rws_managers'
[0.680s] INFO:colcon.colcon_core.package_selection:Skipping not selected package 'abb_irb1200_5_90_moveit_config' in 'src/abb_ros2/robot_specific_config/abb_irb1200_5_90_moveit_config'
[0.681s] INFO:colcon.colcon_core.package_selection:Skipping not selected package 'rfl_moveit_config' in 'src/rfl_moveit_config'
[0.681s] INFO:colcon.colcon_core.package_selection:Skipping not selected package 'abb_bringup' in 'src/abb_ros2/abb_bringup'
[0.681s] INFO:colcon.colcon_core.package_selection:Skipping not selected package 'abb_hardware_interface' in 'src/abb_ros2/abb_hardware_interface'
[0.681s] INFO:colcon.colcon_core.package_selection:Skipping not selected package 'abb_rws_client' in 'src/abb_ros2/abb_rws_client'
[0.682s] Level 1:colcon.colcon_core.package_discovery:discover_packages(prefix_path) check parameters
[0.682s] Level 1:colcon.colcon_core.package_discovery:discover_packages(prefix_path) discover
[0.683s] WARNING:colcon.colcon_ros.prefix_path.ament:The path '/home/zac/ws_zac/install/turtlesim' in the environment variable AMENT_PREFIX_PATH doesn't exist
[0.683s] WARNING:colcon.colcon_ros.prefix_path.ament:The path '/home/zac/ws_zac/install/rfl_moveit_config' in the environment variable AMENT_PREFIX_PATH doesn't exist
[0.689s] WARNING:colcon.colcon_ros.prefix_path.catkin:The path '/home/zac/ws_zac/install/turtlesim' in the environment variable CMAKE_PREFIX_PATH doesn't exist
[0.689s] WARNING:colcon.colcon_ros.prefix_path.catkin:The path '/home/zac/ws_zac/install/rfl_moveit_config' in the environment variable CMAKE_PREFIX_PATH doesn't exist
[0.692s] DEBUG:colcon.colcon_installed_package_information.package_discovery:Found 9 installed packages in /home/zac/ws_zac/install
[0.694s] DEBUG:colcon.colcon_installed_package_information.package_discovery:Found 55 installed packages in /home/zac/ws_moveit2/install
[0.703s] DEBUG:colcon.colcon_installed_package_information.package_discovery:Found 344 installed packages in /home/zac/ros2_humble/install
[0.705s] DEBUG:colcon.colcon_installed_package_information.package_discovery:Found 215 installed packages in /opt/ros/humble
[0.710s] Level 1:colcon.colcon_core.package_discovery:discover_packages(prefix_path) using defaults
[0.762s] Level 5:colcon.colcon_core.verb:set package 'abb_libegm' build argument 'cmake_args' from command line to 'None'
[0.762s] Level 5:colcon.colcon_core.verb:set package 'abb_libegm' build argument 'cmake_target' from command line to 'None'
[0.762s] Level 5:colcon.colcon_core.verb:set package 'abb_libegm' build argument 'cmake_target_skip_unavailable' from command line to 'False'
[0.763s] Level 5:colcon.colcon_core.verb:set package 'abb_libegm' build argument 'cmake_clean_cache' from command line to 'False'
[0.763s] Level 5:colcon.colcon_core.verb:set package 'abb_libegm' build argument 'cmake_clean_first' from command line to 'False'
[0.763s] Level 5:colcon.colcon_core.verb:set package 'abb_libegm' build argument 'cmake_force_configure' from command line to 'False'
[0.763s] Level 5:colcon.colcon_core.verb:set package 'abb_libegm' build argument 'ament_cmake_args' from command line to 'None'
[0.763s] Level 5:colcon.colcon_core.verb:set package 'abb_libegm' build argument 'catkin_cmake_args' from command line to 'None'
[0.763s] Level 5:colcon.colcon_core.verb:set package 'abb_libegm' build argument 'catkin_skip_building_tests' from command line to 'False'
[0.763s] DEBUG:colcon.colcon_core.verb:Building package 'abb_libegm' with the following arguments: {'ament_cmake_args': None, 'build_base': '/home/zac/ws_zac/build/abb_libegm', 'catkin_cmake_args': None, 'catkin_skip_building_tests': False, 'cmake_args': None, 'cmake_clean_cache': False, 'cmake_clean_first': False, 'cmake_force_configure': False, 'cmake_target': None, 'cmake_target_skip_unavailable': False, 'install_base': '/home/zac/ws_zac/install/abb_libegm', 'merge_install': False, 'path': '/home/zac/ws_zac/src/abb_libegm', 'symlink_install': False, 'test_result_base': None}
[0.764s] INFO:colcon.colcon_core.executor:Executing jobs using 'parallel' executor
[0.768s] DEBUG:colcon.colcon_parallel_executor.executor.parallel:run_until_complete
[0.768s] INFO:colcon.colcon_ros.task.cmake.build:Building ROS package in '/home/zac/ws_zac/src/abb_libegm' with build type 'cmake'
[0.768s] INFO:colcon.colcon_cmake.task.cmake.build:Building CMake package in '/home/zac/ws_zac/src/abb_libegm'
[0.781s] INFO:colcon.colcon_core.plugin_system:Skipping extension 'colcon_core.shell.bat': Not used on non-Windows systems
[0.781s] INFO:colcon.colcon_core.shell:Skip shell extension 'powershell' for command environment: Not usable outside of PowerShell
[0.781s] DEBUG:colcon.colcon_core.shell:Skip shell extension 'dsv' for command environment
[0.814s] DEBUG:colcon.colcon_core.event_handler.log_command:Invoking command in '/home/zac/ws_zac/build/abb_libegm': CMAKE_PREFIX_PATH=${CMAKE_PREFIX_PATH}:/home/zac/ws_moveit2/install/moveit_configs_utils:/home/zac/ws_moveit2/install/launch_param_builder:/home/zac/ros2_humble/install/rqt_bag_plugins:/home/zac/ros2_humble/install/rqt_bag:/home/zac/ros2_humble/install/ros2bag:/home/zac/ros2_humble/install/tracetools_test:/home/zac/ros2_humble/install/tracetools_launch:/home/zac/ros2_humble/install/topic_monitor:/home/zac/ros2_humble/install/tf2_tools:/home/zac/ros2_humble/install/examples_tf2_py:/home/zac/ros2_humble/install/tf2_ros_py:/home/zac/ros2_humble/install/sros2:/home/zac/ros2_humble/install/rqt_topic:/home/zac/ros2_humble/install/rqt_srv:/home/zac/ros2_humble/install/rqt_shell:/home/zac/ros2_humble/install/rqt_service_caller:/home/zac/ros2_humble/install/rqt_reconfigure:/home/zac/ros2_humble/install/rqt_py_console:/home/zac/ros2_humble/install/rqt_publisher:/home/zac/ros2_humble/install/rqt_plot:/home/zac/ros2_humble/install/rqt_action:/home/zac/ros2_humble/install/rqt_msg:/home/zac/ros2_humble/install/rqt_console:/home/zac/ros2_humble/install/rqt:/home/zac/ros2_humble/install/rqt_graph:/home/zac/ros2_humble/install/rqt_gui_py:/home/zac/ros2_humble/install/rqt_gui:/home/zac/ros2_humble/install/ros2trace:/home/zac/ros2_humble/install/ros2topic:/home/zac/ros2_humble/install/ros2test:/home/zac/ros2_humble/install/ros2component:/home/zac/ros2_humble/install/ros2param:/home/zac/ros2_humble/install/ros2lifecycle:/home/zac/ros2_humble/install/ros2service:/home/zac/ros2_humble/install/ros2run:/home/zac/ros2_humble/install/ros2launch:/home/zac/ros2_humble/install/ros2pkg:/home/zac/ros2_humble/install/ros2node:/home/zac/ros2_humble/install/ros2multicast:/home/zac/ros2_humble/install/ros2interface:/home/zac/ros2_humble/install/ros2doctor:/home/zac/ros2_humble/install/ros2action:/home/zac/ros2_humble/install/ros2cli:/home/zac/ros2_humble/install/quality_of_service_demo_py:/home/zac/ros2_humble/install/lifecycle_py:/home/zac/ros2_humble/install/launch_testing_ros:/home/zac/ros2_humble/install/launch_ros:/home/zac/ros2_humble/install/examples_rclpy_pointcloud_publisher:/home/zac/ros2_humble/install/examples_rclpy_minimal_subscriber:/home/zac/ros2_humble/install/examples_rclpy_minimal_service:/home/zac/ros2_humble/install/examples_rclpy_minimal_publisher:/home/zac/ros2_humble/install/examples_rclpy_minimal_client:/home/zac/ros2_humble/install/examples_rclpy_minimal_action_server:/home/zac/ros2_humble/install/examples_rclpy_minimal_action_client:/home/zac/ros2_humble/install/examples_rclpy_guard_conditions:/home/zac/ros2_humble/install/examples_rclpy_executors:/home/zac/ros2_humble/install/demo_nodes_py:/home/zac/ros2_humble/install/action_tutorials_py:/home/zac/ros2_humble/install/ament_uncrustify:/home/zac/ros2_humble/install/tracetools_trace:/home/zac/ros2_humble/install/tracetools_read:/home/zac/ros2_humble/install/test_tracetools_launch:/home/zac/ros2_humble/install/test_launch_ros:/home/zac/ros2_humble/install/sensor_msgs_py:/home/zac/ros2_humble/install/rpyutils:/home/zac/ros2_humble/install/rosidl_runtime_py:/home/zac/ros2_humble/install/rosidl_cli:/home/zac/ros2_humble/install/launch_pytest:/home/zac/ros2_humble/install/launch_testing:/home/zac/ros2_humble/install/launch_yaml:/home/zac/ros2_humble/install/launch_xml:/home/zac/ros2_humble/install/launch:/home/zac/ros2_humble/install/osrf_pycommon:/home/zac/ros2_humble/install/launch_testing_examples:/home/zac/ros2_humble/install/domain_coordinator:/home/zac/ros2_humble/install/ament_xmllint:/home/zac/ros2_humble/install/ament_pyflakes:/home/zac/ros2_humble/install/ament_pycodestyle:/home/zac/ros2_humble/install/ament_pep257:/home/zac/ros2_humble/install/ament_pclint:/home/zac/ros2_humble/install/ament_package:/home/zac/ros2_humble/install/ament_mypy:/home/zac/ros2_humble/install/ament_lint_cmake:/home/zac/ros2_humble/install/ament_flake8:/home/zac/ros2_humble/install/ament_copyright:/home/zac/ros2_humble/install/ament_lint:/home/zac/ros2_humble/install/ament_index_python:/home/zac/ros2_humble/install/ament_cpplint:/home/zac/ros2_humble/install/ament_cppcheck:/home/zac/ros2_humble/install/ament_clang_tidy:/home/zac/ros2_humble/install/ament_clang_format:/opt/ros/humble /usr/bin/cmake /home/zac/ws_zac/src/abb_libegm -DCMAKE_INSTALL_PREFIX=/home/zac/ws_zac/install/abb_libegm
[3.787s] DEBUG:colcon.colcon_core.event_handler.log_command:Invoked command in '/home/zac/ws_zac/build/abb_libegm' returned '1': CMAKE_PREFIX_PATH=${CMAKE_PREFIX_PATH}:/home/zac/ws_moveit2/install/moveit_configs_utils:/home/zac/ws_moveit2/install/launch_param_builder:/home/zac/ros2_humble/install/rqt_bag_plugins:/home/zac/ros2_humble/install/rqt_bag:/home/zac/ros2_humble/install/ros2bag:/home/zac/ros2_humble/install/tracetools_test:/home/zac/ros2_humble/install/tracetools_launch:/home/zac/ros2_humble/install/topic_monitor:/home/zac/ros2_humble/install/tf2_tools:/home/zac/ros2_humble/install/examples_tf2_py:/home/zac/ros2_humble/install/tf2_ros_py:/home/zac/ros2_humble/install/sros2:/home/zac/ros2_humble/install/rqt_topic:/home/zac/ros2_humble/install/rqt_srv:/home/zac/ros2_humble/install/rqt_shell:/home/zac/ros2_humble/install/rqt_service_caller:/home/zac/ros2_humble/install/rqt_reconfigure:/home/zac/ros2_humble/install/rqt_py_console:/home/zac/ros2_humble/install/rqt_publisher:/home/zac/ros2_humble/install/rqt_plot:/home/zac/ros2_humble/install/rqt_action:/home/zac/ros2_humble/install/rqt_msg:/home/zac/ros2_humble/install/rqt_console:/home/zac/ros2_humble/install/rqt:/home/zac/ros2_humble/install/rqt_graph:/home/zac/ros2_humble/install/rqt_gui_py:/home/zac/ros2_humble/install/rqt_gui:/home/zac/ros2_humble/install/ros2trace:/home/zac/ros2_humble/install/ros2topic:/home/zac/ros2_humble/install/ros2test:/home/zac/ros2_humble/install/ros2component:/home/zac/ros2_humble/install/ros2param:/home/zac/ros2_humble/install/ros2lifecycle:/home/zac/ros2_humble/install/ros2service:/home/zac/ros2_humble/install/ros2run:/home/zac/ros2_humble/install/ros2launch:/home/zac/ros2_humble/install/ros2pkg:/home/zac/ros2_humble/install/ros2node:/home/zac/ros2_humble/install/ros2multicast:/home/zac/ros2_humble/install/ros2interface:/home/zac/ros2_humble/install/ros2doctor:/home/zac/ros2_humble/install/ros2action:/home/zac/ros2_humble/install/ros2cli:/home/zac/ros2_humble/install/quality_of_service_demo_py:/home/zac/ros2_humble/install/lifecycle_py:/home/zac/ros2_humble/install/launch_testing_ros:/home/zac/ros2_humble/install/launch_ros:/home/zac/ros2_humble/install/examples_rclpy_pointcloud_publisher:/home/zac/ros2_humble/install/examples_rclpy_minimal_subscriber:/home/zac/ros2_humble/install/examples_rclpy_minimal_service:/home/zac/ros2_humble/install/examples_rclpy_minimal_publisher:/home/zac/ros2_humble/install/examples_rclpy_minimal_client:/home/zac/ros2_humble/install/examples_rclpy_minimal_action_server:/home/zac/ros2_humble/install/examples_rclpy_minimal_action_client:/home/zac/ros2_humble/install/examples_rclpy_guard_conditions:/home/zac/ros2_humble/install/examples_rclpy_executors:/home/zac/ros2_humble/install/demo_nodes_py:/home/zac/ros2_humble/install/action_tutorials_py:/home/zac/ros2_humble/install/ament_uncrustify:/home/zac/ros2_humble/install/tracetools_trace:/home/zac/ros2_humble/install/tracetools_read:/home/zac/ros2_humble/install/test_tracetools_launch:/home/zac/ros2_humble/install/test_launch_ros:/home/zac/ros2_humble/install/sensor_msgs_py:/home/zac/ros2_humble/install/rpyutils:/home/zac/ros2_humble/install/rosidl_runtime_py:/home/zac/ros2_humble/install/rosidl_cli:/home/zac/ros2_humble/install/launch_pytest:/home/zac/ros2_humble/install/launch_testing:/home/zac/ros2_humble/install/launch_yaml:/home/zac/ros2_humble/install/launch_xml:/home/zac/ros2_humble/install/launch:/home/zac/ros2_humble/install/osrf_pycommon:/home/zac/ros2_humble/install/launch_testing_examples:/home/zac/ros2_humble/install/domain_coordinator:/home/zac/ros2_humble/install/ament_xmllint:/home/zac/ros2_humble/install/ament_pyflakes:/home/zac/ros2_humble/install/ament_pycodestyle:/home/zac/ros2_humble/install/ament_pep257:/home/zac/ros2_humble/install/ament_pclint:/home/zac/ros2_humble/install/ament_package:/home/zac/ros2_humble/install/ament_mypy:/home/zac/ros2_humble/install/ament_lint_cmake:/home/zac/ros2_humble/install/ament_flake8:/home/zac/ros2_humble/install/ament_copyright:/home/zac/ros2_humble/install/ament_lint:/home/zac/ros2_humble/install/ament_index_python:/home/zac/ros2_humble/install/ament_cpplint:/home/zac/ros2_humble/install/ament_cppcheck:/home/zac/ros2_humble/install/ament_clang_tidy:/home/zac/ros2_humble/install/ament_clang_format:/opt/ros/humble /usr/bin/cmake /home/zac/ws_zac/src/abb_libegm -DCMAKE_INSTALL_PREFIX=/home/zac/ws_zac/install/abb_libegm
[3.802s] Level 1:colcon.colcon_core.environment:create_environment_scripts_only(abb_libegm)
[3.809s] Level 1:colcon.colcon_core.environment:checking '/home/zac/ws_zac/install/abb_libegm' for CMake module files
[3.810s] Level 1:colcon.colcon_core.environment:checking '/home/zac/ws_zac/install/abb_libegm' for CMake config files
[3.810s] Level 1:colcon.colcon_core.environment:checking '/home/zac/ws_zac/install/abb_libegm/bin'
[3.810s] Level 1:colcon.colcon_core.environment:checking '/home/zac/ws_zac/install/abb_libegm/lib/pkgconfig/abb_libegm.pc'
[3.810s] Level 1:colcon.colcon_core.environment:checking '/home/zac/ws_zac/install/abb_libegm/lib/python3.10/site-packages'
[3.810s] Level 1:colcon.colcon_core.environment:checking '/home/zac/ws_zac/install/abb_libegm/bin'
[3.812s] INFO:colcon.colcon_core.shell:Creating package script '/home/zac/ws_zac/install/abb_libegm/share/abb_libegm/package.ps1'
[3.813s] INFO:colcon.colcon_core.shell:Creating package descriptor '/home/zac/ws_zac/install/abb_libegm/share/abb_libegm/package.dsv'
[3.813s] INFO:colcon.colcon_core.shell:Creating package script '/home/zac/ws_zac/install/abb_libegm/share/abb_libegm/package.sh'
[3.814s] INFO:colcon.colcon_core.shell:Creating package script '/home/zac/ws_zac/install/abb_libegm/share/abb_libegm/package.bash'
[3.814s] INFO:colcon.colcon_core.shell:Creating package script '/home/zac/ws_zac/install/abb_libegm/share/abb_libegm/package.zsh'
[3.814s] Level 1:colcon.colcon_core.environment:create_file_with_runtime_dependencies(/home/zac/ws_zac/install/abb_libegm/share/colcon-core/packages/abb_libegm)
[3.825s] DEBUG:colcon.colcon_parallel_executor.executor.parallel:closing loop
[3.825s] DEBUG:colcon.colcon_parallel_executor.executor.parallel:loop closed
[3.825s] DEBUG:colcon.colcon_parallel_executor.executor.parallel:run_until_complete finished with '1'
[3.826s] DEBUG:colcon.colcon_core.event_reactor:joining thread
[3.918s] INFO:colcon.colcon_core.plugin_system:Skipping extension 'colcon_notification.desktop_notification.notify_send': Could not find 'notify-send'
[3.918s] INFO:colcon.colcon_core.plugin_system:Skipping extension 'colcon_notification.desktop_notification.terminal_notifier': Not used on non-Darwin systems
[3.918s] INFO:colcon.colcon_core.plugin_system:Skipping extension 'colcon_notification.desktop_notification.win32': Not used on non-Windows systems
[3.918s] INFO:colcon.colcon_notification.desktop_notification:Sending desktop notification using 'notify2'
[3.918s] DEBUG:colcon.colcon_notification.desktop_notification.notify2:Failed to initialize notify2: org.freedesktop.DBus.Error.FileNotFound: Failed to connect to socket /run/user/1000/bus: No such file or directory
[3.919s] DEBUG:colcon.colcon_core.event_reactor:joined thread
[3.920s] INFO:colcon.colcon_core.shell:Creating prefix script '/home/zac/ws_zac/install/local_setup.ps1'
[3.921s] INFO:colcon.colcon_core.shell:Creating prefix util module '/home/zac/ws_zac/install/_local_setup_util_ps1.py'
[3.922s] INFO:colcon.colcon_core.shell:Creating prefix chain script '/home/zac/ws_zac/install/setup.ps1'
[3.931s] INFO:colcon.colcon_core.shell:Creating prefix script '/home/zac/ws_zac/install/local_setup.sh'
[3.931s] INFO:colcon.colcon_core.shell:Creating prefix util module '/home/zac/ws_zac/install/_local_setup_util_sh.py'
[3.932s] INFO:colcon.colcon_core.shell:Creating prefix chain script '/home/zac/ws_zac/install/setup.sh'
[3.940s] INFO:colcon.colcon_core.shell:Creating prefix script '/home/zac/ws_zac/install/local_setup.bash'
[3.941s] INFO:colcon.colcon_core.shell:Creating prefix chain script '/home/zac/ws_zac/install/setup.bash'
[3.950s] INFO:colcon.colcon_core.shell:Creating prefix script '/home/zac/ws_zac/install/local_setup.zsh'
[3.951s] INFO:colcon.colcon_core.shell:Creating prefix chain script '/home/zac/ws_zac/install/setup.zsh'
