[0.151s] Invoking command in '/home/zac/ws_zac/build/turtlesim': CMAKE_PREFIX_PATH=${CMAKE_PREFIX_PATH}:/home/zac/ws_moveit2/install/moveit_configs_utils:/home/zac/ws_moveit2/install/launch_param_builder:/home/zac/ros2_humble/install/rqt_bag_plugins:/home/zac/ros2_humble/install/rqt_bag:/home/zac/ros2_humble/install/ros2bag:/home/zac/ros2_humble/install/tracetools_test:/home/zac/ros2_humble/install/tracetools_launch:/home/zac/ros2_humble/install/topic_monitor:/home/zac/ros2_humble/install/tf2_tools:/home/zac/ros2_humble/install/examples_tf2_py:/home/zac/ros2_humble/install/tf2_ros_py:/home/zac/ros2_humble/install/sros2:/home/zac/ros2_humble/install/rqt_topic:/home/zac/ros2_humble/install/rqt_srv:/home/zac/ros2_humble/install/rqt_shell:/home/zac/ros2_humble/install/rqt_service_caller:/home/zac/ros2_humble/install/rqt_reconfigure:/home/zac/ros2_humble/install/rqt_py_console:/home/zac/ros2_humble/install/rqt_publisher:/home/zac/ros2_humble/install/rqt_plot:/home/zac/ros2_humble/install/rqt_action:/home/zac/ros2_humble/install/rqt_msg:/home/zac/ros2_humble/install/rqt_console:/home/zac/ros2_humble/install/rqt:/home/zac/ros2_humble/install/rqt_graph:/home/zac/ros2_humble/install/rqt_gui_py:/home/zac/ros2_humble/install/rqt_gui:/home/zac/ros2_humble/install/ros2trace:/home/zac/ros2_humble/install/ros2topic:/home/zac/ros2_humble/install/ros2test:/home/zac/ros2_humble/install/ros2component:/home/zac/ros2_humble/install/ros2param:/home/zac/ros2_humble/install/ros2lifecycle:/home/zac/ros2_humble/install/ros2service:/home/zac/ros2_humble/install/ros2run:/home/zac/ros2_humble/install/ros2launch:/home/zac/ros2_humble/install/ros2pkg:/home/zac/ros2_humble/install/ros2node:/home/zac/ros2_humble/install/ros2multicast:/home/zac/ros2_humble/install/ros2interface:/home/zac/ros2_humble/install/ros2doctor:/home/zac/ros2_humble/install/ros2action:/home/zac/ros2_humble/install/ros2cli:/home/zac/ros2_humble/install/quality_of_service_demo_py:/home/zac/ros2_humble/install/lifecycle_py:/home/zac/ros2_humble/install/launch_testing_ros:/home/zac/ros2_humble/install/launch_ros:/home/zac/ros2_humble/install/examples_rclpy_pointcloud_publisher:/home/zac/ros2_humble/install/examples_rclpy_minimal_subscriber:/home/zac/ros2_humble/install/examples_rclpy_minimal_service:/home/zac/ros2_humble/install/examples_rclpy_minimal_publisher:/home/zac/ros2_humble/install/examples_rclpy_minimal_client:/home/zac/ros2_humble/install/examples_rclpy_minimal_action_server:/home/zac/ros2_humble/install/examples_rclpy_minimal_action_client:/home/zac/ros2_humble/install/examples_rclpy_guard_conditions:/home/zac/ros2_humble/install/examples_rclpy_executors:/home/zac/ros2_humble/install/demo_nodes_py:/home/zac/ros2_humble/install/action_tutorials_py:/home/zac/ros2_humble/install/ament_uncrustify:/home/zac/ros2_humble/install/tracetools_trace:/home/zac/ros2_humble/install/tracetools_read:/home/zac/ros2_humble/install/test_tracetools_launch:/home/zac/ros2_humble/install/test_launch_ros:/home/zac/ros2_humble/install/sensor_msgs_py:/home/zac/ros2_humble/install/rpyutils:/home/zac/ros2_humble/install/rosidl_runtime_py:/home/zac/ros2_humble/install/rosidl_cli:/home/zac/ros2_humble/install/launch_pytest:/home/zac/ros2_humble/install/launch_testing:/home/zac/ros2_humble/install/launch_yaml:/home/zac/ros2_humble/install/launch_xml:/home/zac/ros2_humble/install/launch:/home/zac/ros2_humble/install/osrf_pycommon:/home/zac/ros2_humble/install/launch_testing_examples:/home/zac/ros2_humble/install/domain_coordinator:/home/zac/ros2_humble/install/ament_xmllint:/home/zac/ros2_humble/install/ament_pyflakes:/home/zac/ros2_humble/install/ament_pycodestyle:/home/zac/ros2_humble/install/ament_pep257:/home/zac/ros2_humble/install/ament_pclint:/home/zac/ros2_humble/install/ament_package:/home/zac/ros2_humble/install/ament_mypy:/home/zac/ros2_humble/install/ament_lint_cmake:/home/zac/ros2_humble/install/ament_flake8:/home/zac/ros2_humble/install/ament_copyright:/home/zac/ros2_humble/install/ament_lint:/home/zac/ros2_humble/install/ament_index_python:/home/zac/ros2_humble/install/ament_cpplint:/home/zac/ros2_humble/install/ament_cppcheck:/home/zac/ros2_humble/install/ament_clang_tidy:/home/zac/ros2_humble/install/ament_clang_format:/opt/ros/humble /usr/bin/cmake --build /home/zac/ws_zac/build/turtlesim -- -j16 -l16
[0.237s] [35m[1mConsolidate compiler generated dependencies of target turtlesim__rosidl_generator_c[0m
[0.308s] [  1%] Built target turtlesim__cpp
[0.309s] [ 11%] Built target turtlesim__rosidl_generator_c
[0.309s] [ 11%] Built target ament_cmake_python_copy_turtlesim
[0.310s] [35m[1mConsolidate compiler generated dependencies of target turtlesim__rosidl_typesupport_c[0m
[0.310s] [35m[1mConsolidate compiler generated dependencies of target turtlesim__rosidl_typesupport_introspection_c[0m
[0.310s] [35m[1mConsolidate compiler generated dependencies of target turtlesim__rosidl_typesupport_cpp[0m
[0.311s] [35m[1mConsolidate compiler generated dependencies of target turtlesim__rosidl_typesupport_introspection_cpp[0m
[0.311s] [35m[1mConsolidate compiler generated dependencies of target turtlesim__rosidl_typesupport_fastrtps_cpp[0m
[0.311s] [35m[1mConsolidate compiler generated dependencies of target turtlesim__rosidl_typesupport_fastrtps_c[0m
[0.311s] [ 21%] Built target turtlesim__rosidl_typesupport_introspection_c
[0.311s] [ 31%] Built target turtlesim__rosidl_typesupport_c
[0.321s] [ 41%] Built target turtlesim__rosidl_typesupport_cpp
[0.321s] [ 51%] Built target turtlesim__rosidl_typesupport_fastrtps_cpp
[0.323s] [ 61%] Built target turtlesim__rosidl_typesupport_introspection_cpp
[0.328s] [ 71%] Built target turtlesim__rosidl_typesupport_fastrtps_c
[0.334s] [35m[1mConsolidate compiler generated dependencies of target turtle_teleop_key[0m
[0.334s] [35m[1mConsolidate compiler generated dependencies of target turtlesim_node[0m
[0.334s] [35m[1mConsolidate compiler generated dependencies of target draw_square[0m
[0.335s] [35m[1mConsolidate compiler generated dependencies of target mimic[0m
[0.366s] [ 73%] Built target mimic
[0.367s] [ 75%] Built target draw_square
[0.370s] [ 75%] Built target turtlesim
[0.371s] [ 77%] Built target turtle_teleop_key
[0.375s] [ 83%] Built target turtlesim_node
[0.406s] [ 84%] Built target turtlesim__py
[0.426s] [35m[1mConsolidate compiler generated dependencies of target turtlesim__rosidl_generator_py[0m
[0.453s] [ 93%] Built target turtlesim__rosidl_generator_py
[0.471s] [35m[1mConsolidate compiler generated dependencies of target turtlesim__rosidl_typesupport_c__pyext[0m
[0.471s] [35m[1mConsolidate compiler generated dependencies of target turtlesim__rosidl_typesupport_fastrtps_c__pyext[0m
[0.472s] [35m[1mConsolidate compiler generated dependencies of target turtlesim__rosidl_typesupport_introspection_c__pyext[0m
[0.493s] [ 95%] Built target turtlesim__rosidl_typesupport_fastrtps_c__pyext
[0.494s] [ 97%] Built target turtlesim__rosidl_typesupport_introspection_c__pyext
[0.494s] [100%] Built target turtlesim__rosidl_typesupport_c__pyext
[0.805s] running egg_info
[0.805s] writing turtlesim.egg-info/PKG-INFO
[0.805s] writing dependency_links to turtlesim.egg-info/dependency_links.txt
[0.805s] writing top-level names to turtlesim.egg-info/top_level.txt
[0.806s] reading manifest file 'turtlesim.egg-info/SOURCES.txt'
[0.807s] writing manifest file 'turtlesim.egg-info/SOURCES.txt'
[0.838s] [100%] Built target ament_cmake_python_build_turtlesim_egg
[0.894s] Invoked command in '/home/zac/ws_zac/build/turtlesim' returned '0': CMAKE_PREFIX_PATH=${CMAKE_PREFIX_PATH}:/home/zac/ws_moveit2/install/moveit_configs_utils:/home/zac/ws_moveit2/install/launch_param_builder:/home/zac/ros2_humble/install/rqt_bag_plugins:/home/zac/ros2_humble/install/rqt_bag:/home/zac/ros2_humble/install/ros2bag:/home/zac/ros2_humble/install/tracetools_test:/home/zac/ros2_humble/install/tracetools_launch:/home/zac/ros2_humble/install/topic_monitor:/home/zac/ros2_humble/install/tf2_tools:/home/zac/ros2_humble/install/examples_tf2_py:/home/zac/ros2_humble/install/tf2_ros_py:/home/zac/ros2_humble/install/sros2:/home/zac/ros2_humble/install/rqt_topic:/home/zac/ros2_humble/install/rqt_srv:/home/zac/ros2_humble/install/rqt_shell:/home/zac/ros2_humble/install/rqt_service_caller:/home/zac/ros2_humble/install/rqt_reconfigure:/home/zac/ros2_humble/install/rqt_py_console:/home/zac/ros2_humble/install/rqt_publisher:/home/zac/ros2_humble/install/rqt_plot:/home/zac/ros2_humble/install/rqt_action:/home/zac/ros2_humble/install/rqt_msg:/home/zac/ros2_humble/install/rqt_console:/home/zac/ros2_humble/install/rqt:/home/zac/ros2_humble/install/rqt_graph:/home/zac/ros2_humble/install/rqt_gui_py:/home/zac/ros2_humble/install/rqt_gui:/home/zac/ros2_humble/install/ros2trace:/home/zac/ros2_humble/install/ros2topic:/home/zac/ros2_humble/install/ros2test:/home/zac/ros2_humble/install/ros2component:/home/zac/ros2_humble/install/ros2param:/home/zac/ros2_humble/install/ros2lifecycle:/home/zac/ros2_humble/install/ros2service:/home/zac/ros2_humble/install/ros2run:/home/zac/ros2_humble/install/ros2launch:/home/zac/ros2_humble/install/ros2pkg:/home/zac/ros2_humble/install/ros2node:/home/zac/ros2_humble/install/ros2multicast:/home/zac/ros2_humble/install/ros2interface:/home/zac/ros2_humble/install/ros2doctor:/home/zac/ros2_humble/install/ros2action:/home/zac/ros2_humble/install/ros2cli:/home/zac/ros2_humble/install/quality_of_service_demo_py:/home/zac/ros2_humble/install/lifecycle_py:/home/zac/ros2_humble/install/launch_testing_ros:/home/zac/ros2_humble/install/launch_ros:/home/zac/ros2_humble/install/examples_rclpy_pointcloud_publisher:/home/zac/ros2_humble/install/examples_rclpy_minimal_subscriber:/home/zac/ros2_humble/install/examples_rclpy_minimal_service:/home/zac/ros2_humble/install/examples_rclpy_minimal_publisher:/home/zac/ros2_humble/install/examples_rclpy_minimal_client:/home/zac/ros2_humble/install/examples_rclpy_minimal_action_server:/home/zac/ros2_humble/install/examples_rclpy_minimal_action_client:/home/zac/ros2_humble/install/examples_rclpy_guard_conditions:/home/zac/ros2_humble/install/examples_rclpy_executors:/home/zac/ros2_humble/install/demo_nodes_py:/home/zac/ros2_humble/install/action_tutorials_py:/home/zac/ros2_humble/install/ament_uncrustify:/home/zac/ros2_humble/install/tracetools_trace:/home/zac/ros2_humble/install/tracetools_read:/home/zac/ros2_humble/install/test_tracetools_launch:/home/zac/ros2_humble/install/test_launch_ros:/home/zac/ros2_humble/install/sensor_msgs_py:/home/zac/ros2_humble/install/rpyutils:/home/zac/ros2_humble/install/rosidl_runtime_py:/home/zac/ros2_humble/install/rosidl_cli:/home/zac/ros2_humble/install/launch_pytest:/home/zac/ros2_humble/install/launch_testing:/home/zac/ros2_humble/install/launch_yaml:/home/zac/ros2_humble/install/launch_xml:/home/zac/ros2_humble/install/launch:/home/zac/ros2_humble/install/osrf_pycommon:/home/zac/ros2_humble/install/launch_testing_examples:/home/zac/ros2_humble/install/domain_coordinator:/home/zac/ros2_humble/install/ament_xmllint:/home/zac/ros2_humble/install/ament_pyflakes:/home/zac/ros2_humble/install/ament_pycodestyle:/home/zac/ros2_humble/install/ament_pep257:/home/zac/ros2_humble/install/ament_pclint:/home/zac/ros2_humble/install/ament_package:/home/zac/ros2_humble/install/ament_mypy:/home/zac/ros2_humble/install/ament_lint_cmake:/home/zac/ros2_humble/install/ament_flake8:/home/zac/ros2_humble/install/ament_copyright:/home/zac/ros2_humble/install/ament_lint:/home/zac/ros2_humble/install/ament_index_python:/home/zac/ros2_humble/install/ament_cpplint:/home/zac/ros2_humble/install/ament_cppcheck:/home/zac/ros2_humble/install/ament_clang_tidy:/home/zac/ros2_humble/install/ament_clang_format:/opt/ros/humble /usr/bin/cmake --build /home/zac/ws_zac/build/turtlesim -- -j16 -l16
[1.503s] Invoking command in '/home/zac/ws_zac/build/turtlesim': CMAKE_PREFIX_PATH=${CMAKE_PREFIX_PATH}:/home/zac/ws_moveit2/install/moveit_configs_utils:/home/zac/ws_moveit2/install/launch_param_builder:/home/zac/ros2_humble/install/rqt_bag_plugins:/home/zac/ros2_humble/install/rqt_bag:/home/zac/ros2_humble/install/ros2bag:/home/zac/ros2_humble/install/tracetools_test:/home/zac/ros2_humble/install/tracetools_launch:/home/zac/ros2_humble/install/topic_monitor:/home/zac/ros2_humble/install/tf2_tools:/home/zac/ros2_humble/install/examples_tf2_py:/home/zac/ros2_humble/install/tf2_ros_py:/home/zac/ros2_humble/install/sros2:/home/zac/ros2_humble/install/rqt_topic:/home/zac/ros2_humble/install/rqt_srv:/home/zac/ros2_humble/install/rqt_shell:/home/zac/ros2_humble/install/rqt_service_caller:/home/zac/ros2_humble/install/rqt_reconfigure:/home/zac/ros2_humble/install/rqt_py_console:/home/zac/ros2_humble/install/rqt_publisher:/home/zac/ros2_humble/install/rqt_plot:/home/zac/ros2_humble/install/rqt_action:/home/zac/ros2_humble/install/rqt_msg:/home/zac/ros2_humble/install/rqt_console:/home/zac/ros2_humble/install/rqt:/home/zac/ros2_humble/install/rqt_graph:/home/zac/ros2_humble/install/rqt_gui_py:/home/zac/ros2_humble/install/rqt_gui:/home/zac/ros2_humble/install/ros2trace:/home/zac/ros2_humble/install/ros2topic:/home/zac/ros2_humble/install/ros2test:/home/zac/ros2_humble/install/ros2component:/home/zac/ros2_humble/install/ros2param:/home/zac/ros2_humble/install/ros2lifecycle:/home/zac/ros2_humble/install/ros2service:/home/zac/ros2_humble/install/ros2run:/home/zac/ros2_humble/install/ros2launch:/home/zac/ros2_humble/install/ros2pkg:/home/zac/ros2_humble/install/ros2node:/home/zac/ros2_humble/install/ros2multicast:/home/zac/ros2_humble/install/ros2interface:/home/zac/ros2_humble/install/ros2doctor:/home/zac/ros2_humble/install/ros2action:/home/zac/ros2_humble/install/ros2cli:/home/zac/ros2_humble/install/quality_of_service_demo_py:/home/zac/ros2_humble/install/lifecycle_py:/home/zac/ros2_humble/install/launch_testing_ros:/home/zac/ros2_humble/install/launch_ros:/home/zac/ros2_humble/install/examples_rclpy_pointcloud_publisher:/home/zac/ros2_humble/install/examples_rclpy_minimal_subscriber:/home/zac/ros2_humble/install/examples_rclpy_minimal_service:/home/zac/ros2_humble/install/examples_rclpy_minimal_publisher:/home/zac/ros2_humble/install/examples_rclpy_minimal_client:/home/zac/ros2_humble/install/examples_rclpy_minimal_action_server:/home/zac/ros2_humble/install/examples_rclpy_minimal_action_client:/home/zac/ros2_humble/install/examples_rclpy_guard_conditions:/home/zac/ros2_humble/install/examples_rclpy_executors:/home/zac/ros2_humble/install/demo_nodes_py:/home/zac/ros2_humble/install/action_tutorials_py:/home/zac/ros2_humble/install/ament_uncrustify:/home/zac/ros2_humble/install/tracetools_trace:/home/zac/ros2_humble/install/tracetools_read:/home/zac/ros2_humble/install/test_tracetools_launch:/home/zac/ros2_humble/install/test_launch_ros:/home/zac/ros2_humble/install/sensor_msgs_py:/home/zac/ros2_humble/install/rpyutils:/home/zac/ros2_humble/install/rosidl_runtime_py:/home/zac/ros2_humble/install/rosidl_cli:/home/zac/ros2_humble/install/launch_pytest:/home/zac/ros2_humble/install/launch_testing:/home/zac/ros2_humble/install/launch_yaml:/home/zac/ros2_humble/install/launch_xml:/home/zac/ros2_humble/install/launch:/home/zac/ros2_humble/install/osrf_pycommon:/home/zac/ros2_humble/install/launch_testing_examples:/home/zac/ros2_humble/install/domain_coordinator:/home/zac/ros2_humble/install/ament_xmllint:/home/zac/ros2_humble/install/ament_pyflakes:/home/zac/ros2_humble/install/ament_pycodestyle:/home/zac/ros2_humble/install/ament_pep257:/home/zac/ros2_humble/install/ament_pclint:/home/zac/ros2_humble/install/ament_package:/home/zac/ros2_humble/install/ament_mypy:/home/zac/ros2_humble/install/ament_lint_cmake:/home/zac/ros2_humble/install/ament_flake8:/home/zac/ros2_humble/install/ament_copyright:/home/zac/ros2_humble/install/ament_lint:/home/zac/ros2_humble/install/ament_index_python:/home/zac/ros2_humble/install/ament_cpplint:/home/zac/ros2_humble/install/ament_cppcheck:/home/zac/ros2_humble/install/ament_clang_tidy:/home/zac/ros2_humble/install/ament_clang_format:/opt/ros/humble /usr/bin/cmake --install /home/zac/ws_zac/build/turtlesim
[1.515s] -- Install configuration: ""
[1.515s] -- Installing: /home/zac/ws_zac/install/turtlesim/share/ament_index/resource_index/rosidl_interfaces/turtlesim
[1.515s] -- Installing: /home/zac/ws_zac/install/turtlesim/include/turtlesim/turtlesim
[1.515s] -- Installing: /home/zac/ws_zac/install/turtlesim/include/turtlesim/turtlesim/srv
[1.516s] -- Installing: /home/zac/ws_zac/install/turtlesim/include/turtlesim/turtlesim/srv/detail
[1.516s] -- Installing: /home/zac/ws_zac/install/turtlesim/include/turtlesim/turtlesim/srv/detail/teleport_relative__struct.h
[1.516s] -- Installing: /home/zac/ws_zac/install/turtlesim/include/turtlesim/turtlesim/srv/detail/teleport_relative__functions.c
[1.516s] -- Installing: /home/zac/ws_zac/install/turtlesim/include/turtlesim/turtlesim/srv/detail/set_pen__functions.h
[1.517s] -- Installing: /home/zac/ws_zac/install/turtlesim/include/turtlesim/turtlesim/srv/detail/kill__functions.h
[1.517s] -- Installing: /home/zac/ws_zac/install/turtlesim/include/turtlesim/turtlesim/srv/detail/spawn__type_support.h
[1.517s] -- Installing: /home/zac/ws_zac/install/turtlesim/include/turtlesim/turtlesim/srv/detail/spawn__struct.h
[1.517s] -- Installing: /home/zac/ws_zac/install/turtlesim/include/turtlesim/turtlesim/srv/detail/teleport_absolute__functions.c
[1.517s] -- Installing: /home/zac/ws_zac/install/turtlesim/include/turtlesim/turtlesim/srv/detail/teleport_absolute__functions.h
[1.518s] -- Installing: /home/zac/ws_zac/install/turtlesim/include/turtlesim/turtlesim/srv/detail/set_pen__type_support.h
[1.518s] -- Installing: /home/zac/ws_zac/install/turtlesim/include/turtlesim/turtlesim/srv/detail/kill__functions.c
[1.518s] -- Installing: /home/zac/ws_zac/install/turtlesim/include/turtlesim/turtlesim/srv/detail/set_pen__functions.c
[1.518s] -- Installing: /home/zac/ws_zac/install/turtlesim/include/turtlesim/turtlesim/srv/detail/kill__type_support.h
[1.518s] -- Installing: /home/zac/ws_zac/install/turtlesim/include/turtlesim/turtlesim/srv/detail/teleport_absolute__struct.h
[1.518s] -- Installing: /home/zac/ws_zac/install/turtlesim/include/turtlesim/turtlesim/srv/detail/teleport_absolute__type_support.h
[1.519s] -- Installing: /home/zac/ws_zac/install/turtlesim/include/turtlesim/turtlesim/srv/detail/spawn__functions.c
[1.519s] -- Installing: /home/zac/ws_zac/install/turtlesim/include/turtlesim/turtlesim/srv/detail/teleport_relative__functions.h
[1.519s] -- Installing: /home/zac/ws_zac/install/turtlesim/include/turtlesim/turtlesim/srv/detail/teleport_relative__type_support.h
[1.519s] -- Installing: /home/zac/ws_zac/install/turtlesim/include/turtlesim/turtlesim/srv/detail/set_pen__struct.h
[1.519s] -- Installing: /home/zac/ws_zac/install/turtlesim/include/turtlesim/turtlesim/srv/detail/kill__struct.h
[1.520s] -- Installing: /home/zac/ws_zac/install/turtlesim/include/turtlesim/turtlesim/srv/detail/spawn__functions.h
[1.520s] -- Installing: /home/zac/ws_zac/install/turtlesim/include/turtlesim/turtlesim/srv/spawn.h
[1.520s] -- Installing: /home/zac/ws_zac/install/turtlesim/include/turtlesim/turtlesim/srv/teleport_relative.h
[1.520s] -- Installing: /home/zac/ws_zac/install/turtlesim/include/turtlesim/turtlesim/srv/kill.h
[1.520s] -- Installing: /home/zac/ws_zac/install/turtlesim/include/turtlesim/turtlesim/srv/teleport_absolute.h
[1.520s] -- Installing: /home/zac/ws_zac/install/turtlesim/include/turtlesim/turtlesim/srv/set_pen.h
[1.521s] -- Installing: /home/zac/ws_zac/install/turtlesim/include/turtlesim/turtlesim/msg
[1.521s] -- Installing: /home/zac/ws_zac/install/turtlesim/include/turtlesim/turtlesim/msg/detail
[1.521s] -- Installing: /home/zac/ws_zac/install/turtlesim/include/turtlesim/turtlesim/msg/detail/color__functions.h
[1.521s] -- Installing: /home/zac/ws_zac/install/turtlesim/include/turtlesim/turtlesim/msg/detail/pose__functions.h
[1.521s] -- Installing: /home/zac/ws_zac/install/turtlesim/include/turtlesim/turtlesim/msg/detail/pose__functions.c
[1.521s] -- Installing: /home/zac/ws_zac/install/turtlesim/include/turtlesim/turtlesim/msg/detail/pose__struct.h
[1.522s] -- Installing: /home/zac/ws_zac/install/turtlesim/include/turtlesim/turtlesim/msg/detail/color__struct.h
[1.522s] -- Installing: /home/zac/ws_zac/install/turtlesim/include/turtlesim/turtlesim/msg/detail/color__type_support.h
[1.522s] -- Installing: /home/zac/ws_zac/install/turtlesim/include/turtlesim/turtlesim/msg/detail/color__functions.c
[1.522s] -- Installing: /home/zac/ws_zac/install/turtlesim/include/turtlesim/turtlesim/msg/detail/pose__type_support.h
[1.522s] -- Installing: /home/zac/ws_zac/install/turtlesim/include/turtlesim/turtlesim/msg/pose.h
[1.522s] -- Installing: /home/zac/ws_zac/install/turtlesim/include/turtlesim/turtlesim/msg/rosidl_generator_c__visibility_control.h
[1.523s] -- Installing: /home/zac/ws_zac/install/turtlesim/include/turtlesim/turtlesim/msg/color.h
[1.523s] -- Installing: /home/zac/ws_zac/install/turtlesim/include/turtlesim/turtlesim/action
[1.523s] -- Installing: /home/zac/ws_zac/install/turtlesim/include/turtlesim/turtlesim/action/detail
[1.523s] -- Installing: /home/zac/ws_zac/install/turtlesim/include/turtlesim/turtlesim/action/detail/rotate_absolute__functions.c
[1.523s] -- Installing: /home/zac/ws_zac/install/turtlesim/include/turtlesim/turtlesim/action/detail/rotate_absolute__struct.h
[1.524s] -- Installing: /home/zac/ws_zac/install/turtlesim/include/turtlesim/turtlesim/action/detail/rotate_absolute__type_support.h
[1.524s] -- Installing: /home/zac/ws_zac/install/turtlesim/include/turtlesim/turtlesim/action/detail/rotate_absolute__functions.h
[1.524s] -- Installing: /home/zac/ws_zac/install/turtlesim/include/turtlesim/turtlesim/action/rotate_absolute.h
[1.524s] -- Installing: /home/zac/ws_zac/install/turtlesim/share/turtlesim/environment/library_path.sh
[1.524s] -- Installing: /home/zac/ws_zac/install/turtlesim/share/turtlesim/environment/library_path.dsv
[1.525s] -- Installing: /home/zac/ws_zac/install/turtlesim/lib/libturtlesim__rosidl_generator_c.so
[1.525s] -- Set runtime path of "/home/zac/ws_zac/install/turtlesim/lib/libturtlesim__rosidl_generator_c.so" to ""
[1.525s] -- Up-to-date: /home/zac/ws_zac/install/turtlesim/include/turtlesim/turtlesim
[1.525s] -- Up-to-date: /home/zac/ws_zac/install/turtlesim/include/turtlesim/turtlesim/srv
[1.525s] -- Up-to-date: /home/zac/ws_zac/install/turtlesim/include/turtlesim/turtlesim/srv/detail
[1.525s] -- Installing: /home/zac/ws_zac/install/turtlesim/include/turtlesim/turtlesim/srv/detail/set_pen__rosidl_typesupport_fastrtps_c.h
[1.526s] -- Installing: /home/zac/ws_zac/install/turtlesim/include/turtlesim/turtlesim/srv/detail/kill__rosidl_typesupport_fastrtps_c.h
[1.526s] -- Installing: /home/zac/ws_zac/install/turtlesim/include/turtlesim/turtlesim/srv/detail/teleport_absolute__rosidl_typesupport_fastrtps_c.h
[1.526s] -- Installing: /home/zac/ws_zac/install/turtlesim/include/turtlesim/turtlesim/srv/detail/teleport_relative__rosidl_typesupport_fastrtps_c.h
[1.527s] -- Installing: /home/zac/ws_zac/install/turtlesim/include/turtlesim/turtlesim/srv/detail/spawn__rosidl_typesupport_fastrtps_c.h
[1.527s] -- Up-to-date: /home/zac/ws_zac/install/turtlesim/include/turtlesim/turtlesim/msg
[1.527s] -- Up-to-date: /home/zac/ws_zac/install/turtlesim/include/turtlesim/turtlesim/msg/detail
[1.527s] -- Installing: /home/zac/ws_zac/install/turtlesim/include/turtlesim/turtlesim/msg/detail/pose__rosidl_typesupport_fastrtps_c.h
[1.527s] -- Installing: /home/zac/ws_zac/install/turtlesim/include/turtlesim/turtlesim/msg/detail/color__rosidl_typesupport_fastrtps_c.h
[1.527s] -- Installing: /home/zac/ws_zac/install/turtlesim/include/turtlesim/turtlesim/msg/rosidl_typesupport_fastrtps_c__visibility_control.h
[1.527s] -- Up-to-date: /home/zac/ws_zac/install/turtlesim/include/turtlesim/turtlesim/action
[1.527s] -- Up-to-date: /home/zac/ws_zac/install/turtlesim/include/turtlesim/turtlesim/action/detail
[1.527s] -- Installing: /home/zac/ws_zac/install/turtlesim/include/turtlesim/turtlesim/action/detail/rotate_absolute__rosidl_typesupport_fastrtps_c.h
[1.527s] -- Installing: /home/zac/ws_zac/install/turtlesim/lib/libturtlesim__rosidl_typesupport_fastrtps_c.so
[1.527s] -- Set runtime path of "/home/zac/ws_zac/install/turtlesim/lib/libturtlesim__rosidl_typesupport_fastrtps_c.so" to ""
[1.527s] -- Up-to-date: /home/zac/ws_zac/install/turtlesim/include/turtlesim/turtlesim
[1.527s] -- Up-to-date: /home/zac/ws_zac/install/turtlesim/include/turtlesim/turtlesim/srv
[1.527s] -- Installing: /home/zac/ws_zac/install/turtlesim/include/turtlesim/turtlesim/srv/set_pen.hpp
[1.527s] -- Installing: /home/zac/ws_zac/install/turtlesim/include/turtlesim/turtlesim/srv/kill.hpp
[1.528s] -- Up-to-date: /home/zac/ws_zac/install/turtlesim/include/turtlesim/turtlesim/srv/detail
[1.528s] -- Installing: /home/zac/ws_zac/install/turtlesim/include/turtlesim/turtlesim/srv/detail/kill__builder.hpp
[1.528s] -- Installing: /home/zac/ws_zac/install/turtlesim/include/turtlesim/turtlesim/srv/detail/set_pen__traits.hpp
[1.529s] -- Installing: /home/zac/ws_zac/install/turtlesim/include/turtlesim/turtlesim/srv/detail/teleport_relative__struct.hpp
[1.529s] -- Installing: /home/zac/ws_zac/install/turtlesim/include/turtlesim/turtlesim/srv/detail/teleport_relative__traits.hpp
[1.529s] -- Installing: /home/zac/ws_zac/install/turtlesim/include/turtlesim/turtlesim/srv/detail/teleport_absolute__traits.hpp
[1.529s] -- Installing: /home/zac/ws_zac/install/turtlesim/include/turtlesim/turtlesim/srv/detail/teleport_absolute__struct.hpp
[1.529s] -- Installing: /home/zac/ws_zac/install/turtlesim/include/turtlesim/turtlesim/srv/detail/spawn__builder.hpp
[1.530s] -- Installing: /home/zac/ws_zac/install/turtlesim/include/turtlesim/turtlesim/srv/detail/kill__struct.hpp
[1.530s] -- Installing: /home/zac/ws_zac/install/turtlesim/include/turtlesim/turtlesim/srv/detail/kill__traits.hpp
[1.530s] -- Installing: /home/zac/ws_zac/install/turtlesim/include/turtlesim/turtlesim/srv/detail/teleport_absolute__builder.hpp
[1.530s] -- Installing: /home/zac/ws_zac/install/turtlesim/include/turtlesim/turtlesim/srv/detail/spawn__struct.hpp
[1.530s] -- Installing: /home/zac/ws_zac/install/turtlesim/include/turtlesim/turtlesim/srv/detail/set_pen__struct.hpp
[1.530s] -- Installing: /home/zac/ws_zac/install/turtlesim/include/turtlesim/turtlesim/srv/detail/set_pen__builder.hpp
[1.530s] -- Installing: /home/zac/ws_zac/install/turtlesim/include/turtlesim/turtlesim/srv/detail/teleport_relative__builder.hpp
[1.531s] -- Installing: /home/zac/ws_zac/install/turtlesim/include/turtlesim/turtlesim/srv/detail/spawn__traits.hpp
[1.531s] -- Installing: /home/zac/ws_zac/install/turtlesim/include/turtlesim/turtlesim/srv/teleport_absolute.hpp
[1.531s] -- Installing: /home/zac/ws_zac/install/turtlesim/include/turtlesim/turtlesim/srv/spawn.hpp
[1.531s] -- Installing: /home/zac/ws_zac/install/turtlesim/include/turtlesim/turtlesim/srv/teleport_relative.hpp
[1.531s] -- Up-to-date: /home/zac/ws_zac/install/turtlesim/include/turtlesim/turtlesim/msg
[1.532s] -- Up-to-date: /home/zac/ws_zac/install/turtlesim/include/turtlesim/turtlesim/msg/detail
[1.532s] -- Installing: /home/zac/ws_zac/install/turtlesim/include/turtlesim/turtlesim/msg/detail/pose__builder.hpp
[1.532s] -- Installing: /home/zac/ws_zac/install/turtlesim/include/turtlesim/turtlesim/msg/detail/pose__struct.hpp
[1.532s] -- Installing: /home/zac/ws_zac/install/turtlesim/include/turtlesim/turtlesim/msg/detail/pose__traits.hpp
[1.532s] -- Installing: /home/zac/ws_zac/install/turtlesim/include/turtlesim/turtlesim/msg/detail/color__traits.hpp
[1.532s] -- Installing: /home/zac/ws_zac/install/turtlesim/include/turtlesim/turtlesim/msg/detail/color__builder.hpp
[1.533s] -- Installing: /home/zac/ws_zac/install/turtlesim/include/turtlesim/turtlesim/msg/detail/color__struct.hpp
[1.533s] -- Installing: /home/zac/ws_zac/install/turtlesim/include/turtlesim/turtlesim/msg/pose.hpp
[1.533s] -- Installing: /home/zac/ws_zac/install/turtlesim/include/turtlesim/turtlesim/msg/color.hpp
[1.533s] -- Up-to-date: /home/zac/ws_zac/install/turtlesim/include/turtlesim/turtlesim/action
[1.533s] -- Installing: /home/zac/ws_zac/install/turtlesim/include/turtlesim/turtlesim/action/rotate_absolute.hpp
[1.533s] -- Up-to-date: /home/zac/ws_zac/install/turtlesim/include/turtlesim/turtlesim/action/detail
[1.534s] -- Installing: /home/zac/ws_zac/install/turtlesim/include/turtlesim/turtlesim/action/detail/rotate_absolute__traits.hpp
[1.534s] -- Installing: /home/zac/ws_zac/install/turtlesim/include/turtlesim/turtlesim/action/detail/rotate_absolute__struct.hpp
[1.534s] -- Installing: /home/zac/ws_zac/install/turtlesim/include/turtlesim/turtlesim/action/detail/rotate_absolute__builder.hpp
[1.534s] -- Up-to-date: /home/zac/ws_zac/install/turtlesim/include/turtlesim/turtlesim
[1.534s] -- Up-to-date: /home/zac/ws_zac/install/turtlesim/include/turtlesim/turtlesim/srv
[1.534s] -- Up-to-date: /home/zac/ws_zac/install/turtlesim/include/turtlesim/turtlesim/srv/detail
[1.535s] -- Installing: /home/zac/ws_zac/install/turtlesim/include/turtlesim/turtlesim/srv/detail/set_pen__rosidl_typesupport_fastrtps_cpp.hpp
[1.535s] -- Installing: /home/zac/ws_zac/install/turtlesim/include/turtlesim/turtlesim/srv/detail/kill__rosidl_typesupport_fastrtps_cpp.hpp
[1.535s] -- Installing: /home/zac/ws_zac/install/turtlesim/include/turtlesim/turtlesim/srv/detail/dds_fastrtps
[1.535s] -- Installing: /home/zac/ws_zac/install/turtlesim/include/turtlesim/turtlesim/srv/detail/teleport_absolute__rosidl_typesupport_fastrtps_cpp.hpp
[1.535s] -- Installing: /home/zac/ws_zac/install/turtlesim/include/turtlesim/turtlesim/srv/detail/teleport_relative__rosidl_typesupport_fastrtps_cpp.hpp
[1.535s] -- Installing: /home/zac/ws_zac/install/turtlesim/include/turtlesim/turtlesim/srv/detail/spawn__rosidl_typesupport_fastrtps_cpp.hpp
[1.536s] -- Up-to-date: /home/zac/ws_zac/install/turtlesim/include/turtlesim/turtlesim/msg
[1.536s] -- Up-to-date: /home/zac/ws_zac/install/turtlesim/include/turtlesim/turtlesim/msg/detail
[1.536s] -- Installing: /home/zac/ws_zac/install/turtlesim/include/turtlesim/turtlesim/msg/detail/dds_fastrtps
[1.537s] -- Installing: /home/zac/ws_zac/install/turtlesim/include/turtlesim/turtlesim/msg/detail/color__rosidl_typesupport_fastrtps_cpp.hpp
[1.537s] -- Installing: /home/zac/ws_zac/install/turtlesim/include/turtlesim/turtlesim/msg/detail/pose__rosidl_typesupport_fastrtps_cpp.hpp
[1.537s] -- Installing: /home/zac/ws_zac/install/turtlesim/include/turtlesim/turtlesim/msg/rosidl_typesupport_fastrtps_cpp__visibility_control.h
[1.537s] -- Up-to-date: /home/zac/ws_zac/install/turtlesim/include/turtlesim/turtlesim/action
[1.537s] -- Up-to-date: /home/zac/ws_zac/install/turtlesim/include/turtlesim/turtlesim/action/detail
[1.537s] -- Installing: /home/zac/ws_zac/install/turtlesim/include/turtlesim/turtlesim/action/detail/dds_fastrtps
[1.537s] -- Installing: /home/zac/ws_zac/install/turtlesim/include/turtlesim/turtlesim/action/detail/rotate_absolute__rosidl_typesupport_fastrtps_cpp.hpp
[1.537s] -- Installing: /home/zac/ws_zac/install/turtlesim/lib/libturtlesim__rosidl_typesupport_fastrtps_cpp.so
[1.538s] -- Set runtime path of "/home/zac/ws_zac/install/turtlesim/lib/libturtlesim__rosidl_typesupport_fastrtps_cpp.so" to ""
[1.538s] -- Up-to-date: /home/zac/ws_zac/install/turtlesim/include/turtlesim/turtlesim
[1.538s] -- Up-to-date: /home/zac/ws_zac/install/turtlesim/include/turtlesim/turtlesim/srv
[1.538s] -- Up-to-date: /home/zac/ws_zac/install/turtlesim/include/turtlesim/turtlesim/srv/detail
[1.538s] -- Installing: /home/zac/ws_zac/install/turtlesim/include/turtlesim/turtlesim/srv/detail/set_pen__rosidl_typesupport_introspection_c.h
[1.538s] -- Installing: /home/zac/ws_zac/install/turtlesim/include/turtlesim/turtlesim/srv/detail/kill__rosidl_typesupport_introspection_c.h
[1.538s] -- Installing: /home/zac/ws_zac/install/turtlesim/include/turtlesim/turtlesim/srv/detail/teleport_relative__rosidl_typesupport_introspection_c.h
[1.538s] -- Installing: /home/zac/ws_zac/install/turtlesim/include/turtlesim/turtlesim/srv/detail/spawn__type_support.c
[1.538s] -- Installing: /home/zac/ws_zac/install/turtlesim/include/turtlesim/turtlesim/srv/detail/kill__type_support.c
[1.538s] -- Installing: /home/zac/ws_zac/install/turtlesim/include/turtlesim/turtlesim/srv/detail/teleport_absolute__type_support.c
[1.538s] -- Installing: /home/zac/ws_zac/install/turtlesim/include/turtlesim/turtlesim/srv/detail/spawn__rosidl_typesupport_introspection_c.h
[1.538s] -- Installing: /home/zac/ws_zac/install/turtlesim/include/turtlesim/turtlesim/srv/detail/teleport_absolute__rosidl_typesupport_introspection_c.h
[1.538s] -- Installing: /home/zac/ws_zac/install/turtlesim/include/turtlesim/turtlesim/srv/detail/set_pen__type_support.c
[1.538s] -- Installing: /home/zac/ws_zac/install/turtlesim/include/turtlesim/turtlesim/srv/detail/teleport_relative__type_support.c
[1.538s] -- Up-to-date: /home/zac/ws_zac/install/turtlesim/include/turtlesim/turtlesim/msg
[1.538s] -- Installing: /home/zac/ws_zac/install/turtlesim/include/turtlesim/turtlesim/msg/rosidl_typesupport_introspection_c__visibility_control.h
[1.538s] -- Up-to-date: /home/zac/ws_zac/install/turtlesim/include/turtlesim/turtlesim/msg/detail
[1.538s] -- Installing: /home/zac/ws_zac/install/turtlesim/include/turtlesim/turtlesim/msg/detail/pose__rosidl_typesupport_introspection_c.h
[1.538s] -- Installing: /home/zac/ws_zac/install/turtlesim/include/turtlesim/turtlesim/msg/detail/pose__type_support.c
[1.538s] -- Installing: /home/zac/ws_zac/install/turtlesim/include/turtlesim/turtlesim/msg/detail/color__type_support.c
[1.538s] -- Installing: /home/zac/ws_zac/install/turtlesim/include/turtlesim/turtlesim/msg/detail/color__rosidl_typesupport_introspection_c.h
[1.538s] -- Up-to-date: /home/zac/ws_zac/install/turtlesim/include/turtlesim/turtlesim/action
[1.539s] -- Up-to-date: /home/zac/ws_zac/install/turtlesim/include/turtlesim/turtlesim/action/detail
[1.539s] -- Installing: /home/zac/ws_zac/install/turtlesim/include/turtlesim/turtlesim/action/detail/rotate_absolute__rosidl_typesupport_introspection_c.h
[1.539s] -- Installing: /home/zac/ws_zac/install/turtlesim/include/turtlesim/turtlesim/action/detail/rotate_absolute__type_support.c
[1.539s] -- Installing: /home/zac/ws_zac/install/turtlesim/lib/libturtlesim__rosidl_typesupport_introspection_c.so
[1.539s] -- Set runtime path of "/home/zac/ws_zac/install/turtlesim/lib/libturtlesim__rosidl_typesupport_introspection_c.so" to ""
[1.539s] -- Installing: /home/zac/ws_zac/install/turtlesim/lib/libturtlesim__rosidl_typesupport_c.so
[1.539s] -- Set runtime path of "/home/zac/ws_zac/install/turtlesim/lib/libturtlesim__rosidl_typesupport_c.so" to ""
[1.539s] -- Up-to-date: /home/zac/ws_zac/install/turtlesim/include/turtlesim/turtlesim
[1.539s] -- Up-to-date: /home/zac/ws_zac/install/turtlesim/include/turtlesim/turtlesim/srv
[1.539s] -- Up-to-date: /home/zac/ws_zac/install/turtlesim/include/turtlesim/turtlesim/srv/detail
[1.539s] -- Installing: /home/zac/ws_zac/install/turtlesim/include/turtlesim/turtlesim/srv/detail/set_pen__rosidl_typesupport_introspection_cpp.hpp
[1.539s] -- Installing: /home/zac/ws_zac/install/turtlesim/include/turtlesim/turtlesim/srv/detail/set_pen__type_support.cpp
[1.539s] -- Installing: /home/zac/ws_zac/install/turtlesim/include/turtlesim/turtlesim/srv/detail/kill__type_support.cpp
[1.539s] -- Installing: /home/zac/ws_zac/install/turtlesim/include/turtlesim/turtlesim/srv/detail/teleport_absolute__rosidl_typesupport_introspection_cpp.hpp
[1.539s] -- Installing: /home/zac/ws_zac/install/turtlesim/include/turtlesim/turtlesim/srv/detail/teleport_relative__type_support.cpp
[1.539s] -- Installing: /home/zac/ws_zac/install/turtlesim/include/turtlesim/turtlesim/srv/detail/kill__rosidl_typesupport_introspection_cpp.hpp
[1.539s] -- Installing: /home/zac/ws_zac/install/turtlesim/include/turtlesim/turtlesim/srv/detail/teleport_absolute__type_support.cpp
[1.539s] -- Installing: /home/zac/ws_zac/install/turtlesim/include/turtlesim/turtlesim/srv/detail/spawn__rosidl_typesupport_introspection_cpp.hpp
[1.539s] -- Installing: /home/zac/ws_zac/install/turtlesim/include/turtlesim/turtlesim/srv/detail/spawn__type_support.cpp
[1.539s] -- Installing: /home/zac/ws_zac/install/turtlesim/include/turtlesim/turtlesim/srv/detail/teleport_relative__rosidl_typesupport_introspection_cpp.hpp
[1.539s] -- Up-to-date: /home/zac/ws_zac/install/turtlesim/include/turtlesim/turtlesim/msg
[1.539s] -- Up-to-date: /home/zac/ws_zac/install/turtlesim/include/turtlesim/turtlesim/msg/detail
[1.540s] -- Installing: /home/zac/ws_zac/install/turtlesim/include/turtlesim/turtlesim/msg/detail/pose__rosidl_typesupport_introspection_cpp.hpp
[1.540s] -- Installing: /home/zac/ws_zac/install/turtlesim/include/turtlesim/turtlesim/msg/detail/color__rosidl_typesupport_introspection_cpp.hpp
[1.540s] -- Installing: /home/zac/ws_zac/install/turtlesim/include/turtlesim/turtlesim/msg/detail/color__type_support.cpp
[1.540s] -- Installing: /home/zac/ws_zac/install/turtlesim/include/turtlesim/turtlesim/msg/detail/pose__type_support.cpp
[1.540s] -- Up-to-date: /home/zac/ws_zac/install/turtlesim/include/turtlesim/turtlesim/action
[1.540s] -- Up-to-date: /home/zac/ws_zac/install/turtlesim/include/turtlesim/turtlesim/action/detail
[1.540s] -- Installing: /home/zac/ws_zac/install/turtlesim/include/turtlesim/turtlesim/action/detail/rotate_absolute__type_support.cpp
[1.540s] -- Installing: /home/zac/ws_zac/install/turtlesim/include/turtlesim/turtlesim/action/detail/rotate_absolute__rosidl_typesupport_introspection_cpp.hpp
[1.540s] -- Installing: /home/zac/ws_zac/install/turtlesim/lib/libturtlesim__rosidl_typesupport_introspection_cpp.so
[1.540s] -- Set runtime path of "/home/zac/ws_zac/install/turtlesim/lib/libturtlesim__rosidl_typesupport_introspection_cpp.so" to ""
[1.540s] -- Installing: /home/zac/ws_zac/install/turtlesim/lib/libturtlesim__rosidl_typesupport_cpp.so
[1.540s] -- Set runtime path of "/home/zac/ws_zac/install/turtlesim/lib/libturtlesim__rosidl_typesupport_cpp.so" to ""
[1.540s] -- Installing: /home/zac/ws_zac/install/turtlesim/share/turtlesim/environment/pythonpath.sh
[1.540s] -- Installing: /home/zac/ws_zac/install/turtlesim/share/turtlesim/environment/pythonpath.dsv
[1.540s] -- Installing: /home/zac/ws_zac/install/turtlesim/local/lib/python3.10/dist-packages/turtlesim-1.4.1-py3.10.egg-info
[1.540s] -- Installing: /home/zac/ws_zac/install/turtlesim/local/lib/python3.10/dist-packages/turtlesim-1.4.1-py3.10.egg-info/SOURCES.txt
[1.540s] -- Installing: /home/zac/ws_zac/install/turtlesim/local/lib/python3.10/dist-packages/turtlesim-1.4.1-py3.10.egg-info/PKG-INFO
[1.540s] -- Installing: /home/zac/ws_zac/install/turtlesim/local/lib/python3.10/dist-packages/turtlesim-1.4.1-py3.10.egg-info/dependency_links.txt
[1.540s] -- Installing: /home/zac/ws_zac/install/turtlesim/local/lib/python3.10/dist-packages/turtlesim-1.4.1-py3.10.egg-info/top_level.txt
[1.540s] -- Installing: /home/zac/ws_zac/install/turtlesim/local/lib/python3.10/dist-packages/turtlesim
[1.540s] -- Installing: /home/zac/ws_zac/install/turtlesim/local/lib/python3.10/dist-packages/turtlesim/_turtlesim_s.ep.rosidl_typesupport_fastrtps_c.c
[1.540s] -- Installing: /home/zac/ws_zac/install/turtlesim/local/lib/python3.10/dist-packages/turtlesim/turtlesim_s__rosidl_typesupport_fastrtps_c.cpython-310-x86_64-linux-gnu.so
[1.541s] -- Installing: /home/zac/ws_zac/install/turtlesim/local/lib/python3.10/dist-packages/turtlesim/turtlesim_s__rosidl_typesupport_introspection_c.cpython-310-x86_64-linux-gnu.so
[1.541s] -- Installing: /home/zac/ws_zac/install/turtlesim/local/lib/python3.10/dist-packages/turtlesim/_turtlesim_s.ep.rosidl_typesupport_c.c
[1.541s] -- Installing: /home/zac/ws_zac/install/turtlesim/local/lib/python3.10/dist-packages/turtlesim/turtlesim_s__rosidl_typesupport_c.cpython-310-x86_64-linux-gnu.so
[1.541s] -- Installing: /home/zac/ws_zac/install/turtlesim/local/lib/python3.10/dist-packages/turtlesim/srv
[1.541s] -- Installing: /home/zac/ws_zac/install/turtlesim/local/lib/python3.10/dist-packages/turtlesim/srv/_set_pen_s.c
[1.541s] -- Installing: /home/zac/ws_zac/install/turtlesim/local/lib/python3.10/dist-packages/turtlesim/srv/_set_pen.py
[1.541s] -- Installing: /home/zac/ws_zac/install/turtlesim/local/lib/python3.10/dist-packages/turtlesim/srv/_spawn_s.c
[1.541s] -- Installing: /home/zac/ws_zac/install/turtlesim/local/lib/python3.10/dist-packages/turtlesim/srv/_kill_s.c
[1.541s] -- Installing: /home/zac/ws_zac/install/turtlesim/local/lib/python3.10/dist-packages/turtlesim/srv/_teleport_relative.py
[1.541s] -- Installing: /home/zac/ws_zac/install/turtlesim/local/lib/python3.10/dist-packages/turtlesim/srv/_teleport_absolute_s.c
[1.541s] -- Installing: /home/zac/ws_zac/install/turtlesim/local/lib/python3.10/dist-packages/turtlesim/srv/_spawn.py
[1.541s] -- Installing: /home/zac/ws_zac/install/turtlesim/local/lib/python3.10/dist-packages/turtlesim/srv/_kill.py
[1.541s] -- Installing: /home/zac/ws_zac/install/turtlesim/local/lib/python3.10/dist-packages/turtlesim/srv/_teleport_absolute.py
[1.541s] -- Installing: /home/zac/ws_zac/install/turtlesim/local/lib/python3.10/dist-packages/turtlesim/srv/__init__.py
[1.541s] -- Installing: /home/zac/ws_zac/install/turtlesim/local/lib/python3.10/dist-packages/turtlesim/srv/_teleport_relative_s.c
[1.541s] -- Installing: /home/zac/ws_zac/install/turtlesim/local/lib/python3.10/dist-packages/turtlesim/msg
[1.541s] -- Installing: /home/zac/ws_zac/install/turtlesim/local/lib/python3.10/dist-packages/turtlesim/msg/_color_s.c
[1.541s] -- Installing: /home/zac/ws_zac/install/turtlesim/local/lib/python3.10/dist-packages/turtlesim/msg/_color.py
[1.541s] -- Installing: /home/zac/ws_zac/install/turtlesim/local/lib/python3.10/dist-packages/turtlesim/msg/_pose_s.c
[1.541s] -- Installing: /home/zac/ws_zac/install/turtlesim/local/lib/python3.10/dist-packages/turtlesim/msg/_pose.py
[1.541s] -- Installing: /home/zac/ws_zac/install/turtlesim/local/lib/python3.10/dist-packages/turtlesim/msg/__init__.py
[1.541s] -- Installing: /home/zac/ws_zac/install/turtlesim/local/lib/python3.10/dist-packages/turtlesim/libturtlesim__rosidl_generator_py.so
[1.541s] -- Installing: /home/zac/ws_zac/install/turtlesim/local/lib/python3.10/dist-packages/turtlesim/_turtlesim_s.ep.rosidl_typesupport_introspection_c.c
[1.542s] -- Installing: /home/zac/ws_zac/install/turtlesim/local/lib/python3.10/dist-packages/turtlesim/__init__.py
[1.542s] -- Installing: /home/zac/ws_zac/install/turtlesim/local/lib/python3.10/dist-packages/turtlesim/action
[1.542s] -- Installing: /home/zac/ws_zac/install/turtlesim/local/lib/python3.10/dist-packages/turtlesim/action/_rotate_absolute.py
[1.542s] -- Installing: /home/zac/ws_zac/install/turtlesim/local/lib/python3.10/dist-packages/turtlesim/action/_rotate_absolute_s.c
[1.542s] -- Installing: /home/zac/ws_zac/install/turtlesim/local/lib/python3.10/dist-packages/turtlesim/action/__init__.py
[1.651s] Listing '/home/zac/ws_zac/install/turtlesim/local/lib/python3.10/dist-packages/turtlesim'...
[1.651s] Compiling '/home/zac/ws_zac/install/turtlesim/local/lib/python3.10/dist-packages/turtlesim/__init__.py'...
[1.651s] Listing '/home/zac/ws_zac/install/turtlesim/local/lib/python3.10/dist-packages/turtlesim/action'...
[1.651s] Compiling '/home/zac/ws_zac/install/turtlesim/local/lib/python3.10/dist-packages/turtlesim/action/__init__.py'...
[1.651s] Compiling '/home/zac/ws_zac/install/turtlesim/local/lib/python3.10/dist-packages/turtlesim/action/_rotate_absolute.py'...
[1.651s] Listing '/home/zac/ws_zac/install/turtlesim/local/lib/python3.10/dist-packages/turtlesim/msg'...
[1.651s] Compiling '/home/zac/ws_zac/install/turtlesim/local/lib/python3.10/dist-packages/turtlesim/msg/__init__.py'...
[1.652s] Compiling '/home/zac/ws_zac/install/turtlesim/local/lib/python3.10/dist-packages/turtlesim/msg/_color.py'...
[1.652s] Compiling '/home/zac/ws_zac/install/turtlesim/local/lib/python3.10/dist-packages/turtlesim/msg/_pose.py'...
[1.652s] Listing '/home/zac/ws_zac/install/turtlesim/local/lib/python3.10/dist-packages/turtlesim/srv'...
[1.652s] Compiling '/home/zac/ws_zac/install/turtlesim/local/lib/python3.10/dist-packages/turtlesim/srv/__init__.py'...
[1.652s] Compiling '/home/zac/ws_zac/install/turtlesim/local/lib/python3.10/dist-packages/turtlesim/srv/_kill.py'...
[1.652s] Compiling '/home/zac/ws_zac/install/turtlesim/local/lib/python3.10/dist-packages/turtlesim/srv/_set_pen.py'...
[1.652s] Compiling '/home/zac/ws_zac/install/turtlesim/local/lib/python3.10/dist-packages/turtlesim/srv/_spawn.py'...
[1.652s] Compiling '/home/zac/ws_zac/install/turtlesim/local/lib/python3.10/dist-packages/turtlesim/srv/_teleport_absolute.py'...
[1.652s] Compiling '/home/zac/ws_zac/install/turtlesim/local/lib/python3.10/dist-packages/turtlesim/srv/_teleport_relative.py'...
[1.655s] -- Installing: /home/zac/ws_zac/install/turtlesim/local/lib/python3.10/dist-packages/turtlesim/turtlesim_s__rosidl_typesupport_introspection_c.cpython-310-x86_64-linux-gnu.so
[1.656s] -- Set runtime path of "/home/zac/ws_zac/install/turtlesim/local/lib/python3.10/dist-packages/turtlesim/turtlesim_s__rosidl_typesupport_introspection_c.cpython-310-x86_64-linux-gnu.so" to ""
[1.656s] -- Installing: /home/zac/ws_zac/install/turtlesim/local/lib/python3.10/dist-packages/turtlesim/turtlesim_s__rosidl_typesupport_fastrtps_c.cpython-310-x86_64-linux-gnu.so
[1.656s] -- Set runtime path of "/home/zac/ws_zac/install/turtlesim/local/lib/python3.10/dist-packages/turtlesim/turtlesim_s__rosidl_typesupport_fastrtps_c.cpython-310-x86_64-linux-gnu.so" to ""
[1.657s] -- Installing: /home/zac/ws_zac/install/turtlesim/local/lib/python3.10/dist-packages/turtlesim/turtlesim_s__rosidl_typesupport_c.cpython-310-x86_64-linux-gnu.so
[1.657s] -- Set runtime path of "/home/zac/ws_zac/install/turtlesim/local/lib/python3.10/dist-packages/turtlesim/turtlesim_s__rosidl_typesupport_c.cpython-310-x86_64-linux-gnu.so" to ""
[1.657s] -- Installing: /home/zac/ws_zac/install/turtlesim/lib/libturtlesim__rosidl_generator_py.so
[1.657s] -- Set runtime path of "/home/zac/ws_zac/install/turtlesim/lib/libturtlesim__rosidl_generator_py.so" to ""
[1.657s] -- Installing: /home/zac/ws_zac/install/turtlesim/share/turtlesim/action/RotateAbsolute.idl
[1.658s] -- Installing: /home/zac/ws_zac/install/turtlesim/share/turtlesim/msg/Color.idl
[1.658s] -- Installing: /home/zac/ws_zac/install/turtlesim/share/turtlesim/msg/Pose.idl
[1.658s] -- Installing: /home/zac/ws_zac/install/turtlesim/share/turtlesim/srv/Kill.idl
[1.659s] -- Installing: /home/zac/ws_zac/install/turtlesim/share/turtlesim/srv/SetPen.idl
[1.659s] -- Installing: /home/zac/ws_zac/install/turtlesim/share/turtlesim/srv/Spawn.idl
[1.659s] -- Installing: /home/zac/ws_zac/install/turtlesim/share/turtlesim/srv/TeleportAbsolute.idl
[1.659s] -- Installing: /home/zac/ws_zac/install/turtlesim/share/turtlesim/srv/TeleportRelative.idl
[1.659s] -- Installing: /home/zac/ws_zac/install/turtlesim/share/turtlesim/action/RotateAbsolute.action
[1.660s] -- Installing: /home/zac/ws_zac/install/turtlesim/share/turtlesim/msg/Color.msg
[1.660s] -- Installing: /home/zac/ws_zac/install/turtlesim/share/turtlesim/msg/Pose.msg
[1.660s] -- Installing: /home/zac/ws_zac/install/turtlesim/share/turtlesim/srv/Kill.srv
[1.660s] -- Installing: /home/zac/ws_zac/install/turtlesim/share/turtlesim/srv/Kill_Request.msg
[1.661s] -- Installing: /home/zac/ws_zac/install/turtlesim/share/turtlesim/srv/Kill_Response.msg
[1.661s] -- Installing: /home/zac/ws_zac/install/turtlesim/share/turtlesim/srv/SetPen.srv
[1.661s] -- Installing: /home/zac/ws_zac/install/turtlesim/share/turtlesim/srv/SetPen_Request.msg
[1.661s] -- Installing: /home/zac/ws_zac/install/turtlesim/share/turtlesim/srv/SetPen_Response.msg
[1.661s] -- Installing: /home/zac/ws_zac/install/turtlesim/share/turtlesim/srv/Spawn.srv
[1.661s] -- Installing: /home/zac/ws_zac/install/turtlesim/share/turtlesim/srv/Spawn_Request.msg
[1.661s] -- Installing: /home/zac/ws_zac/install/turtlesim/share/turtlesim/srv/Spawn_Response.msg
[1.661s] -- Installing: /home/zac/ws_zac/install/turtlesim/share/turtlesim/srv/TeleportAbsolute.srv
[1.661s] -- Installing: /home/zac/ws_zac/install/turtlesim/share/turtlesim/srv/TeleportAbsolute_Request.msg
[1.661s] -- Installing: /home/zac/ws_zac/install/turtlesim/share/turtlesim/srv/TeleportAbsolute_Response.msg
[1.661s] -- Installing: /home/zac/ws_zac/install/turtlesim/share/turtlesim/srv/TeleportRelative.srv
[1.661s] -- Installing: /home/zac/ws_zac/install/turtlesim/share/turtlesim/srv/TeleportRelative_Request.msg
[1.661s] -- Installing: /home/zac/ws_zac/install/turtlesim/share/turtlesim/srv/TeleportRelative_Response.msg
[1.661s] -- Installing: /home/zac/ws_zac/install/turtlesim/lib/turtlesim/turtlesim_node
[1.667s] -- Set runtime path of "/home/zac/ws_zac/install/turtlesim/lib/turtlesim/turtlesim_node" to ""
[1.667s] -- Installing: /home/zac/ws_zac/install/turtlesim/lib/turtlesim/turtle_teleop_key
[1.668s] -- Set runtime path of "/home/zac/ws_zac/install/turtlesim/lib/turtlesim/turtle_teleop_key" to ""
[1.668s] -- Installing: /home/zac/ws_zac/install/turtlesim/lib/turtlesim/draw_square
[1.671s] -- Set runtime path of "/home/zac/ws_zac/install/turtlesim/lib/turtlesim/draw_square" to ""
[1.671s] -- Installing: /home/zac/ws_zac/install/turtlesim/lib/turtlesim/mimic
[1.673s] -- Set runtime path of "/home/zac/ws_zac/install/turtlesim/lib/turtlesim/mimic" to ""
[1.673s] -- Installing: /home/zac/ws_zac/install/turtlesim/share/turtlesim/images
[1.674s] -- Installing: /home/zac/ws_zac/install/turtlesim/share/turtlesim/images/bouncy.png
[1.674s] -- Installing: /home/zac/ws_zac/install/turtlesim/share/turtlesim/images/humble.png
[1.674s] -- Installing: /home/zac/ws_zac/install/turtlesim/share/turtlesim/images/dashing.png
[1.675s] -- Installing: /home/zac/ws_zac/install/turtlesim/share/turtlesim/images/ardent.png
[1.675s] -- Installing: /home/zac/ws_zac/install/turtlesim/share/turtlesim/images/crystal.png
[1.675s] -- Installing: /home/zac/ws_zac/install/turtlesim/share/turtlesim/images/rolling.png
[1.675s] -- Installing: /home/zac/ws_zac/install/turtlesim/share/turtlesim/images/foxy.png
[1.675s] -- Installing: /home/zac/ws_zac/install/turtlesim/share/turtlesim/images/eloquent.png
[1.675s] -- Installing: /home/zac/ws_zac/install/turtlesim/share/turtlesim/images/galactic.png
[1.676s] -- Installing: /home/zac/ws_zac/install/turtlesim/share/turtlesim/launch
[1.676s] -- Installing: /home/zac/ws_zac/install/turtlesim/share/turtlesim/launch/multisim.launch.py
[1.676s] -- Installing: /home/zac/ws_zac/install/turtlesim/share/ament_index/resource_index/package_run_dependencies/turtlesim
[1.676s] -- Installing: /home/zac/ws_zac/install/turtlesim/share/ament_index/resource_index/parent_prefix_path/turtlesim
[1.676s] -- Installing: /home/zac/ws_zac/install/turtlesim/share/turtlesim/environment/ament_prefix_path.sh
[1.676s] -- Installing: /home/zac/ws_zac/install/turtlesim/share/turtlesim/environment/ament_prefix_path.dsv
[1.677s] -- Installing: /home/zac/ws_zac/install/turtlesim/share/turtlesim/environment/path.sh
[1.677s] -- Installing: /home/zac/ws_zac/install/turtlesim/share/turtlesim/environment/path.dsv
[1.677s] -- Installing: /home/zac/ws_zac/install/turtlesim/share/turtlesim/local_setup.bash
[1.677s] -- Installing: /home/zac/ws_zac/install/turtlesim/share/turtlesim/local_setup.sh
[1.677s] -- Installing: /home/zac/ws_zac/install/turtlesim/share/turtlesim/local_setup.zsh
[1.678s] -- Installing: /home/zac/ws_zac/install/turtlesim/share/turtlesim/local_setup.dsv
[1.678s] -- Installing: /home/zac/ws_zac/install/turtlesim/share/turtlesim/package.dsv
[1.678s] -- Installing: /home/zac/ws_zac/install/turtlesim/share/ament_index/resource_index/packages/turtlesim
[1.678s] -- Installing: /home/zac/ws_zac/install/turtlesim/share/turtlesim/cmake/export_turtlesim__rosidl_generator_cExport.cmake
[1.678s] -- Installing: /home/zac/ws_zac/install/turtlesim/share/turtlesim/cmake/export_turtlesim__rosidl_generator_cExport-noconfig.cmake
[1.678s] -- Installing: /home/zac/ws_zac/install/turtlesim/share/turtlesim/cmake/export_turtlesim__rosidl_typesupport_fastrtps_cExport.cmake
[1.678s] -- Installing: /home/zac/ws_zac/install/turtlesim/share/turtlesim/cmake/export_turtlesim__rosidl_typesupport_fastrtps_cExport-noconfig.cmake
[1.679s] -- Installing: /home/zac/ws_zac/install/turtlesim/share/turtlesim/cmake/export_turtlesim__rosidl_generator_cppExport.cmake
[1.679s] -- Installing: /home/zac/ws_zac/install/turtlesim/share/turtlesim/cmake/export_turtlesim__rosidl_typesupport_fastrtps_cppExport.cmake
[1.679s] -- Installing: /home/zac/ws_zac/install/turtlesim/share/turtlesim/cmake/export_turtlesim__rosidl_typesupport_fastrtps_cppExport-noconfig.cmake
[1.679s] -- Installing: /home/zac/ws_zac/install/turtlesim/share/turtlesim/cmake/turtlesim__rosidl_typesupport_introspection_cExport.cmake
[1.680s] -- Installing: /home/zac/ws_zac/install/turtlesim/share/turtlesim/cmake/turtlesim__rosidl_typesupport_introspection_cExport-noconfig.cmake
[1.680s] -- Installing: /home/zac/ws_zac/install/turtlesim/share/turtlesim/cmake/turtlesim__rosidl_typesupport_cExport.cmake
[1.680s] -- Installing: /home/zac/ws_zac/install/turtlesim/share/turtlesim/cmake/turtlesim__rosidl_typesupport_cExport-noconfig.cmake
[1.680s] -- Installing: /home/zac/ws_zac/install/turtlesim/share/turtlesim/cmake/turtlesim__rosidl_typesupport_introspection_cppExport.cmake
[1.680s] -- Installing: /home/zac/ws_zac/install/turtlesim/share/turtlesim/cmake/turtlesim__rosidl_typesupport_introspection_cppExport-noconfig.cmake
[1.681s] -- Installing: /home/zac/ws_zac/install/turtlesim/share/turtlesim/cmake/turtlesim__rosidl_typesupport_cppExport.cmake
[1.681s] -- Installing: /home/zac/ws_zac/install/turtlesim/share/turtlesim/cmake/turtlesim__rosidl_typesupport_cppExport-noconfig.cmake
[1.681s] -- Installing: /home/zac/ws_zac/install/turtlesim/share/turtlesim/cmake/export_turtlesim__rosidl_generator_pyExport.cmake
[1.681s] -- Installing: /home/zac/ws_zac/install/turtlesim/share/turtlesim/cmake/export_turtlesim__rosidl_generator_pyExport-noconfig.cmake
[1.681s] -- Installing: /home/zac/ws_zac/install/turtlesim/share/turtlesim/cmake/rosidl_cmake-extras.cmake
[1.682s] -- Installing: /home/zac/ws_zac/install/turtlesim/share/turtlesim/cmake/ament_cmake_export_dependencies-extras.cmake
[1.682s] -- Installing: /home/zac/ws_zac/install/turtlesim/share/turtlesim/cmake/ament_cmake_export_include_directories-extras.cmake
[1.682s] -- Installing: /home/zac/ws_zac/install/turtlesim/share/turtlesim/cmake/ament_cmake_export_libraries-extras.cmake
[1.682s] -- Installing: /home/zac/ws_zac/install/turtlesim/share/turtlesim/cmake/ament_cmake_export_targets-extras.cmake
[1.682s] -- Installing: /home/zac/ws_zac/install/turtlesim/share/turtlesim/cmake/rosidl_cmake_export_typesupport_targets-extras.cmake
[1.682s] -- Installing: /home/zac/ws_zac/install/turtlesim/share/turtlesim/cmake/rosidl_cmake_export_typesupport_libraries-extras.cmake
[1.682s] -- Installing: /home/zac/ws_zac/install/turtlesim/share/turtlesim/cmake/turtlesimConfig.cmake
[1.683s] -- Installing: /home/zac/ws_zac/install/turtlesim/share/turtlesim/cmake/turtlesimConfig-version.cmake
[1.683s] -- Installing: /home/zac/ws_zac/install/turtlesim/share/turtlesim/package.xml
[1.687s] Invoked command in '/home/zac/ws_zac/build/turtlesim' returned '0': CMAKE_PREFIX_PATH=${CMAKE_PREFIX_PATH}:/home/zac/ws_moveit2/install/moveit_configs_utils:/home/zac/ws_moveit2/install/launch_param_builder:/home/zac/ros2_humble/install/rqt_bag_plugins:/home/zac/ros2_humble/install/rqt_bag:/home/zac/ros2_humble/install/ros2bag:/home/zac/ros2_humble/install/tracetools_test:/home/zac/ros2_humble/install/tracetools_launch:/home/zac/ros2_humble/install/topic_monitor:/home/zac/ros2_humble/install/tf2_tools:/home/zac/ros2_humble/install/examples_tf2_py:/home/zac/ros2_humble/install/tf2_ros_py:/home/zac/ros2_humble/install/sros2:/home/zac/ros2_humble/install/rqt_topic:/home/zac/ros2_humble/install/rqt_srv:/home/zac/ros2_humble/install/rqt_shell:/home/zac/ros2_humble/install/rqt_service_caller:/home/zac/ros2_humble/install/rqt_reconfigure:/home/zac/ros2_humble/install/rqt_py_console:/home/zac/ros2_humble/install/rqt_publisher:/home/zac/ros2_humble/install/rqt_plot:/home/zac/ros2_humble/install/rqt_action:/home/zac/ros2_humble/install/rqt_msg:/home/zac/ros2_humble/install/rqt_console:/home/zac/ros2_humble/install/rqt:/home/zac/ros2_humble/install/rqt_graph:/home/zac/ros2_humble/install/rqt_gui_py:/home/zac/ros2_humble/install/rqt_gui:/home/zac/ros2_humble/install/ros2trace:/home/zac/ros2_humble/install/ros2topic:/home/zac/ros2_humble/install/ros2test:/home/zac/ros2_humble/install/ros2component:/home/zac/ros2_humble/install/ros2param:/home/zac/ros2_humble/install/ros2lifecycle:/home/zac/ros2_humble/install/ros2service:/home/zac/ros2_humble/install/ros2run:/home/zac/ros2_humble/install/ros2launch:/home/zac/ros2_humble/install/ros2pkg:/home/zac/ros2_humble/install/ros2node:/home/zac/ros2_humble/install/ros2multicast:/home/zac/ros2_humble/install/ros2interface:/home/zac/ros2_humble/install/ros2doctor:/home/zac/ros2_humble/install/ros2action:/home/zac/ros2_humble/install/ros2cli:/home/zac/ros2_humble/install/quality_of_service_demo_py:/home/zac/ros2_humble/install/lifecycle_py:/home/zac/ros2_humble/install/launch_testing_ros:/home/zac/ros2_humble/install/launch_ros:/home/zac/ros2_humble/install/examples_rclpy_pointcloud_publisher:/home/zac/ros2_humble/install/examples_rclpy_minimal_subscriber:/home/zac/ros2_humble/install/examples_rclpy_minimal_service:/home/zac/ros2_humble/install/examples_rclpy_minimal_publisher:/home/zac/ros2_humble/install/examples_rclpy_minimal_client:/home/zac/ros2_humble/install/examples_rclpy_minimal_action_server:/home/zac/ros2_humble/install/examples_rclpy_minimal_action_client:/home/zac/ros2_humble/install/examples_rclpy_guard_conditions:/home/zac/ros2_humble/install/examples_rclpy_executors:/home/zac/ros2_humble/install/demo_nodes_py:/home/zac/ros2_humble/install/action_tutorials_py:/home/zac/ros2_humble/install/ament_uncrustify:/home/zac/ros2_humble/install/tracetools_trace:/home/zac/ros2_humble/install/tracetools_read:/home/zac/ros2_humble/install/test_tracetools_launch:/home/zac/ros2_humble/install/test_launch_ros:/home/zac/ros2_humble/install/sensor_msgs_py:/home/zac/ros2_humble/install/rpyutils:/home/zac/ros2_humble/install/rosidl_runtime_py:/home/zac/ros2_humble/install/rosidl_cli:/home/zac/ros2_humble/install/launch_pytest:/home/zac/ros2_humble/install/launch_testing:/home/zac/ros2_humble/install/launch_yaml:/home/zac/ros2_humble/install/launch_xml:/home/zac/ros2_humble/install/launch:/home/zac/ros2_humble/install/osrf_pycommon:/home/zac/ros2_humble/install/launch_testing_examples:/home/zac/ros2_humble/install/domain_coordinator:/home/zac/ros2_humble/install/ament_xmllint:/home/zac/ros2_humble/install/ament_pyflakes:/home/zac/ros2_humble/install/ament_pycodestyle:/home/zac/ros2_humble/install/ament_pep257:/home/zac/ros2_humble/install/ament_pclint:/home/zac/ros2_humble/install/ament_package:/home/zac/ros2_humble/install/ament_mypy:/home/zac/ros2_humble/install/ament_lint_cmake:/home/zac/ros2_humble/install/ament_flake8:/home/zac/ros2_humble/install/ament_copyright:/home/zac/ros2_humble/install/ament_lint:/home/zac/ros2_humble/install/ament_index_python:/home/zac/ros2_humble/install/ament_cpplint:/home/zac/ros2_humble/install/ament_cppcheck:/home/zac/ros2_humble/install/ament_clang_tidy:/home/zac/ros2_humble/install/ament_clang_format:/opt/ros/humble /usr/bin/cmake --install /home/zac/ws_zac/build/turtlesim
