[0.136s] Invoking command in '/home/zac/ws_zac/build/turtlesim': CMAKE_PREFIX_PATH=${CMAKE_PREFIX_PATH}:/home/zac/ws_moveit2/install/moveit_configs_utils:/home/zac/ws_moveit2/install/launch_param_builder:/home/zac/ros2_humble/install/rqt_bag_plugins:/home/zac/ros2_humble/install/rqt_bag:/home/zac/ros2_humble/install/ros2bag:/home/zac/ros2_humble/install/tracetools_test:/home/zac/ros2_humble/install/tracetools_launch:/home/zac/ros2_humble/install/topic_monitor:/home/zac/ros2_humble/install/tf2_tools:/home/zac/ros2_humble/install/examples_tf2_py:/home/zac/ros2_humble/install/tf2_ros_py:/home/zac/ros2_humble/install/sros2:/home/zac/ros2_humble/install/rqt_topic:/home/zac/ros2_humble/install/rqt_srv:/home/zac/ros2_humble/install/rqt_shell:/home/zac/ros2_humble/install/rqt_service_caller:/home/zac/ros2_humble/install/rqt_reconfigure:/home/zac/ros2_humble/install/rqt_py_console:/home/zac/ros2_humble/install/rqt_publisher:/home/zac/ros2_humble/install/rqt_plot:/home/zac/ros2_humble/install/rqt_action:/home/zac/ros2_humble/install/rqt_msg:/home/zac/ros2_humble/install/rqt_console:/home/zac/ros2_humble/install/rqt:/home/zac/ros2_humble/install/rqt_graph:/home/zac/ros2_humble/install/rqt_gui_py:/home/zac/ros2_humble/install/rqt_gui:/home/zac/ros2_humble/install/ros2trace:/home/zac/ros2_humble/install/ros2topic:/home/zac/ros2_humble/install/ros2test:/home/zac/ros2_humble/install/ros2component:/home/zac/ros2_humble/install/ros2param:/home/zac/ros2_humble/install/ros2lifecycle:/home/zac/ros2_humble/install/ros2service:/home/zac/ros2_humble/install/ros2run:/home/zac/ros2_humble/install/ros2launch:/home/zac/ros2_humble/install/ros2pkg:/home/zac/ros2_humble/install/ros2node:/home/zac/ros2_humble/install/ros2multicast:/home/zac/ros2_humble/install/ros2interface:/home/zac/ros2_humble/install/ros2doctor:/home/zac/ros2_humble/install/ros2action:/home/zac/ros2_humble/install/ros2cli:/home/zac/ros2_humble/install/quality_of_service_demo_py:/home/zac/ros2_humble/install/lifecycle_py:/home/zac/ros2_humble/install/launch_testing_ros:/home/zac/ros2_humble/install/launch_ros:/home/zac/ros2_humble/install/examples_rclpy_pointcloud_publisher:/home/zac/ros2_humble/install/examples_rclpy_minimal_subscriber:/home/zac/ros2_humble/install/examples_rclpy_minimal_service:/home/zac/ros2_humble/install/examples_rclpy_minimal_publisher:/home/zac/ros2_humble/install/examples_rclpy_minimal_client:/home/zac/ros2_humble/install/examples_rclpy_minimal_action_server:/home/zac/ros2_humble/install/examples_rclpy_minimal_action_client:/home/zac/ros2_humble/install/examples_rclpy_guard_conditions:/home/zac/ros2_humble/install/examples_rclpy_executors:/home/zac/ros2_humble/install/demo_nodes_py:/home/zac/ros2_humble/install/action_tutorials_py:/home/zac/ros2_humble/install/ament_uncrustify:/home/zac/ros2_humble/install/tracetools_trace:/home/zac/ros2_humble/install/tracetools_read:/home/zac/ros2_humble/install/test_tracetools_launch:/home/zac/ros2_humble/install/test_launch_ros:/home/zac/ros2_humble/install/sensor_msgs_py:/home/zac/ros2_humble/install/rpyutils:/home/zac/ros2_humble/install/rosidl_runtime_py:/home/zac/ros2_humble/install/rosidl_cli:/home/zac/ros2_humble/install/launch_pytest:/home/zac/ros2_humble/install/launch_testing:/home/zac/ros2_humble/install/launch_yaml:/home/zac/ros2_humble/install/launch_xml:/home/zac/ros2_humble/install/launch:/home/zac/ros2_humble/install/osrf_pycommon:/home/zac/ros2_humble/install/launch_testing_examples:/home/zac/ros2_humble/install/domain_coordinator:/home/zac/ros2_humble/install/ament_xmllint:/home/zac/ros2_humble/install/ament_pyflakes:/home/zac/ros2_humble/install/ament_pycodestyle:/home/zac/ros2_humble/install/ament_pep257:/home/zac/ros2_humble/install/ament_pclint:/home/zac/ros2_humble/install/ament_package:/home/zac/ros2_humble/install/ament_mypy:/home/zac/ros2_humble/install/ament_lint_cmake:/home/zac/ros2_humble/install/ament_flake8:/home/zac/ros2_humble/install/ament_copyright:/home/zac/ros2_humble/install/ament_lint:/home/zac/ros2_humble/install/ament_index_python:/home/zac/ros2_humble/install/ament_cpplint:/home/zac/ros2_humble/install/ament_cppcheck:/home/zac/ros2_humble/install/ament_clang_tidy:/home/zac/ros2_humble/install/ament_clang_format:/opt/ros/humble /usr/bin/cmake /home/zac/ws_zac/src/ros_tutorials/turtlesim -DCMAKE_INSTALL_PREFIX=/home/zac/ws_zac/install/turtlesim
[0.500s] -- The C compiler identification is GNU 11.3.0
[2.116s] -- The CXX compiler identification is GNU 11.3.0
[3.298s] -- Detecting C compiler ABI info
[3.582s] -- Detecting C compiler ABI info - done
[3.592s] -- Check for working C compiler: /usr/bin/cc - skipped
[3.592s] -- Detecting C compile features
[3.592s] -- Detecting C compile features - done
[3.597s] -- Detecting CXX compiler ABI info
[3.926s] -- Detecting CXX compiler ABI info - done
[3.938s] -- Check for working CXX compiler: /usr/bin/c++ - skipped
[3.939s] -- Detecting CXX compile features
[3.939s] -- Detecting CXX compile features - done
[3.957s] -- Found ament_cmake: 1.3.4 (/home/zac/ros2_humble/install/ament_cmake/share/ament_cmake/cmake)
[4.636s] -- Found Python3: /usr/bin/python3.10 (found version "3.10.6") found components: Interpreter 
[5.095s] -- Found ament_index_cpp: 1.4.0 (/home/zac/ros2_humble/install/ament_index_cpp/share/ament_index_cpp/cmake)
[5.107s] -- Found geometry_msgs: 4.2.3 (/home/zac/ros2_humble/install/geometry_msgs/share/geometry_msgs/cmake)
[5.783s] -- Found rosidl_generator_c: 3.1.4 (/home/zac/ros2_humble/install/rosidl_generator_c/share/rosidl_generator_c/cmake)
[5.811s] -- Found rosidl_adapter: 3.1.4 (/home/zac/ros2_humble/install/rosidl_adapter/share/rosidl_adapter/cmake)
[5.855s] -- Found rosidl_generator_cpp: 3.1.4 (/home/zac/ros2_humble/install/rosidl_generator_cpp/share/rosidl_generator_cpp/cmake)
[5.931s] -- Using all available rosidl_typesupport_c: rosidl_typesupport_introspection_c;rosidl_typesupport_fastrtps_c
[6.031s] -- Using all available rosidl_typesupport_cpp: rosidl_typesupport_introspection_cpp;rosidl_typesupport_fastrtps_cpp
[6.482s] -- Found rclcpp: 16.0.4 (/home/zac/ros2_humble/install/rclcpp/share/rclcpp/cmake)
[6.669s] -- Found rmw_implementation_cmake: 6.1.1 (/home/zac/ros2_humble/install/rmw_implementation_cmake/share/rmw_implementation_cmake/cmake)
[6.720s] -- Found rmw_cyclonedds_cpp: 1.3.4 (/home/zac/ros2_humble/install/rmw_cyclonedds_cpp/share/rmw_cyclonedds_cpp/cmake)
[6.873s] -- Using RMW implementation 'rmw_cyclonedds_cpp' as default
[6.930s] -- Looking for pthread.h
[7.257s] -- Looking for pthread.h - found
[7.257s] -- Performing Test CMAKE_HAVE_LIBC_PTHREAD
[7.580s] -- Performing Test CMAKE_HAVE_LIBC_PTHREAD - Success
[7.581s] -- Found Threads: TRUE  
[7.802s] -- Found rclcpp_action: 16.0.4 (/home/zac/ros2_humble/install/rclcpp_action/share/rclcpp_action/cmake)
[7.947s] -- Found rosidl_default_generators: 1.2.0 (/home/zac/ros2_humble/install/rosidl_default_generators/share/rosidl_default_generators/cmake)
[8.092s] -- Found std_srvs: 4.2.3 (/home/zac/ros2_humble/install/std_srvs/share/std_srvs/cmake)
[8.897s] -- Found ament_cmake_ros: 0.10.0 (/home/zac/ros2_humble/install/ament_cmake_ros/share/ament_cmake_ros/cmake)
[9.663s] -- Using all available rosidl_typesupport_c: rosidl_typesupport_introspection_c;rosidl_typesupport_fastrtps_c
[9.964s] -- Using all available rosidl_typesupport_cpp: rosidl_typesupport_introspection_cpp;rosidl_typesupport_fastrtps_cpp
[10.252s] -- Found PythonInterp: /usr/bin/python3 (found suitable version "3.10.6", minimum required is "3.6") 
[10.264s] -- Found python_cmake_module: 0.10.0 (/home/zac/ros2_humble/install/python_cmake_module/share/python_cmake_module/cmake)
[11.077s] -- Found PythonLibs: /usr/lib/x86_64-linux-gnu/libpython3.10.so (found suitable version "3.10.6", minimum required is "3.5") 
[11.077s] -- Using PYTHON_EXECUTABLE: /usr/bin/python3
[11.077s] -- Using PYTHON_INCLUDE_DIRS: /usr/include/python3.10
[11.077s] -- Using PYTHON_LIBRARIES: /usr/lib/x86_64-linux-gnu/libpython3.10.so
[11.130s] -- Found PythonExtra: .so  
[12.195s] -- Configuring done
[12.270s] -- Generating done
[12.273s] -- Build files have been written to: /home/zac/ws_zac/build/turtlesim
